[ 2016-01-20T10:17:46+08:00 ] 127.0.0.1 /common/login.html
INFO: [ app_begin ] --START--
INFO: Run Behavior\ReadHtmlCacheBehavior [ RunTime:0.000000s ]
INFO: [ app_begin ] --END-- [ RunTime:0.001000s ]
SQL: SHOW COLUMNS FROM `otc_user` [ RunTime:0.0470s ]
SQL: SELECT * FROM `otc_user` WHERE ( email = 'zb@zb.com' and password = 'e10adc3949ba59abbe56e057f20f883e' and status = 1 ) LIMIT 1   [ RunTime:0.0250s ]
SQL: SELECT * FROM `otc_user` WHERE `email` = 'zb@zb.com' LIMIT 1   [ RunTime:0.0220s ]

[ 2016-01-20T10:17:48+08:00 ] 127.0.0.1 /Admin/Access/getUserNodeList?_dc=1453256268596&page=1&start=0&limit=25
INFO: [ app_begin ] --START--
INFO: Run Behavior\ReadHtmlCacheBehavior [ RunTime:0.000000s ]
INFO: [ app_begin ] --END-- [ RunTime:0.001000s ]
SQL: SHOW COLUMNS FROM `otc_user` [ RunTime:0.0110s ]
SQL: SHOW COLUMNS FROM `otc_auth_access` [ RunTime:0.0100s ]
SQL: SELECT `role_id` FROM `otc_auth_access` WHERE ( uid = 1 )  [ RunTime:0.0030s ]
SQL: SHOW COLUMNS FROM `otc_auth_role_node` [ RunTime:0.0100s ]
SQL: SHOW COLUMNS FROM `otc_auth_role_node` [ RunTime:0.0130s ]
SQL: SELECT DISTINCT r.node_id,n.name,n.pid,n.module,n.iconCls,n.group,n.url FROM otc_auth_role_node as r INNER JOIN otc_auth_node as n on n.id = r.node_id  WHERE r.role_id IN ('65','73','70','69','68','67','66') AND n.type = 1 ORDER BY n.sort asc, n.id desc  [ RunTime:0.0100s ]

[ 2016-01-20T10:49:35+08:00 ] 127.0.0.1 /admin/claim/claimRecord?cod_cl_id=34
ERR: 无法加载控制器:Claim

[ 2016-01-20T14:27:44+08:00 ] 127.0.0.1 /admin/claims/releaseClaims?id=36
ERR: 1054:Unknown column 'b.cod_is_delete' in 'where clause'
 [ SQL语句 ] : SELECT * FROM otc_cl_mast a INNER JOIN otc_cf_mast on a.cf_mast_id=b.id  WHERE a.id = 36 AND b.cod_is_delete = '0' 

[ 2016-01-20T14:30:23+08:00 ] 127.0.0.1 /admin/claims/releaseClaims?id=35
ERR: 1146:Table 'tjotc.__cf_mast__' doesn't exist
 [ SQL语句 ] : SELECT * FROM otc_cl_mast a INNER JOIN __cf_mast__ b on a.cf_mast_id=b.id  WHERE a.id = 0 AND b.cod_is_delete = '0' 

