[ 2016-01-22T10:41:05+08:00 ] 127.0.0.1 /common/login.html
INFO: [ app_begin ] --START--
INFO: Run Behavior\ReadHtmlCacheBehavior [ RunTime:0.000000s ]
INFO: [ app_begin ] --END-- [ RunTime:0.000000s ]
SQL: SHOW COLUMNS FROM `otc_user` [ RunTime:0.0100s ]
SQL: SELECT * FROM `otc_user` WHERE ( email = 'zb@zb.com' and password = 'e10adc3949ba59abbe56e057f20f883e' and status = 1 ) LIMIT 1   [ RunTime:0.0030s ]
SQL: SELECT * FROM `otc_user` WHERE `email` = 'zb@zb.com' LIMIT 1   [ RunTime:0.0030s ]

[ 2016-01-22T10:41:07+08:00 ] 127.0.0.1 /Admin/Access/getUserNodeList?_dc=1453430466753&page=1&start=0&limit=25
INFO: [ app_begin ] --START--
INFO: Run Behavior\ReadHtmlCacheBehavior [ RunTime:0.000000s ]
INFO: [ app_begin ] --END-- [ RunTime:0.000000s ]
SQL: SHOW COLUMNS FROM `otc_user` [ RunTime:0.1130s ]
SQL: SHOW COLUMNS FROM `otc_auth_access` [ RunTime:0.0870s ]
SQL: SELECT `role_id` FROM `otc_auth_access` WHERE ( uid = 1 )  [ RunTime:0.0660s ]
SQL: SHOW COLUMNS FROM `otc_auth_role_node` [ RunTime:0.0490s ]
SQL: SHOW COLUMNS FROM `otc_auth_role_node` [ RunTime:0.0270s ]
SQL: SELECT DISTINCT r.node_id,n.name,n.pid,n.module,n.iconCls,n.group,n.url FROM otc_auth_role_node as r INNER JOIN otc_auth_node as n on n.id = r.node_id  WHERE r.role_id IN ('65','73','70','69','68','67','66') AND n.type = 1 ORDER BY n.sort asc, n.id desc  [ RunTime:0.0130s ]

[ 2016-01-22T13:54:01+08:00 ] 127.0.0.1 /Admin/Access/getUserNodeList?_dc=1453442041208&page=1&start=0&limit=25
INFO: [ app_begin ] --START--
INFO: Run Behavior\ReadHtmlCacheBehavior [ RunTime:0.000000s ]
INFO: [ app_begin ] --END-- [ RunTime:0.000000s ]
SQL: SHOW COLUMNS FROM `otc_user` [ RunTime:0.0110s ]
SQL: SHOW COLUMNS FROM `otc_auth_access` [ RunTime:0.0100s ]
SQL: SELECT `role_id` FROM `otc_auth_access` WHERE ( uid = 1 )  [ RunTime:0.0020s ]
SQL: SHOW COLUMNS FROM `otc_auth_role_node` [ RunTime:0.0100s ]
SQL: SHOW COLUMNS FROM `otc_auth_role_node` [ RunTime:0.0170s ]
SQL: SELECT DISTINCT r.node_id,n.name,n.pid,n.module,n.iconCls,n.group,n.url FROM otc_auth_role_node as r INNER JOIN otc_auth_node as n on n.id = r.node_id  WHERE r.role_id IN ('65','73','70','69','68','67','66') AND n.type = 1 ORDER BY n.sort asc, n.id desc  [ RunTime:0.0070s ]

[ 2016-01-22T13:54:07+08:00 ] 127.0.0.1 /index/process-pinfen-icon-win
ERR: 非法操作:process-pinfen-icon-win

[ 2016-01-22T13:54:07+08:00 ] 127.0.0.1 /admin/claims/getClaimsReleaseList?_dc=1453442047860
INFO: [ app_begin ] --START--
INFO: Run Behavior\ReadHtmlCacheBehavior [ RunTime:0.000000s ]
INFO: [ app_begin ] --END-- [ RunTime:0.001000s ]
SQL: SHOW COLUMNS FROM `otc_user` [ RunTime:0.0120s ]
SQL: SHOW COLUMNS FROM `otc_auth_access` [ RunTime:0.0100s ]
SQL: SELECT `role_id` FROM `otc_auth_access` WHERE ( uid = 1 )  [ RunTime:0.0010s ]
SQL: SHOW COLUMNS FROM `otc_auth_role_permission` [ RunTime:0.0090s ]
SQL: SHOW COLUMNS FROM `otc_auth_role_permission` [ RunTime:0.0100s ]
SQL: SELECT DISTINCT r.permission_id,n.permission_name,lower(n.`permission_code`) as permission_code FROM otc_auth_role_permission as r INNER JOIN otc_auth_permission as n on n.permission_id = r.permission_id  WHERE r.role_id IN ('65','73','70','69','68','67','66')  [ RunTime:0.0070s ]
SQL: SHOW COLUMNS FROM `otc_cl_mast` [ RunTime:0.0080s ]
SQL: SHOW COLUMNS FROM `otc_cl_mast` [ RunTime:0.0090s ]
SQL: SELECT COUNT(*) AS tp_count FROM otc_cl_mast as d WHERE `validflag` = 1 AND `status` = 2 LIMIT 1   [ RunTime:0.0020s ]
SQL: SHOW COLUMNS FROM `otc_cl_mast` [ RunTime:0.0080s ]
SQL: SELECT d.* FROM otc_cl_mast as d WHERE `validflag` = 1 AND `status` = 2 ORDER BY id desc  [ RunTime:0.0020s ]

[ 2016-01-22T13:54:44+08:00 ] 127.0.0.1 /admin/claims/getClaimsReleaseList?_dc=1453442084012
INFO: [ app_begin ] --START--
INFO: Run Behavior\ReadHtmlCacheBehavior [ RunTime:0.000000s ]
INFO: [ app_begin ] --END-- [ RunTime:0.001000s ]
SQL: SHOW COLUMNS FROM `otc_user` [ RunTime:0.0110s ]
SQL: SHOW COLUMNS FROM `otc_auth_access` [ RunTime:0.0100s ]
SQL: SELECT `role_id` FROM `otc_auth_access` WHERE ( uid = 1 )  [ RunTime:0.0010s ]
SQL: SHOW COLUMNS FROM `otc_auth_role_permission` [ RunTime:0.0090s ]
SQL: SHOW COLUMNS FROM `otc_auth_role_permission` [ RunTime:0.0070s ]
SQL: SELECT DISTINCT r.permission_id,n.permission_name,lower(n.`permission_code`) as permission_code FROM otc_auth_role_permission as r INNER JOIN otc_auth_permission as n on n.permission_id = r.permission_id  WHERE r.role_id IN ('65','73','70','69','68','67','66')  [ RunTime:0.0050s ]
SQL: SHOW COLUMNS FROM `otc_cl_mast` [ RunTime:0.0060s ]
SQL: SHOW COLUMNS FROM `otc_cl_mast` [ RunTime:0.0060s ]
SQL: SELECT COUNT(*) AS tp_count FROM otc_cl_mast as d WHERE `validflag` = 1 AND `status` = 2 LIMIT 1   [ RunTime:0.0010s ]
SQL: SHOW COLUMNS FROM `otc_cl_mast` [ RunTime:0.0060s ]
SQL: SELECT d.* FROM otc_cl_mast as d WHERE `validflag` = 1 AND `status` = 2 ORDER BY id desc  [ RunTime:0.0020s ]

[ 2016-01-22T13:55:08+08:00 ] 127.0.0.1 /index/process-pinfen-icon-win
ERR: 非法操作:process-pinfen-icon-win

[ 2016-01-22T13:55:08+08:00 ] 127.0.0.1 /admin/claims/getClaimsReleaseList?_dc=1453442108329
INFO: [ app_begin ] --START--
INFO: Run Behavior\ReadHtmlCacheBehavior [ RunTime:0.001000s ]
INFO: [ app_begin ] --END-- [ RunTime:0.001000s ]
SQL: SHOW COLUMNS FROM `otc_user` [ RunTime:0.0110s ]
SQL: SHOW COLUMNS FROM `otc_auth_access` [ RunTime:0.0100s ]
SQL: SELECT `role_id` FROM `otc_auth_access` WHERE ( uid = 1 )  [ RunTime:0.0020s ]
SQL: SHOW COLUMNS FROM `otc_auth_role_permission` [ RunTime:0.0160s ]
SQL: SHOW COLUMNS FROM `otc_auth_role_permission` [ RunTime:0.0150s ]
SQL: SELECT DISTINCT r.permission_id,n.permission_name,lower(n.`permission_code`) as permission_code FROM otc_auth_role_permission as r INNER JOIN otc_auth_permission as n on n.permission_id = r.permission_id  WHERE r.role_id IN ('65','73','70','69','68','67','66')  [ RunTime:0.0310s ]
SQL: SHOW COLUMNS FROM `otc_cl_mast` [ RunTime:0.0130s ]
SQL: SHOW COLUMNS FROM `otc_cl_mast` [ RunTime:0.0120s ]
SQL: SELECT COUNT(*) AS tp_count FROM otc_cl_mast as d WHERE `validflag` = 1 AND `status` = 2 LIMIT 1   [ RunTime:0.0030s ]
SQL: SHOW COLUMNS FROM `otc_cl_mast` [ RunTime:0.0120s ]
SQL: SELECT d.* FROM otc_cl_mast as d WHERE `validflag` = 1 AND `status` = 2 ORDER BY id desc  [ RunTime:0.0060s ]

[ 2016-01-22T13:55:12+08:00 ] 127.0.0.1 /index/process-huishou-icon-win
ERR: 非法操作:process-huishou-icon-win

[ 2016-01-22T13:55:13+08:00 ] 127.0.0.1 /admin/claims/getClaimsReleaseList?_dc=1453442112899
INFO: [ app_begin ] --START--
INFO: Run Behavior\ReadHtmlCacheBehavior [ RunTime:0.000000s ]
INFO: [ app_begin ] --END-- [ RunTime:0.001000s ]
SQL: SHOW COLUMNS FROM `otc_user` [ RunTime:0.0100s ]
SQL: SHOW COLUMNS FROM `otc_auth_access` [ RunTime:0.0100s ]
SQL: SELECT `role_id` FROM `otc_auth_access` WHERE ( uid = 1 )  [ RunTime:0.0010s ]
SQL: SHOW COLUMNS FROM `otc_auth_role_permission` [ RunTime:0.0100s ]
SQL: SHOW COLUMNS FROM `otc_auth_role_permission` [ RunTime:0.0100s ]
SQL: SELECT DISTINCT r.permission_id,n.permission_name,lower(n.`permission_code`) as permission_code FROM otc_auth_role_permission as r INNER JOIN otc_auth_permission as n on n.permission_id = r.permission_id  WHERE r.role_id IN ('65','73','70','69','68','67','66')  [ RunTime:0.0060s ]
SQL: SHOW COLUMNS FROM `otc_cl_mast` [ RunTime:0.0070s ]
SQL: SHOW COLUMNS FROM `otc_cl_mast` [ RunTime:0.0080s ]
SQL: SELECT COUNT(*) AS tp_count FROM otc_cl_mast as d WHERE `validflag` = 1 AND `status` = 2 LIMIT 1   [ RunTime:0.0010s ]
SQL: SHOW COLUMNS FROM `otc_cl_mast` [ RunTime:0.0070s ]
SQL: SELECT d.* FROM otc_cl_mast as d WHERE `validflag` = 1 AND `status` = 2 ORDER BY id desc  [ RunTime:0.0020s ]

[ 2016-01-22T13:55:18+08:00 ] 127.0.0.1 /admin/claims/getClaimsinfo
INFO: [ app_begin ] --START--
INFO: Run Behavior\ReadHtmlCacheBehavior [ RunTime:0.000000s ]
INFO: [ app_begin ] --END-- [ RunTime:0.001000s ]
SQL: SHOW COLUMNS FROM `otc_user` [ RunTime:0.0110s ]
SQL: SHOW COLUMNS FROM `otc_auth_access` [ RunTime:0.0120s ]
SQL: SELECT `role_id` FROM `otc_auth_access` WHERE ( uid = 1 )  [ RunTime:0.0020s ]
SQL: SHOW COLUMNS FROM `otc_auth_role_permission` [ RunTime:0.0100s ]
SQL: SHOW COLUMNS FROM `otc_auth_role_permission` [ RunTime:0.0060s ]
SQL: SELECT DISTINCT r.permission_id,n.permission_name,lower(n.`permission_code`) as permission_code FROM otc_auth_role_permission as r INNER JOIN otc_auth_permission as n on n.permission_id = r.permission_id  WHERE r.role_id IN ('65','73','70','69','68','67','66')  [ RunTime:0.0050s ]
SQL: SHOW COLUMNS FROM `otc_cl_mast` [ RunTime:0.0060s ]
SQL: SELECT * FROM `otc_cl_mast` WHERE ( validflag = 1  and id = 37 ) LIMIT 1   [ RunTime:0.0020s ]

[ 2016-01-22T13:55:18+08:00 ] 127.0.0.1 /admin/claims/getClaimsReleaseList?_dc=1453442118824
INFO: [ app_begin ] --START--
INFO: Run Behavior\ReadHtmlCacheBehavior [ RunTime:0.001000s ]
INFO: [ app_begin ] --END-- [ RunTime:0.002000s ]
SQL: SHOW COLUMNS FROM `otc_user` [ RunTime:0.0110s ]
SQL: SHOW COLUMNS FROM `otc_auth_access` [ RunTime:0.0100s ]
SQL: SELECT `role_id` FROM `otc_auth_access` WHERE ( uid = 1 )  [ RunTime:0.0010s ]
SQL: SHOW COLUMNS FROM `otc_auth_role_permission` [ RunTime:0.0100s ]
SQL: SHOW COLUMNS FROM `otc_auth_role_permission` [ RunTime:0.0100s ]
SQL: SELECT DISTINCT r.permission_id,n.permission_name,lower(n.`permission_code`) as permission_code FROM otc_auth_role_permission as r INNER JOIN otc_auth_permission as n on n.permission_id = r.permission_id  WHERE r.role_id IN ('65','73','70','69','68','67','66')  [ RunTime:0.0060s ]
SQL: SHOW COLUMNS FROM `otc_cl_mast` [ RunTime:0.0120s ]
SQL: SHOW COLUMNS FROM `otc_cl_mast` [ RunTime:0.0090s ]
SQL: SELECT COUNT(*) AS tp_count FROM otc_cl_mast as d WHERE `validflag` = 1 AND `status` = 2 LIMIT 1   [ RunTime:0.0020s ]
SQL: SHOW COLUMNS FROM `otc_cl_mast` [ RunTime:0.0090s ]
SQL: SELECT d.* FROM otc_cl_mast as d WHERE `validflag` = 1 AND `status` = 2 ORDER BY id desc  [ RunTime:0.0040s ]

[ 2016-01-22T13:57:40+08:00 ] 127.0.0.1 /Admin/Access/getUserNodeList?_dc=1453442259995&page=1&start=0&limit=25
INFO: [ app_begin ] --START--
INFO: Run Behavior\ReadHtmlCacheBehavior [ RunTime:0.000000s ]
INFO: [ app_begin ] --END-- [ RunTime:0.001000s ]
SQL: SHOW COLUMNS FROM `otc_user` [ RunTime:0.0110s ]
SQL: SHOW COLUMNS FROM `otc_auth_access` [ RunTime:0.0090s ]
SQL: SELECT `role_id` FROM `otc_auth_access` WHERE ( uid = 1 )  [ RunTime:0.0020s ]
SQL: SHOW COLUMNS FROM `otc_auth_role_node` [ RunTime:0.0090s ]
SQL: SHOW COLUMNS FROM `otc_auth_role_node` [ RunTime:0.0110s ]
SQL: SELECT DISTINCT r.node_id,n.name,n.pid,n.module,n.iconCls,n.group,n.url FROM otc_auth_role_node as r INNER JOIN otc_auth_node as n on n.id = r.node_id  WHERE r.role_id IN ('65','73','70','69','68','67','66') AND n.type = 1 ORDER BY n.sort asc, n.id desc  [ RunTime:0.0040s ]

[ 2016-01-22T13:57:42+08:00 ] 127.0.0.1 /index/process-huishou-icon-win
ERR: 非法操作:process-huishou-icon-win

[ 2016-01-22T13:57:43+08:00 ] 127.0.0.1 /admin/claims/getClaimsReleaseList?_dc=1453442262970
INFO: [ app_begin ] --START--
INFO: Run Behavior\ReadHtmlCacheBehavior [ RunTime:0.001000s ]
INFO: [ app_begin ] --END-- [ RunTime:0.001000s ]
SQL: SHOW COLUMNS FROM `otc_user` [ RunTime:0.0100s ]
SQL: SHOW COLUMNS FROM `otc_auth_access` [ RunTime:0.0090s ]
SQL: SELECT `role_id` FROM `otc_auth_access` WHERE ( uid = 1 )  [ RunTime:0.0010s ]
SQL: SHOW COLUMNS FROM `otc_auth_role_permission` [ RunTime:0.0100s ]
SQL: SHOW COLUMNS FROM `otc_auth_role_permission` [ RunTime:0.0090s ]
SQL: SELECT DISTINCT r.permission_id,n.permission_name,lower(n.`permission_code`) as permission_code FROM otc_auth_role_permission as r INNER JOIN otc_auth_permission as n on n.permission_id = r.permission_id  WHERE r.role_id IN ('65','73','70','69','68','67','66')  [ RunTime:0.0070s ]
SQL: SHOW COLUMNS FROM `otc_cl_mast` [ RunTime:0.0110s ]
SQL: SHOW COLUMNS FROM `otc_cl_mast` [ RunTime:0.0070s ]
SQL: SELECT COUNT(*) AS tp_count FROM otc_cl_mast as d WHERE `validflag` = 1 AND `status` = 2 LIMIT 1   [ RunTime:0.0030s ]
SQL: SHOW COLUMNS FROM `otc_cl_mast` [ RunTime:0.0080s ]
SQL: SELECT d.* FROM otc_cl_mast as d WHERE `validflag` = 1 AND `status` = 2 ORDER BY id desc  [ RunTime:0.0020s ]

[ 2016-01-22T13:58:00+08:00 ] 127.0.0.1 /index/process-huishou-icon-win
ERR: 非法操作:process-huishou-icon-win

[ 2016-01-22T13:58:00+08:00 ] 127.0.0.1 /admin/claims/getClaimsReleaseList?_dc=1453442280238
INFO: [ app_begin ] --START--
INFO: Run Behavior\ReadHtmlCacheBehavior [ RunTime:0.001000s ]
INFO: [ app_begin ] --END-- [ RunTime:0.001000s ]
SQL: SHOW COLUMNS FROM `otc_user` [ RunTime:0.0150s ]
SQL: SHOW COLUMNS FROM `otc_auth_access` [ RunTime:0.0120s ]
SQL: SELECT `role_id` FROM `otc_auth_access` WHERE ( uid = 1 )  [ RunTime:0.0020s ]
SQL: SHOW COLUMNS FROM `otc_auth_role_permission` [ RunTime:0.0100s ]
SQL: SHOW COLUMNS FROM `otc_auth_role_permission` [ RunTime:0.0100s ]
SQL: SELECT DISTINCT r.permission_id,n.permission_name,lower(n.`permission_code`) as permission_code FROM otc_auth_role_permission as r INNER JOIN otc_auth_permission as n on n.permission_id = r.permission_id  WHERE r.role_id IN ('65','73','70','69','68','67','66')  [ RunTime:0.0060s ]
SQL: SHOW COLUMNS FROM `otc_cl_mast` [ RunTime:0.0090s ]
SQL: SHOW COLUMNS FROM `otc_cl_mast` [ RunTime:0.0080s ]
SQL: SELECT COUNT(*) AS tp_count FROM otc_cl_mast as d WHERE `validflag` = 1 AND `status` = 2 LIMIT 1   [ RunTime:0.0030s ]
SQL: SHOW COLUMNS FROM `otc_cl_mast` [ RunTime:0.0090s ]
SQL: SELECT d.* FROM otc_cl_mast as d WHERE `validflag` = 1 AND `status` = 2 ORDER BY id desc  [ RunTime:0.0070s ]

[ 2016-01-22T14:07:36+08:00 ] 127.0.0.1 /Admin/Access/getUserNodeList?_dc=1453442856394&page=1&start=0&limit=25
INFO: [ app_begin ] --START--
INFO: Run Behavior\ReadHtmlCacheBehavior [ RunTime:0.000000s ]
INFO: [ app_begin ] --END-- [ RunTime:0.000000s ]
SQL: SHOW COLUMNS FROM `otc_user` [ RunTime:0.0450s ]
SQL: SHOW COLUMNS FROM `otc_auth_access` [ RunTime:0.0370s ]
SQL: SELECT `role_id` FROM `otc_auth_access` WHERE ( uid = 1 )  [ RunTime:0.0250s ]
SQL: SHOW COLUMNS FROM `otc_auth_role_node` [ RunTime:0.0160s ]
SQL: SHOW COLUMNS FROM `otc_auth_role_node` [ RunTime:0.0240s ]
SQL: SELECT DISTINCT r.node_id,n.name,n.pid,n.module,n.iconCls,n.group,n.url FROM otc_auth_role_node as r INNER JOIN otc_auth_node as n on n.id = r.node_id  WHERE r.role_id IN ('65','73','70','69','68','67','66') AND n.type = 1 ORDER BY n.sort asc, n.id desc  [ RunTime:0.0240s ]

[ 2016-01-22T14:07:41+08:00 ] 127.0.0.1 /index/process-huishou-icon-win
ERR: 非法操作:process-huishou-icon-win

[ 2016-01-22T14:07:41+08:00 ] 127.0.0.1 /admin/claims/getClaimsReleaseList?_dc=1453442861636
INFO: [ app_begin ] --START--
INFO: Run Behavior\ReadHtmlCacheBehavior [ RunTime:0.000000s ]
INFO: [ app_begin ] --END-- [ RunTime:0.001000s ]
SQL: SHOW COLUMNS FROM `otc_user` [ RunTime:0.0110s ]
SQL: SHOW COLUMNS FROM `otc_auth_access` [ RunTime:0.0090s ]
SQL: SELECT `role_id` FROM `otc_auth_access` WHERE ( uid = 1 )  [ RunTime:0.0010s ]
SQL: SHOW COLUMNS FROM `otc_auth_role_permission` [ RunTime:0.0090s ]
SQL: SHOW COLUMNS FROM `otc_auth_role_permission` [ RunTime:0.0090s ]
SQL: SELECT DISTINCT r.permission_id,n.permission_name,lower(n.`permission_code`) as permission_code FROM otc_auth_role_permission as r INNER JOIN otc_auth_permission as n on n.permission_id = r.permission_id  WHERE r.role_id IN ('65','73','70','69','68','67','66')  [ RunTime:0.0060s ]
SQL: SHOW COLUMNS FROM `otc_cl_mast` [ RunTime:0.0060s ]
SQL: SHOW COLUMNS FROM `otc_cl_mast` [ RunTime:0.0060s ]
SQL: SELECT COUNT(*) AS tp_count FROM otc_cl_mast as d WHERE `validflag` = 1 AND `status` = 2 LIMIT 1   [ RunTime:0.0010s ]
SQL: SHOW COLUMNS FROM `otc_cl_mast` [ RunTime:0.0070s ]
SQL: SELECT d.* FROM otc_cl_mast as d WHERE `validflag` = 1 AND `status` = 2 ORDER BY id desc  [ RunTime:0.0020s ]

[ 2016-01-22T15:29:07+08:00 ] 127.0.0.1 /Admin/Access/getUserNodeList?_dc=1453447747530&page=1&start=0&limit=25
INFO: [ app_begin ] --START--
INFO: Run Behavior\ReadHtmlCacheBehavior [ RunTime:0.000000s ]
INFO: [ app_begin ] --END-- [ RunTime:0.001000s ]
SQL: SHOW COLUMNS FROM `otc_user` [ RunTime:0.0110s ]
SQL: SHOW COLUMNS FROM `otc_auth_access` [ RunTime:0.0100s ]
SQL: SELECT `role_id` FROM `otc_auth_access` WHERE ( uid = 1 )  [ RunTime:0.0010s ]
SQL: SHOW COLUMNS FROM `otc_auth_role_node` [ RunTime:0.0090s ]
SQL: SHOW COLUMNS FROM `otc_auth_role_node` [ RunTime:0.0050s ]
SQL: SELECT DISTINCT r.node_id,n.name,n.pid,n.module,n.iconCls,n.group,n.url FROM otc_auth_role_node as r INNER JOIN otc_auth_node as n on n.id = r.node_id  WHERE r.role_id IN ('65','73','70','69','68','67','66') AND n.type = 1 ORDER BY n.sort asc, n.id desc  [ RunTime:0.0020s ]

[ 2016-01-22T15:29:08+08:00 ] 127.0.0.1 /index/process-huishou-icon-win
ERR: 非法操作:process-huishou-icon-win

[ 2016-01-22T15:29:08+08:00 ] 127.0.0.1 /admin/claims/claimsManager?_dc=1453447748832
INFO: [ app_begin ] --START--
INFO: Run Behavior\ReadHtmlCacheBehavior [ RunTime:0.001000s ]
INFO: [ app_begin ] --END-- [ RunTime:0.001000s ]
SQL: SHOW COLUMNS FROM `otc_user` [ RunTime:0.0130s ]
SQL: SHOW COLUMNS FROM `otc_auth_access` [ RunTime:0.0110s ]
SQL: SELECT `role_id` FROM `otc_auth_access` WHERE ( uid = 1 )  [ RunTime:0.0020s ]
SQL: SHOW COLUMNS FROM `otc_auth_role_permission` [ RunTime:0.0100s ]
SQL: SHOW COLUMNS FROM `otc_auth_role_permission` [ RunTime:0.0110s ]
SQL: SELECT DISTINCT r.permission_id,n.permission_name,lower(n.`permission_code`) as permission_code FROM otc_auth_role_permission as r INNER JOIN otc_auth_permission as n on n.permission_id = r.permission_id  WHERE r.role_id IN ('65','73','70','69','68','67','66')  [ RunTime:0.0060s ]
SQL: SHOW COLUMNS FROM `otc_cl_mast` [ RunTime:0.0080s ]
NOTIC: [8] Undefined variable: where D:\ svn\otc\Application\Admin\Controller\ClaimsController.class.php 第 578 行.
SQL: SELECT COUNT(*) AS tp_count FROM otc_cl_mast a LEFT JOIN otc_cf_mast b ON a.cf_mast_id=b.id LEFT JOIN otc_cl_ctl c ON a.id=c.cod_cl_id  LIMIT 1   [ RunTime:0.0060s ]
NOTIC: [8] Undefined variable: where D:\ svn\otc\Application\Admin\Controller\ClaimsController.class.php 第 579 行.
SQL: SELECT a.id,b.title,a.status,c.amt_ct_last,a.dat_create FROM otc_cl_mast a LEFT JOIN otc_cf_mast b ON a.cf_mast_id=b.id LEFT JOIN otc_cl_ctl c ON a.id=c.cod_cl_id  LIMIT 0,25   [ RunTime:0.0040s ]

[ 2016-01-22T15:29:18+08:00 ] 127.0.0.1 /admin/claims/getClaimsinfo
INFO: [ app_begin ] --START--
INFO: Run Behavior\ReadHtmlCacheBehavior [ RunTime:0.000000s ]
INFO: [ app_begin ] --END-- [ RunTime:0.000000s ]
SQL: SHOW COLUMNS FROM `otc_user` [ RunTime:0.0120s ]
SQL: SHOW COLUMNS FROM `otc_auth_access` [ RunTime:0.0100s ]
SQL: SELECT `role_id` FROM `otc_auth_access` WHERE ( uid = 1 )  [ RunTime:0.0030s ]
SQL: SHOW COLUMNS FROM `otc_auth_role_permission` [ RunTime:0.0100s ]
SQL: SHOW COLUMNS FROM `otc_auth_role_permission` [ RunTime:0.0080s ]
SQL: SELECT DISTINCT r.permission_id,n.permission_name,lower(n.`permission_code`) as permission_code FROM otc_auth_role_permission as r INNER JOIN otc_auth_permission as n on n.permission_id = r.permission_id  WHERE r.role_id IN ('65','73','70','69','68','67','66')  [ RunTime:0.0130s ]
SQL: SHOW COLUMNS FROM `otc_cl_mast` [ RunTime:0.0130s ]
SQL: SELECT * FROM `otc_cl_mast` WHERE ( validflag = 1  and id = 34 ) LIMIT 1   [ RunTime:0.0060s ]

[ 2016-01-22T15:29:19+08:00 ] 127.0.0.1 /admin/claims/claimRecord?_dc=1453447758919
INFO: [ app_begin ] --START--
INFO: Run Behavior\ReadHtmlCacheBehavior [ RunTime:0.001000s ]
INFO: [ app_begin ] --END-- [ RunTime:0.001000s ]
SQL: SHOW COLUMNS FROM `otc_user` [ RunTime:0.0110s ]
SQL: SHOW COLUMNS FROM `otc_auth_access` [ RunTime:0.0110s ]
SQL: SELECT `role_id` FROM `otc_auth_access` WHERE ( uid = 1 )  [ RunTime:0.0020s ]
SQL: SHOW COLUMNS FROM `otc_auth_role_permission` [ RunTime:0.0100s ]
SQL: SHOW COLUMNS FROM `otc_auth_role_permission` [ RunTime:0.0110s ]
SQL: SELECT DISTINCT r.permission_id,n.permission_name,lower(n.`permission_code`) as permission_code FROM otc_auth_role_permission as r INNER JOIN otc_auth_permission as n on n.permission_id = r.permission_id  WHERE r.role_id IN ('65','73','70','69','68','67','66')  [ RunTime:0.0080s ]
SQL: SHOW COLUMNS FROM `otc_cl_ivs` [ RunTime:0.0080s ]
SQL: SELECT COUNT(*) AS tp_count FROM otc_cl_ivs a LEFT JOIN otc_cust_person b ON a.cod_cust_id=b.cod_cust_id LEFT JOIN otc_cf_mast c ON a.cod_cf_id=c.id LEFT JOIN otc_cf_ctl d ON a.cod_cf_ctl_id=d.id  WHERE a.cod_cl_id = '34' LIMIT 1   [ RunTime:0.0010s ]
SQL: SELECT a.id,b.nam_cust_real,b.cod_cust_id_no,a.amt_ivs,a.dat_create,c.title,d.cod_period FROM otc_cl_ivs a LEFT JOIN otc_cust_person b ON a.cod_cust_id=b.cod_cust_id LEFT JOIN otc_cf_mast c ON a.cod_cf_id=c.id LEFT JOIN otc_cf_ctl d ON a.cod_cf_ctl_id=d.id  WHERE a.cod_cl_id = '34' LIMIT 0,25   [ RunTime:0.0030s ]

[ 2016-01-22T20:13:33+08:00 ] 127.0.0.1 /admin/claims/claimsManager
ERR: 1054:Unknown column 'a.cf_mast_id' in 'on clause'
 [ SQL语句 ] : SELECT COUNT(*) AS tp_count FROM otc_cl_mast a LEFT JOIN otc_cf_mast b ON a.cf_mast_id=b.id LEFT JOIN otc_cl_ctl c ON a.id=c.cod_cl_id  LIMIT 1  

[ 2016-01-22T20:13:56+08:00 ] 127.0.0.1 /Admin/Access/getUserNodeList?_dc=1453464836189&page=1&start=0&limit=25
INFO: [ app_begin ] --START--
INFO: Run Behavior\ReadHtmlCacheBehavior [ RunTime:0.000000s ]
INFO: [ app_begin ] --END-- [ RunTime:0.000000s ]
SQL: SHOW COLUMNS FROM `otc_user` [ RunTime:0.0100s ]
SQL: SHOW COLUMNS FROM `otc_auth_access` [ RunTime:0.0090s ]
SQL: SELECT `role_id` FROM `otc_auth_access` WHERE ( uid = 1 )  [ RunTime:0.0010s ]
SQL: SHOW COLUMNS FROM `otc_auth_role_node` [ RunTime:0.0080s ]
SQL: SHOW COLUMNS FROM `otc_auth_role_node` [ RunTime:0.0050s ]
SQL: SELECT DISTINCT r.node_id,n.name,n.pid,n.module,n.iconCls,n.group,n.url FROM otc_auth_role_node as r INNER JOIN otc_auth_node as n on n.id = r.node_id  WHERE r.role_id IN ('65','73','70','69','68','67','66') AND n.type = 1 ORDER BY n.sort asc, n.id desc  [ RunTime:0.0300s ]

[ 2016-01-22T20:13:58+08:00 ] 127.0.0.1 /process-huishou-icon-win
ERR: 无法加载控制器:Process-huishou-icon-win

[ 2016-01-22T20:13:58+08:00 ] 127.0.0.1 /admin/claims/claimsManager?_dc=1453464838181
INFO: [ app_begin ] --START--
INFO: Run Behavior\ReadHtmlCacheBehavior [ RunTime:0.000000s ]
INFO: [ app_begin ] --END-- [ RunTime:0.001000s ]
SQL: SHOW COLUMNS FROM `otc_user` [ RunTime:0.0110s ]
SQL: SHOW COLUMNS FROM `otc_auth_access` [ RunTime:0.0090s ]
SQL: SELECT `role_id` FROM `otc_auth_access` WHERE ( uid = 1 )  [ RunTime:0.0020s ]
SQL: SHOW COLUMNS FROM `otc_auth_role_permission` [ RunTime:0.0090s ]
SQL: SHOW COLUMNS FROM `otc_auth_role_permission` [ RunTime:0.0070s ]
SQL: SELECT DISTINCT r.permission_id,n.permission_name,lower(n.`permission_code`) as permission_code FROM otc_auth_role_permission as r INNER JOIN otc_auth_permission as n on n.permission_id = r.permission_id  WHERE r.role_id IN ('65','73','70','69','68','67','66')  [ RunTime:0.0050s ]
SQL: SHOW COLUMNS FROM `otc_cl_mast` [ RunTime:0.0050s ]
NOTIC: [8] Undefined variable: where D:\ svn\otc\Application\Admin\Controller\ClaimsController.class.php 第 578 行.
ERR: 1054:Unknown column 'a.cf_mast_id' in 'on clause'
 [ SQL语句 ] : SELECT COUNT(*) AS tp_count FROM otc_cl_mast a LEFT JOIN otc_cf_mast b ON a.cf_mast_id=b.id LEFT JOIN otc_cl_ctl c ON a.id=c.cod_cl_id  LIMIT 1  
ERR: 1054:Unknown column 'a.cf_mast_id' in 'on clause'
 [ SQL语句 ] : SELECT COUNT(*) AS tp_count FROM otc_cl_mast a LEFT JOIN otc_cf_mast b ON a.cf_mast_id=b.id LEFT JOIN otc_cl_ctl c ON a.id=c.cod_cl_id  LIMIT 1  

[ 2016-01-22T20:14:14+08:00 ] 127.0.0.1 /admin/claims/claimsManager
ERR: 1054:Unknown column 'a.cf_mast_id' in 'on clause'
 [ SQL语句 ] : SELECT COUNT(*) AS tp_count FROM otc_cl_mast a LEFT JOIN otc_cf_mast b ON a.cf_mast_id=b.id LEFT JOIN otc_cl_ctl c ON a.id=c.cod_cl_id  LIMIT 1  

[ 2016-01-22T20:35:06+08:00 ] 127.0.0.1 /notebook-icon-win
ERR: 无法加载控制器:Notebook-icon-win

[ 2016-01-22T20:35:06+08:00 ] 127.0.0.1 /admin/claims/getClaimsReleaseList?_dc=1453466106581
INFO: [ app_begin ] --START--
INFO: Run Behavior\ReadHtmlCacheBehavior [ RunTime:0.001000s ]
INFO: [ app_begin ] --END-- [ RunTime:0.001000s ]
SQL: SHOW COLUMNS FROM `otc_user` [ RunTime:0.0110s ]
SQL: SHOW COLUMNS FROM `otc_auth_access` [ RunTime:0.0100s ]
SQL: SELECT `role_id` FROM `otc_auth_access` WHERE ( uid = 1 )  [ RunTime:0.0010s ]
SQL: SHOW COLUMNS FROM `otc_auth_role_permission` [ RunTime:0.0100s ]
SQL: SHOW COLUMNS FROM `otc_auth_role_permission` [ RunTime:0.0090s ]
SQL: SELECT DISTINCT r.permission_id,n.permission_name,lower(n.`permission_code`) as permission_code FROM otc_auth_role_permission as r INNER JOIN otc_auth_permission as n on n.permission_id = r.permission_id  WHERE r.role_id IN ('65','73','70','69','68','67','66','77','76','75','74')  [ RunTime:0.0070s ]
SQL: SHOW COLUMNS FROM `otc_cl_mast` [ RunTime:0.0060s ]
SQL: SHOW COLUMNS FROM `otc_cl_mast` [ RunTime:0.0070s ]
SQL: SELECT COUNT(*) AS tp_count FROM otc_cl_mast as d WHERE `validflag` = 1 AND `status` = 2 LIMIT 1   [ RunTime:0.0010s ]
SQL: SHOW COLUMNS FROM `otc_cl_mast` [ RunTime:0.0080s ]
SQL: SELECT d.* FROM otc_cl_mast as d WHERE `validflag` = 1 AND `status` = 2 ORDER BY id desc  [ RunTime:0.0020s ]

[ 2016-01-22T20:36:12+08:00 ] 127.0.0.1 /Admin/Access/getUserNodeList?_dc=1453466171971&page=1&start=0&limit=25
INFO: [ app_begin ] --START--
INFO: Run Behavior\ReadHtmlCacheBehavior [ RunTime:0.000000s ]
INFO: [ app_begin ] --END-- [ RunTime:0.000000s ]
SQL: SHOW COLUMNS FROM `otc_user` [ RunTime:0.0100s ]
SQL: SHOW COLUMNS FROM `otc_auth_access` [ RunTime:0.0100s ]
SQL: SELECT `role_id` FROM `otc_auth_access` WHERE ( uid = 1 )  [ RunTime:0.0010s ]
SQL: SHOW COLUMNS FROM `otc_auth_role_node` [ RunTime:0.0100s ]
SQL: SHOW COLUMNS FROM `otc_auth_role_node` [ RunTime:0.0100s ]
SQL: SELECT DISTINCT r.node_id,n.name,n.pid,n.module,n.iconCls,n.group,n.url FROM otc_auth_role_node as r INNER JOIN otc_auth_node as n on n.id = r.node_id  WHERE r.role_id IN ('65','73','70','69','68','67','66','77','76','75','74') AND n.type = 1 ORDER BY n.sort asc, n.id desc  [ RunTime:0.0040s ]

[ 2016-01-22T20:37:08+08:00 ] 127.0.0.1 /process-shenhe-icon-win
ERR: 无法加载控制器:Process-shenhe-icon-win

[ 2016-01-22T20:37:08+08:00 ] 127.0.0.1 /admin/claims/getClaimslist?_dc=1453466228185
INFO: [ app_begin ] --START--
INFO: Run Behavior\ReadHtmlCacheBehavior [ RunTime:0.000000s ]
INFO: [ app_begin ] --END-- [ RunTime:0.001000s ]
SQL: SHOW COLUMNS FROM `otc_user` [ RunTime:0.0100s ]
SQL: SHOW COLUMNS FROM `otc_auth_access` [ RunTime:0.0090s ]
SQL: SELECT `role_id` FROM `otc_auth_access` WHERE ( uid = 1 )  [ RunTime:0.0010s ]
SQL: SHOW COLUMNS FROM `otc_auth_role_permission` [ RunTime:0.0100s ]
SQL: SHOW COLUMNS FROM `otc_auth_role_permission` [ RunTime:0.0080s ]
SQL: SELECT DISTINCT r.permission_id,n.permission_name,lower(n.`permission_code`) as permission_code FROM otc_auth_role_permission as r INNER JOIN otc_auth_permission as n on n.permission_id = r.permission_id  WHERE r.role_id IN ('65','73','70','69','68','67','66','77','76','75','74')  [ RunTime:0.0050s ]
SQL: SHOW COLUMNS FROM `otc_cl_ctl` [ RunTime:0.0060s ]
SQL: SELECT SUM(amt_ct_last) AS tp_Sum FROM `otc_cl_ctl` LIMIT 1   [ RunTime:0.0010s ]
SQL: SHOW COLUMNS FROM `otc_cl_mast` [ RunTime:0.0070s ]
SQL: SHOW COLUMNS FROM `otc_cl_mast` [ RunTime:0.0060s ]
SQL: SELECT COUNT(*) AS tp_count FROM otc_cl_mast as d WHERE `validflag` = 1 LIMIT 1   [ RunTime:0.0010s ]
SQL: SHOW COLUMNS FROM `otc_cl_mast` [ RunTime:0.0060s ]
SQL: SELECT d.* FROM otc_cl_mast as d WHERE `validflag` = 1 ORDER BY id desc  [ RunTime:0.0020s ]

[ 2016-01-22T20:37:13+08:00 ] 127.0.0.1 /admin/claims/recyClaims
INFO: [ app_begin ] --START--
INFO: Run Behavior\ReadHtmlCacheBehavior [ RunTime:0.001000s ]
INFO: [ app_begin ] --END-- [ RunTime:0.001000s ]
SQL: SHOW COLUMNS FROM `otc_user` [ RunTime:0.0100s ]
SQL: SHOW COLUMNS FROM `otc_auth_access` [ RunTime:0.0090s ]
SQL: SELECT `role_id` FROM `otc_auth_access` WHERE ( uid = 1 )  [ RunTime:0.0010s ]
SQL: SHOW COLUMNS FROM `otc_auth_role_permission` [ RunTime:0.0080s ]
SQL: SHOW COLUMNS FROM `otc_auth_role_permission` [ RunTime:0.0050s ]
SQL: SELECT DISTINCT r.permission_id,n.permission_name,lower(n.`permission_code`) as permission_code FROM otc_auth_role_permission as r INNER JOIN otc_auth_permission as n on n.permission_id = r.permission_id  WHERE r.role_id IN ('65','73','70','69','68','67','66','77','76','75','74')  [ RunTime:0.0050s ]
SQL: SHOW COLUMNS FROM `otc_cl_mast` [ RunTime:0.0060s ]
INFO: [ app_end ] --START--
INFO: Run Behavior\ShowPageTraceBehavior [ RunTime:0.001000s ]
INFO: [ app_end ] --END-- [ RunTime:0.001000s ]

[ 2016-01-22T20:38:18+08:00 ] 127.0.0.1 /Admin/Access/getUserNodeList?_dc=1453466298249&page=1&start=0&limit=25
INFO: [ app_begin ] --START--
INFO: Run Behavior\ReadHtmlCacheBehavior [ RunTime:0.001001s ]
INFO: [ app_begin ] --END-- [ RunTime:0.001001s ]
SQL: SHOW COLUMNS FROM `otc_user` [ RunTime:0.0110s ]
SQL: SHOW COLUMNS FROM `otc_auth_access` [ RunTime:0.0090s ]
SQL: SELECT `role_id` FROM `otc_auth_access` WHERE ( uid = 1 )  [ RunTime:0.0020s ]
SQL: SHOW COLUMNS FROM `otc_auth_role_node` [ RunTime:0.0090s ]
SQL: SHOW COLUMNS FROM `otc_auth_role_node` [ RunTime:0.0090s ]
SQL: SELECT DISTINCT r.node_id,n.name,n.pid,n.module,n.iconCls,n.group,n.url FROM otc_auth_role_node as r INNER JOIN otc_auth_node as n on n.id = r.node_id  WHERE r.role_id IN ('65','73','70','69','68','67','66','77','76','75','74') AND n.type = 1 ORDER BY n.sort asc, n.id desc  [ RunTime:0.0040s ]

[ 2016-01-22T20:38:20+08:00 ] 127.0.0.1 /Admin/Access/getUserNodeList?_dc=1453466300157&page=1&start=0&limit=25
INFO: [ app_begin ] --START--
INFO: Run Behavior\ReadHtmlCacheBehavior [ RunTime:0.000000s ]
INFO: [ app_begin ] --END-- [ RunTime:0.001001s ]
SQL: SHOW COLUMNS FROM `otc_user` [ RunTime:0.0110s ]
SQL: SHOW COLUMNS FROM `otc_auth_access` [ RunTime:0.0100s ]
SQL: SELECT `role_id` FROM `otc_auth_access` WHERE ( uid = 1 )  [ RunTime:0.0030s ]
SQL: SHOW COLUMNS FROM `otc_auth_role_node` [ RunTime:0.0080s ]
SQL: SHOW COLUMNS FROM `otc_auth_role_node` [ RunTime:0.0060s ]
SQL: SELECT DISTINCT r.node_id,n.name,n.pid,n.module,n.iconCls,n.group,n.url FROM otc_auth_role_node as r INNER JOIN otc_auth_node as n on n.id = r.node_id  WHERE r.role_id IN ('65','73','70','69','68','67','66','77','76','75','74') AND n.type = 1 ORDER BY n.sort asc, n.id desc  [ RunTime:0.0030s ]

[ 2016-01-22T20:38:21+08:00 ] 127.0.0.1 /Admin/Access/getUserNodeList?_dc=1453466301272&page=1&start=0&limit=25
INFO: [ app_begin ] --START--
INFO: Run Behavior\ReadHtmlCacheBehavior [ RunTime:0.000000s ]
INFO: [ app_begin ] --END-- [ RunTime:0.000000s ]
SQL: SHOW COLUMNS FROM `otc_user` [ RunTime:0.0100s ]
SQL: SHOW COLUMNS FROM `otc_auth_access` [ RunTime:0.0090s ]
SQL: SELECT `role_id` FROM `otc_auth_access` WHERE ( uid = 1 )  [ RunTime:0.0010s ]
SQL: SHOW COLUMNS FROM `otc_auth_role_node` [ RunTime:0.0100s ]
SQL: SHOW COLUMNS FROM `otc_auth_role_node` [ RunTime:0.0090s ]
SQL: SELECT DISTINCT r.node_id,n.name,n.pid,n.module,n.iconCls,n.group,n.url FROM otc_auth_role_node as r INNER JOIN otc_auth_node as n on n.id = r.node_id  WHERE r.role_id IN ('65','73','70','69','68','67','66','77','76','75','74') AND n.type = 1 ORDER BY n.sort asc, n.id desc  [ RunTime:0.0030s ]

[ 2016-01-22T20:38:26+08:00 ] 127.0.0.1 /process-shenhe-icon-win
ERR: 无法加载控制器:Process-shenhe-icon-win

[ 2016-01-22T20:38:26+08:00 ] 127.0.0.1 /admin/claims/getClaimslist?_dc=1453466306537
INFO: [ app_begin ] --START--
INFO: Run Behavior\ReadHtmlCacheBehavior [ RunTime:0.001000s ]
INFO: [ app_begin ] --END-- [ RunTime:0.001000s ]
SQL: SHOW COLUMNS FROM `otc_user` [ RunTime:0.0110s ]
SQL: SHOW COLUMNS FROM `otc_auth_access` [ RunTime:0.0090s ]
SQL: SELECT `role_id` FROM `otc_auth_access` WHERE ( uid = 1 )  [ RunTime:0.0020s ]
SQL: SHOW COLUMNS FROM `otc_auth_role_permission` [ RunTime:0.0090s ]
SQL: SHOW COLUMNS FROM `otc_auth_role_permission` [ RunTime:0.0100s ]
SQL: SELECT DISTINCT r.permission_id,n.permission_name,lower(n.`permission_code`) as permission_code FROM otc_auth_role_permission as r INNER JOIN otc_auth_permission as n on n.permission_id = r.permission_id  WHERE r.role_id IN ('65','73','70','69','68','67','66','77','76','75','74')  [ RunTime:0.0060s ]
SQL: SHOW COLUMNS FROM `otc_cl_ctl` [ RunTime:0.0050s ]
SQL: SELECT SUM(amt_ct_last) AS tp_Sum FROM `otc_cl_ctl` LIMIT 1   [ RunTime:0.0000s ]
SQL: SHOW COLUMNS FROM `otc_cl_mast` [ RunTime:0.0060s ]
SQL: SHOW COLUMNS FROM `otc_cl_mast` [ RunTime:0.0060s ]
SQL: SELECT COUNT(*) AS tp_count FROM otc_cl_mast as d WHERE `validflag` = 1 LIMIT 1   [ RunTime:0.0010s ]
SQL: SHOW COLUMNS FROM `otc_cl_mast` [ RunTime:0.0070s ]
SQL: SELECT d.* FROM otc_cl_mast as d WHERE `validflag` = 1 ORDER BY id desc  [ RunTime:0.0020s ]

[ 2016-01-22T20:38:30+08:00 ] 127.0.0.1 /admin/claims/recyClaims
INFO: [ app_begin ] --START--
INFO: Run Behavior\ReadHtmlCacheBehavior [ RunTime:0.001000s ]
INFO: [ app_begin ] --END-- [ RunTime:0.001000s ]
SQL: SHOW COLUMNS FROM `otc_user` [ RunTime:0.0110s ]
SQL: SHOW COLUMNS FROM `otc_auth_access` [ RunTime:0.0090s ]
SQL: SELECT `role_id` FROM `otc_auth_access` WHERE ( uid = 1 )  [ RunTime:0.0020s ]
SQL: SHOW COLUMNS FROM `otc_auth_role_permission` [ RunTime:0.0090s ]
SQL: SHOW COLUMNS FROM `otc_auth_role_permission` [ RunTime:0.0060s ]
SQL: SELECT DISTINCT r.permission_id,n.permission_name,lower(n.`permission_code`) as permission_code FROM otc_auth_role_permission as r INNER JOIN otc_auth_permission as n on n.permission_id = r.permission_id  WHERE r.role_id IN ('65','73','70','69','68','67','66','77','76','75','74')  [ RunTime:0.0050s ]
SQL: SHOW COLUMNS FROM `otc_cl_mast` [ RunTime:0.0070s ]
INFO: [ app_end ] --START--
INFO: Run Behavior\ShowPageTraceBehavior [ RunTime:0.002000s ]
INFO: [ app_end ] --END-- [ RunTime:0.002000s ]

[ 2016-01-22T20:39:19+08:00 ] 127.0.0.1 /Admin/Access/getUserNodeList?_dc=1453466359165&page=1&start=0&limit=25
INFO: [ app_begin ] --START--
INFO: Run Behavior\ReadHtmlCacheBehavior [ RunTime:0.000000s ]
INFO: [ app_begin ] --END-- [ RunTime:0.001000s ]
SQL: SHOW COLUMNS FROM `otc_user` [ RunTime:0.0110s ]
SQL: SHOW COLUMNS FROM `otc_auth_access` [ RunTime:0.0090s ]
SQL: SELECT `role_id` FROM `otc_auth_access` WHERE ( uid = 1 )  [ RunTime:0.0020s ]
SQL: SHOW COLUMNS FROM `otc_auth_role_node` [ RunTime:0.0090s ]
SQL: SHOW COLUMNS FROM `otc_auth_role_node` [ RunTime:0.0040s ]
SQL: SELECT DISTINCT r.node_id,n.name,n.pid,n.module,n.iconCls,n.group,n.url FROM otc_auth_role_node as r INNER JOIN otc_auth_node as n on n.id = r.node_id  WHERE r.role_id IN ('65','73','70','69','68','67','66','77','76','75','74') AND n.type = 1 ORDER BY n.sort asc, n.id desc  [ RunTime:0.0020s ]

[ 2016-01-22T20:39:21+08:00 ] 127.0.0.1 /Admin/Access/getUserNodeList?_dc=1453466361098&page=1&start=0&limit=25
INFO: [ app_begin ] --START--
INFO: Run Behavior\ReadHtmlCacheBehavior [ RunTime:0.000000s ]
INFO: [ app_begin ] --END-- [ RunTime:0.001000s ]
SQL: SHOW COLUMNS FROM `otc_user` [ RunTime:0.0100s ]
SQL: SHOW COLUMNS FROM `otc_auth_access` [ RunTime:0.0090s ]
SQL: SELECT `role_id` FROM `otc_auth_access` WHERE ( uid = 1 )  [ RunTime:0.0010s ]
SQL: SHOW COLUMNS FROM `otc_auth_role_node` [ RunTime:0.0100s ]
SQL: SHOW COLUMNS FROM `otc_auth_role_node` [ RunTime:0.0090s ]
SQL: SELECT DISTINCT r.node_id,n.name,n.pid,n.module,n.iconCls,n.group,n.url FROM otc_auth_role_node as r INNER JOIN otc_auth_node as n on n.id = r.node_id  WHERE r.role_id IN ('65','73','70','69','68','67','66','77','76','75','74') AND n.type = 1 ORDER BY n.sort asc, n.id desc  [ RunTime:0.0030s ]

[ 2016-01-22T20:39:22+08:00 ] 127.0.0.1 /process-shenhe-icon-win
ERR: 无法加载控制器:Process-shenhe-icon-win

[ 2016-01-22T20:39:22+08:00 ] 127.0.0.1 /admin/claims/getClaimslist?_dc=1453466362284
INFO: [ app_begin ] --START--
INFO: Run Behavior\ReadHtmlCacheBehavior [ RunTime:0.001000s ]
INFO: [ app_begin ] --END-- [ RunTime:0.001000s ]
SQL: SHOW COLUMNS FROM `otc_user` [ RunTime:0.0110s ]
SQL: SHOW COLUMNS FROM `otc_auth_access` [ RunTime:0.0100s ]
SQL: SELECT `role_id` FROM `otc_auth_access` WHERE ( uid = 1 )  [ RunTime:0.0010s ]
SQL: SHOW COLUMNS FROM `otc_auth_role_permission` [ RunTime:0.0100s ]
SQL: SHOW COLUMNS FROM `otc_auth_role_permission` [ RunTime:0.0060s ]
SQL: SELECT DISTINCT r.permission_id,n.permission_name,lower(n.`permission_code`) as permission_code FROM otc_auth_role_permission as r INNER JOIN otc_auth_permission as n on n.permission_id = r.permission_id  WHERE r.role_id IN ('65','73','70','69','68','67','66','77','76','75','74')  [ RunTime:0.0050s ]
SQL: SHOW COLUMNS FROM `otc_cl_ctl` [ RunTime:0.0050s ]
SQL: SELECT SUM(amt_ct_last) AS tp_Sum FROM `otc_cl_ctl` LIMIT 1   [ RunTime:0.0010s ]
SQL: SHOW COLUMNS FROM `otc_cl_mast` [ RunTime:0.0060s ]
SQL: SHOW COLUMNS FROM `otc_cl_mast` [ RunTime:0.0060s ]
SQL: SELECT COUNT(*) AS tp_count FROM otc_cl_mast as d WHERE `validflag` = 1 LIMIT 1   [ RunTime:0.0010s ]
SQL: SHOW COLUMNS FROM `otc_cl_mast` [ RunTime:0.0060s ]
SQL: SELECT d.* FROM otc_cl_mast as d WHERE `validflag` = 1 ORDER BY id desc  [ RunTime:0.0020s ]

[ 2016-01-22T20:39:25+08:00 ] 127.0.0.1 /admin/claims/recyClaims
INFO: [ app_begin ] --START--
INFO: Run Behavior\ReadHtmlCacheBehavior [ RunTime:0.000000s ]
INFO: [ app_begin ] --END-- [ RunTime:0.001000s ]
SQL: SHOW COLUMNS FROM `otc_user` [ RunTime:0.0120s ]
SQL: SHOW COLUMNS FROM `otc_auth_access` [ RunTime:0.0090s ]
SQL: SELECT `role_id` FROM `otc_auth_access` WHERE ( uid = 1 )  [ RunTime:0.0010s ]
SQL: SHOW COLUMNS FROM `otc_auth_role_permission` [ RunTime:0.0100s ]
SQL: SHOW COLUMNS FROM `otc_auth_role_permission` [ RunTime:0.0080s ]
SQL: SELECT DISTINCT r.permission_id,n.permission_name,lower(n.`permission_code`) as permission_code FROM otc_auth_role_permission as r INNER JOIN otc_auth_permission as n on n.permission_id = r.permission_id  WHERE r.role_id IN ('65','73','70','69','68','67','66','77','76','75','74')  [ RunTime:0.0050s ]
SQL: SHOW COLUMNS FROM `otc_cl_mast` [ RunTime:0.0070s ]
SQL: UPDATE `otc_cl_mast` SET `validflag`='1',`dat_modify`='2016-01-22 20:39:25',`usr_modify`='1' WHERE `id` = 39 AND `status` IN ('1','3') [ RunTime:0.0010s ]

[ 2016-01-22T20:39:31+08:00 ] 127.0.0.1 /admin/claims/recyClaims
INFO: [ app_begin ] --START--
INFO: Run Behavior\ReadHtmlCacheBehavior [ RunTime:0.001000s ]
INFO: [ app_begin ] --END-- [ RunTime:0.002000s ]
SQL: SHOW COLUMNS FROM `otc_user` [ RunTime:0.0100s ]
SQL: SHOW COLUMNS FROM `otc_auth_access` [ RunTime:0.0100s ]
SQL: SELECT `role_id` FROM `otc_auth_access` WHERE ( uid = 1 )  [ RunTime:0.0020s ]
SQL: SHOW COLUMNS FROM `otc_auth_role_permission` [ RunTime:0.0070s ]
SQL: SHOW COLUMNS FROM `otc_auth_role_permission` [ RunTime:0.0040s ]
SQL: SELECT DISTINCT r.permission_id,n.permission_name,lower(n.`permission_code`) as permission_code FROM otc_auth_role_permission as r INNER JOIN otc_auth_permission as n on n.permission_id = r.permission_id  WHERE r.role_id IN ('65','73','70','69','68','67','66','77','76','75','74')  [ RunTime:0.0040s ]
SQL: SHOW COLUMNS FROM `otc_cl_mast` [ RunTime:0.0050s ]
SQL: UPDATE `otc_cl_mast` SET `validflag`='1',`dat_modify`='2016-01-22 20:39:31',`usr_modify`='1' WHERE `id` = 39 AND `status` IN ('1','3') [ RunTime:0.0010s ]

[ 2016-01-22T20:39:34+08:00 ] 127.0.0.1 /admin/claims/recyClaims
INFO: [ app_begin ] --START--
INFO: Run Behavior\ReadHtmlCacheBehavior [ RunTime:0.000000s ]
INFO: [ app_begin ] --END-- [ RunTime:0.001000s ]
SQL: SHOW COLUMNS FROM `otc_user` [ RunTime:0.0110s ]
SQL: SHOW COLUMNS FROM `otc_auth_access` [ RunTime:0.0090s ]
SQL: SELECT `role_id` FROM `otc_auth_access` WHERE ( uid = 1 )  [ RunTime:0.0010s ]
SQL: SHOW COLUMNS FROM `otc_auth_role_permission` [ RunTime:0.0050s ]
SQL: SHOW COLUMNS FROM `otc_auth_role_permission` [ RunTime:0.0040s ]
SQL: SELECT DISTINCT r.permission_id,n.permission_name,lower(n.`permission_code`) as permission_code FROM otc_auth_role_permission as r INNER JOIN otc_auth_permission as n on n.permission_id = r.permission_id  WHERE r.role_id IN ('65','73','70','69','68','67','66','77','76','75','74')  [ RunTime:0.0050s ]
SQL: SHOW COLUMNS FROM `otc_cl_mast` [ RunTime:0.0060s ]
SQL: UPDATE `otc_cl_mast` SET `validflag`='1',`dat_modify`='2016-01-22 20:39:34',`usr_modify`='1' WHERE `id` = 39 AND `status` IN ('1','3') [ RunTime:0.0010s ]

[ 2016-01-22T20:40:28+08:00 ] 127.0.0.1 /Admin/Access/getUserNodeList?_dc=1453466428048&page=1&start=0&limit=25
INFO: [ app_begin ] --START--
INFO: Run Behavior\ReadHtmlCacheBehavior [ RunTime:0.000000s ]
INFO: [ app_begin ] --END-- [ RunTime:0.000000s ]
SQL: SHOW COLUMNS FROM `otc_user` [ RunTime:0.0100s ]
SQL: SHOW COLUMNS FROM `otc_auth_access` [ RunTime:0.0100s ]
SQL: SELECT `role_id` FROM `otc_auth_access` WHERE ( uid = 1 )  [ RunTime:0.0010s ]
SQL: SHOW COLUMNS FROM `otc_auth_role_node` [ RunTime:0.0100s ]
SQL: SHOW COLUMNS FROM `otc_auth_role_node` [ RunTime:0.0100s ]
SQL: SELECT DISTINCT r.node_id,n.name,n.pid,n.module,n.iconCls,n.group,n.url FROM otc_auth_role_node as r INNER JOIN otc_auth_node as n on n.id = r.node_id  WHERE r.role_id IN ('65','73','70','69','68','67','66','77','76','75','74') AND n.type = 1 ORDER BY n.sort asc, n.id desc  [ RunTime:0.0030s ]

[ 2016-01-22T20:40:30+08:00 ] 127.0.0.1 /process-shenhe-icon-win
ERR: 无法加载控制器:Process-shenhe-icon-win

[ 2016-01-22T20:40:30+08:00 ] 127.0.0.1 /admin/claims/getClaimslist?_dc=1453466430382
INFO: [ app_begin ] --START--
INFO: Run Behavior\ReadHtmlCacheBehavior [ RunTime:0.000000s ]
INFO: [ app_begin ] --END-- [ RunTime:0.001000s ]
SQL: SHOW COLUMNS FROM `otc_user` [ RunTime:0.0100s ]
SQL: SHOW COLUMNS FROM `otc_auth_access` [ RunTime:0.0090s ]
SQL: SELECT `role_id` FROM `otc_auth_access` WHERE ( uid = 1 )  [ RunTime:0.0010s ]
SQL: SHOW COLUMNS FROM `otc_auth_role_permission` [ RunTime:0.0070s ]
SQL: SHOW COLUMNS FROM `otc_auth_role_permission` [ RunTime:0.0050s ]
SQL: SELECT DISTINCT r.permission_id,n.permission_name,lower(n.`permission_code`) as permission_code FROM otc_auth_role_permission as r INNER JOIN otc_auth_permission as n on n.permission_id = r.permission_id  WHERE r.role_id IN ('65','73','70','69','68','67','66','77','76','75','74')  [ RunTime:0.0050s ]
SQL: SHOW COLUMNS FROM `otc_cl_ctl` [ RunTime:0.0060s ]
SQL: SELECT SUM(amt_ct_last) AS tp_Sum FROM `otc_cl_ctl` LIMIT 1   [ RunTime:0.0010s ]
SQL: SHOW COLUMNS FROM `otc_cl_mast` [ RunTime:0.0070s ]
SQL: SHOW COLUMNS FROM `otc_cl_mast` [ RunTime:0.0070s ]
SQL: SELECT COUNT(*) AS tp_count FROM otc_cl_mast as d WHERE `validflag` = 1 LIMIT 1   [ RunTime:0.0010s ]
SQL: SHOW COLUMNS FROM `otc_cl_mast` [ RunTime:0.0070s ]
SQL: SELECT d.* FROM otc_cl_mast as d WHERE `validflag` = 1 ORDER BY id desc  [ RunTime:0.0020s ]

[ 2016-01-22T20:40:36+08:00 ] 127.0.0.1 /process-shenhe-icon-win
ERR: 无法加载控制器:Process-shenhe-icon-win

[ 2016-01-22T20:40:36+08:00 ] 127.0.0.1 /admin/claims/getClaimslist?_dc=1453466436418
INFO: [ app_begin ] --START--
INFO: Run Behavior\ReadHtmlCacheBehavior [ RunTime:0.000000s ]
INFO: [ app_begin ] --END-- [ RunTime:0.000000s ]
SQL: SHOW COLUMNS FROM `otc_user` [ RunTime:0.0110s ]
SQL: SHOW COLUMNS FROM `otc_auth_access` [ RunTime:0.0100s ]
SQL: SELECT `role_id` FROM `otc_auth_access` WHERE ( uid = 1 )  [ RunTime:0.0010s ]
SQL: SHOW COLUMNS FROM `otc_auth_role_permission` [ RunTime:0.0100s ]
SQL: SHOW COLUMNS FROM `otc_auth_role_permission` [ RunTime:0.0100s ]
SQL: SELECT DISTINCT r.permission_id,n.permission_name,lower(n.`permission_code`) as permission_code FROM otc_auth_role_permission as r INNER JOIN otc_auth_permission as n on n.permission_id = r.permission_id  WHERE r.role_id IN ('65','73','70','69','68','67','66','77','76','75','74')  [ RunTime:0.0060s ]
SQL: SHOW COLUMNS FROM `otc_cl_ctl` [ RunTime:0.0070s ]
SQL: SELECT SUM(amt_ct_last) AS tp_Sum FROM `otc_cl_ctl` LIMIT 1   [ RunTime:0.0010s ]
SQL: SHOW COLUMNS FROM `otc_cl_mast` [ RunTime:0.0060s ]
SQL: SHOW COLUMNS FROM `otc_cl_mast` [ RunTime:0.0060s ]
SQL: SELECT COUNT(*) AS tp_count FROM otc_cl_mast as d WHERE `validflag` = 1 LIMIT 1   [ RunTime:0.0010s ]
SQL: SHOW COLUMNS FROM `otc_cl_mast` [ RunTime:0.0070s ]
SQL: SELECT d.* FROM otc_cl_mast as d WHERE `validflag` = 1 ORDER BY id desc  [ RunTime:0.0020s ]

[ 2016-01-22T20:40:39+08:00 ] 127.0.0.1 /admin/claims/recyClaims
INFO: [ app_begin ] --START--
INFO: Run Behavior\ReadHtmlCacheBehavior [ RunTime:0.000000s ]
INFO: [ app_begin ] --END-- [ RunTime:0.001000s ]
SQL: SHOW COLUMNS FROM `otc_user` [ RunTime:0.0100s ]
SQL: SHOW COLUMNS FROM `otc_auth_access` [ RunTime:0.0070s ]
SQL: SELECT `role_id` FROM `otc_auth_access` WHERE ( uid = 1 )  [ RunTime:0.0010s ]
SQL: SHOW COLUMNS FROM `otc_auth_role_permission` [ RunTime:0.0050s ]
SQL: SHOW COLUMNS FROM `otc_auth_role_permission` [ RunTime:0.0050s ]
SQL: SELECT DISTINCT r.permission_id,n.permission_name,lower(n.`permission_code`) as permission_code FROM otc_auth_role_permission as r INNER JOIN otc_auth_permission as n on n.permission_id = r.permission_id  WHERE r.role_id IN ('65','73','70','69','68','67','66','77','76','75','74')  [ RunTime:0.0060s ]
SQL: SHOW COLUMNS FROM `otc_cl_mast` [ RunTime:0.0060s ]
INFO: [ app_end ] --START--
INFO: Run Behavior\ShowPageTraceBehavior [ RunTime:0.001000s ]
INFO: [ app_end ] --END-- [ RunTime:0.002000s ]

[ 2016-01-22T20:40:52+08:00 ] 127.0.0.1 /Admin/Access/getUserNodeList?_dc=1453466452825&page=1&start=0&limit=25
INFO: [ app_begin ] --START--
INFO: Run Behavior\ReadHtmlCacheBehavior [ RunTime:0.000000s ]
INFO: [ app_begin ] --END-- [ RunTime:0.000000s ]
SQL: SHOW COLUMNS FROM `otc_user` [ RunTime:0.0110s ]
SQL: SHOW COLUMNS FROM `otc_auth_access` [ RunTime:0.0100s ]
SQL: SELECT `role_id` FROM `otc_auth_access` WHERE ( uid = 1 )  [ RunTime:0.0010s ]
SQL: SHOW COLUMNS FROM `otc_auth_role_node` [ RunTime:0.0100s ]
SQL: SHOW COLUMNS FROM `otc_auth_role_node` [ RunTime:0.0080s ]
SQL: SELECT DISTINCT r.node_id,n.name,n.pid,n.module,n.iconCls,n.group,n.url FROM otc_auth_role_node as r INNER JOIN otc_auth_node as n on n.id = r.node_id  WHERE r.role_id IN ('65','73','70','69','68','67','66','77','76','75','74') AND n.type = 1 ORDER BY n.sort asc, n.id desc  [ RunTime:0.0030s ]

[ 2016-01-22T20:40:55+08:00 ] 127.0.0.1 /process-shenhe-icon-win
ERR: 无法加载控制器:Process-shenhe-icon-win

[ 2016-01-22T20:40:56+08:00 ] 127.0.0.1 /admin/claims/getClaimslist?_dc=1453466455974
INFO: [ app_begin ] --START--
INFO: Run Behavior\ReadHtmlCacheBehavior [ RunTime:0.000000s ]
INFO: [ app_begin ] --END-- [ RunTime:0.000000s ]
SQL: SHOW COLUMNS FROM `otc_user` [ RunTime:0.0100s ]
SQL: SHOW COLUMNS FROM `otc_auth_access` [ RunTime:0.0090s ]
SQL: SELECT `role_id` FROM `otc_auth_access` WHERE ( uid = 1 )  [ RunTime:0.0010s ]
SQL: SHOW COLUMNS FROM `otc_auth_role_permission` [ RunTime:0.0090s ]
SQL: SHOW COLUMNS FROM `otc_auth_role_permission` [ RunTime:0.0090s ]
SQL: SELECT DISTINCT r.permission_id,n.permission_name,lower(n.`permission_code`) as permission_code FROM otc_auth_role_permission as r INNER JOIN otc_auth_permission as n on n.permission_id = r.permission_id  WHERE r.role_id IN ('65','73','70','69','68','67','66','77','76','75','74')  [ RunTime:0.0050s ]
SQL: SHOW COLUMNS FROM `otc_cl_ctl` [ RunTime:0.0050s ]
SQL: SELECT SUM(amt_ct_last) AS tp_Sum FROM `otc_cl_ctl` LIMIT 1   [ RunTime:0.0010s ]
SQL: SHOW COLUMNS FROM `otc_cl_mast` [ RunTime:0.0070s ]
SQL: SHOW COLUMNS FROM `otc_cl_mast` [ RunTime:0.0060s ]
SQL: SELECT COUNT(*) AS tp_count FROM otc_cl_mast as d WHERE `validflag` = 1 LIMIT 1   [ RunTime:0.0000s ]
SQL: SHOW COLUMNS FROM `otc_cl_mast` [ RunTime:0.0060s ]
SQL: SELECT d.* FROM otc_cl_mast as d WHERE `validflag` = 1 ORDER BY id desc  [ RunTime:0.0030s ]

[ 2016-01-22T20:40:59+08:00 ] 127.0.0.1 /admin/claims/recyClaims
INFO: [ app_begin ] --START--
INFO: Run Behavior\ReadHtmlCacheBehavior [ RunTime:0.001000s ]
INFO: [ app_begin ] --END-- [ RunTime:0.001000s ]
SQL: SHOW COLUMNS FROM `otc_user` [ RunTime:0.0100s ]
SQL: SHOW COLUMNS FROM `otc_auth_access` [ RunTime:0.0090s ]
SQL: SELECT `role_id` FROM `otc_auth_access` WHERE ( uid = 1 )  [ RunTime:0.0010s ]
SQL: SHOW COLUMNS FROM `otc_auth_role_permission` [ RunTime:0.0100s ]
SQL: SHOW COLUMNS FROM `otc_auth_role_permission` [ RunTime:0.0090s ]
SQL: SELECT DISTINCT r.permission_id,n.permission_name,lower(n.`permission_code`) as permission_code FROM otc_auth_role_permission as r INNER JOIN otc_auth_permission as n on n.permission_id = r.permission_id  WHERE r.role_id IN ('65','73','70','69','68','67','66','77','76','75','74')  [ RunTime:0.0060s ]
SQL: SHOW COLUMNS FROM `otc_cl_mast` [ RunTime:0.0080s ]
SQL: DELETE FROM `otc_cl_mast` WHERE `id` = 39 AND `status` IN ('1','3') [ RunTime:0.0010s ]

[ 2016-01-22T20:47:36+08:00 ] 127.0.0.1 /Admin/Access/getUserNodeList?_dc=1453466856159&page=1&start=0&limit=25
INFO: [ app_begin ] --START--
INFO: Run Behavior\ReadHtmlCacheBehavior [ RunTime:0.000000s ]
INFO: [ app_begin ] --END-- [ RunTime:0.001000s ]
SQL: SHOW COLUMNS FROM `otc_user` [ RunTime:0.0110s ]
SQL: SHOW COLUMNS FROM `otc_auth_access` [ RunTime:0.0090s ]
SQL: SELECT `role_id` FROM `otc_auth_access` WHERE ( uid = 1 )  [ RunTime:0.0010s ]
SQL: SHOW COLUMNS FROM `otc_auth_role_node` [ RunTime:0.0100s ]
SQL: SHOW COLUMNS FROM `otc_auth_role_node` [ RunTime:0.0050s ]
SQL: SELECT DISTINCT r.node_id,n.name,n.pid,n.module,n.iconCls,n.group,n.url FROM otc_auth_role_node as r INNER JOIN otc_auth_node as n on n.id = r.node_id  WHERE r.role_id IN ('65','73','70','69','68','67','66','77','76','75','74') AND n.type = 1 ORDER BY n.sort asc, n.id desc  [ RunTime:0.0020s ]

[ 2016-01-22T20:47:41+08:00 ] 127.0.0.1 /process-shenhe-icon-win
ERR: 无法加载控制器:Process-shenhe-icon-win

[ 2016-01-22T20:47:41+08:00 ] 127.0.0.1 /admin/claims/getClaimslist?_dc=1453466861713
INFO: [ app_begin ] --START--
INFO: Run Behavior\ReadHtmlCacheBehavior [ RunTime:0.000000s ]
INFO: [ app_begin ] --END-- [ RunTime:0.001000s ]
SQL: SHOW COLUMNS FROM `otc_user` [ RunTime:0.0100s ]
SQL: SHOW COLUMNS FROM `otc_auth_access` [ RunTime:0.0110s ]
SQL: SELECT `role_id` FROM `otc_auth_access` WHERE ( uid = 1 )  [ RunTime:0.0020s ]
SQL: SHOW COLUMNS FROM `otc_auth_role_permission` [ RunTime:0.0060s ]
SQL: SHOW COLUMNS FROM `otc_auth_role_permission` [ RunTime:0.0050s ]
SQL: SELECT DISTINCT r.permission_id,n.permission_name,lower(n.`permission_code`) as permission_code FROM otc_auth_role_permission as r INNER JOIN otc_auth_permission as n on n.permission_id = r.permission_id  WHERE r.role_id IN ('65','73','70','69','68','67','66','77','76','75','74')  [ RunTime:0.0050s ]
SQL: SHOW COLUMNS FROM `otc_cl_ctl` [ RunTime:0.0060s ]
SQL: SELECT SUM(amt_ct_last) AS tp_Sum FROM `otc_cl_ctl` LIMIT 1   [ RunTime:0.0010s ]
SQL: SHOW COLUMNS FROM `otc_cl_mast` [ RunTime:0.0070s ]
SQL: SHOW COLUMNS FROM `otc_cl_mast` [ RunTime:0.0050s ]
SQL: SELECT COUNT(*) AS tp_count FROM otc_cl_mast as d WHERE `validflag` = 1 LIMIT 1   [ RunTime:0.0010s ]
SQL: SHOW COLUMNS FROM `otc_cl_mast` [ RunTime:0.0050s ]
SQL: SELECT d.* FROM otc_cl_mast as d WHERE `validflag` = 1 ORDER BY id desc  [ RunTime:0.0020s ]

[ 2016-01-22T20:47:52+08:00 ] 127.0.0.1 /admin/claims/recyClaims
INFO: [ app_begin ] --START--
INFO: Run Behavior\ReadHtmlCacheBehavior [ RunTime:0.001000s ]
INFO: [ app_begin ] --END-- [ RunTime:0.001000s ]
SQL: SHOW COLUMNS FROM `otc_user` [ RunTime:0.0120s ]
SQL: SHOW COLUMNS FROM `otc_auth_access` [ RunTime:0.0090s ]
SQL: SELECT `role_id` FROM `otc_auth_access` WHERE ( uid = 1 )  [ RunTime:0.0020s ]
SQL: SHOW COLUMNS FROM `otc_auth_role_permission` [ RunTime:0.0100s ]
SQL: SHOW COLUMNS FROM `otc_auth_role_permission` [ RunTime:0.0060s ]
SQL: SELECT DISTINCT r.permission_id,n.permission_name,lower(n.`permission_code`) as permission_code FROM otc_auth_role_permission as r INNER JOIN otc_auth_permission as n on n.permission_id = r.permission_id  WHERE r.role_id IN ('65','73','70','69','68','67','66','77','76','75','74')  [ RunTime:0.0060s ]
SQL: SHOW COLUMNS FROM `otc_cl_mast` [ RunTime:0.0070s ]
INFO: [ app_end ] --START--
INFO: Run Behavior\ShowPageTraceBehavior [ RunTime:0.002001s ]
INFO: [ app_end ] --END-- [ RunTime:0.002001s ]

[ 2016-01-22T20:48:16+08:00 ] 127.0.0.1 /common/login.html
INFO: [ app_begin ] --START--
INFO: Run Behavior\ReadHtmlCacheBehavior [ RunTime:0.000000s ]
INFO: [ app_begin ] --END-- [ RunTime:0.001000s ]
SQL: SHOW COLUMNS FROM `otc_user` [ RunTime:0.0110s ]
SQL: SELECT * FROM `otc_user` WHERE ( email = 'zb@zb.com' and password = 'e10adc3949ba59abbe56e057f20f883e' and status = 1 ) LIMIT 1   [ RunTime:0.0020s ]
SQL: SELECT * FROM `otc_user` WHERE `email` = 'zb@zb.com' LIMIT 1   [ RunTime:0.0020s ]

[ 2016-01-22T20:48:18+08:00 ] 127.0.0.1 /Admin/Access/getUserNodeList?_dc=1453466898293&page=1&start=0&limit=25
INFO: [ app_begin ] --START--
INFO: Run Behavior\ReadHtmlCacheBehavior [ RunTime:0.000000s ]
INFO: [ app_begin ] --END-- [ RunTime:0.001000s ]
SQL: SHOW COLUMNS FROM `otc_user` [ RunTime:0.0100s ]
SQL: SHOW COLUMNS FROM `otc_auth_access` [ RunTime:0.0090s ]
SQL: SELECT `role_id` FROM `otc_auth_access` WHERE ( uid = 1 )  [ RunTime:0.0010s ]
SQL: SHOW COLUMNS FROM `otc_auth_role_node` [ RunTime:0.0080s ]
SQL: SHOW COLUMNS FROM `otc_auth_role_node` [ RunTime:0.0050s ]
SQL: SELECT DISTINCT r.node_id,n.name,n.pid,n.module,n.iconCls,n.group,n.url FROM otc_auth_role_node as r INNER JOIN otc_auth_node as n on n.id = r.node_id  WHERE r.role_id IN ('65','73','70','69','68','67','66','77','76','75','74') AND n.type = 1 ORDER BY n.sort asc, n.id desc  [ RunTime:0.0030s ]

[ 2016-01-22T20:48:31+08:00 ] 127.0.0.1 /index/notebook-icon-win
ERR: 非法操作:notebook-icon-win

[ 2016-01-22T20:48:31+08:00 ] 127.0.0.1 /admin/claims/getClaimsReleaseList?_dc=1453466911558
INFO: [ app_begin ] --START--
INFO: Run Behavior\ReadHtmlCacheBehavior [ RunTime:0.001000s ]
INFO: [ app_begin ] --END-- [ RunTime:0.001000s ]
SQL: SHOW COLUMNS FROM `otc_user` [ RunTime:0.0100s ]
SQL: SHOW COLUMNS FROM `otc_auth_access` [ RunTime:0.0090s ]
SQL: SELECT `role_id` FROM `otc_auth_access` WHERE ( uid = 1 )  [ RunTime:0.0010s ]
SQL: SHOW COLUMNS FROM `otc_auth_role_permission` [ RunTime:0.0070s ]
SQL: SHOW COLUMNS FROM `otc_auth_role_permission` [ RunTime:0.0060s ]
SQL: SELECT DISTINCT r.permission_id,n.permission_name,lower(n.`permission_code`) as permission_code FROM otc_auth_role_permission as r INNER JOIN otc_auth_permission as n on n.permission_id = r.permission_id  WHERE r.role_id IN ('65','73','70','69','68','67','66','77','76','75','74')  [ RunTime:0.0060s ]
SQL: SHOW COLUMNS FROM `otc_cl_mast` [ RunTime:0.0070s ]
SQL: SHOW COLUMNS FROM `otc_cl_mast` [ RunTime:0.0110s ]
SQL: SELECT COUNT(*) AS tp_count FROM otc_cl_mast as d WHERE `validflag` = 1 AND `status` = 2 LIMIT 1   [ RunTime:0.0000s ]
SQL: SHOW COLUMNS FROM `otc_cl_mast` [ RunTime:0.0070s ]
SQL: SELECT d.* FROM otc_cl_mast as d WHERE `validflag` = 1 AND `status` = 2 ORDER BY id desc  [ RunTime:0.0030s ]

[ 2016-01-22T20:48:52+08:00 ] 127.0.0.1 /index/notebook-icon-win
ERR: 非法操作:notebook-icon-win

[ 2016-01-22T20:48:52+08:00 ] 127.0.0.1 /admin/claims/getClaimsReleaseList?_dc=1453466932156
INFO: [ app_begin ] --START--
INFO: Run Behavior\ReadHtmlCacheBehavior [ RunTime:0.000000s ]
INFO: [ app_begin ] --END-- [ RunTime:0.000000s ]
SQL: SHOW COLUMNS FROM `otc_user` [ RunTime:0.0100s ]
SQL: SHOW COLUMNS FROM `otc_auth_access` [ RunTime:0.0090s ]
SQL: SELECT `role_id` FROM `otc_auth_access` WHERE ( uid = 1 )  [ RunTime:0.0010s ]
SQL: SHOW COLUMNS FROM `otc_auth_role_permission` [ RunTime:0.0070s ]
SQL: SHOW COLUMNS FROM `otc_auth_role_permission` [ RunTime:0.0060s ]
SQL: SELECT DISTINCT r.permission_id,n.permission_name,lower(n.`permission_code`) as permission_code FROM otc_auth_role_permission as r INNER JOIN otc_auth_permission as n on n.permission_id = r.permission_id  WHERE r.role_id IN ('65','73','70','69','68','67','66','77','76','75','74')  [ RunTime:0.0050s ]
SQL: SHOW COLUMNS FROM `otc_cl_mast` [ RunTime:0.0060s ]
SQL: SHOW COLUMNS FROM `otc_cl_mast` [ RunTime:0.0060s ]
SQL: SELECT COUNT(*) AS tp_count FROM otc_cl_mast as d WHERE `validflag` = 1 AND `status` = 2 LIMIT 1   [ RunTime:0.0010s ]
SQL: SHOW COLUMNS FROM `otc_cl_mast` [ RunTime:0.0070s ]
SQL: SELECT d.* FROM otc_cl_mast as d WHERE `validflag` = 1 AND `status` = 2 ORDER BY id desc  [ RunTime:0.0020s ]

[ 2016-01-22T20:48:56+08:00 ] 127.0.0.1 /index/process-huishou-icon-win
ERR: 非法操作:process-huishou-icon-win

[ 2016-01-22T20:48:56+08:00 ] 127.0.0.1 /admin/claims/claimsManager?_dc=1453466936396
INFO: [ app_begin ] --START--
INFO: Run Behavior\ReadHtmlCacheBehavior [ RunTime:0.000000s ]
INFO: [ app_begin ] --END-- [ RunTime:0.000000s ]
SQL: SHOW COLUMNS FROM `otc_user` [ RunTime:0.0110s ]
SQL: SHOW COLUMNS FROM `otc_auth_access` [ RunTime:0.0090s ]
SQL: SELECT `role_id` FROM `otc_auth_access` WHERE ( uid = 1 )  [ RunTime:0.0020s ]
SQL: SHOW COLUMNS FROM `otc_auth_role_permission` [ RunTime:0.0090s ]
SQL: SHOW COLUMNS FROM `otc_auth_role_permission` [ RunTime:0.0070s ]
SQL: SELECT DISTINCT r.permission_id,n.permission_name,lower(n.`permission_code`) as permission_code FROM otc_auth_role_permission as r INNER JOIN otc_auth_permission as n on n.permission_id = r.permission_id  WHERE r.role_id IN ('65','73','70','69','68','67','66','77','76','75','74')  [ RunTime:0.0050s ]
SQL: SHOW COLUMNS FROM `otc_cl_mast` [ RunTime:0.0060s ]
NOTIC: [8] Undefined variable: where D:\ svn\otc\Application\Admin\Controller\ClaimsController.class.php 第 578 行.
SQL: SELECT COUNT(*) AS tp_count FROM otc_cl_mast a LEFT JOIN otc_cf_mast b ON a.cf_mast_id=b.id LEFT JOIN otc_cl_ctl c ON a.id=c.cod_cl_id  LIMIT 1   [ RunTime:0.0010s ]
NOTIC: [8] Undefined variable: where D:\ svn\otc\Application\Admin\Controller\ClaimsController.class.php 第 579 行.
SQL: SELECT a.id,b.title,a.status,c.amt_ct_last,a.dat_create FROM otc_cl_mast a LEFT JOIN otc_cf_mast b ON a.cf_mast_id=b.id LEFT JOIN otc_cl_ctl c ON a.id=c.cod_cl_id  LIMIT 0,25   [ RunTime:0.0020s ]

[ 2016-01-22T20:48:56+08:00 ] 127.0.0.1 /admin/claims/claimsManager?_dc=1453466936404
INFO: [ app_begin ] --START--
INFO: Run Behavior\ReadHtmlCacheBehavior [ RunTime:0.000000s ]
INFO: [ app_begin ] --END-- [ RunTime:0.001000s ]
SQL: SHOW COLUMNS FROM `otc_user` [ RunTime:0.0080s ]
SQL: SHOW COLUMNS FROM `otc_auth_access` [ RunTime:0.0090s ]
SQL: SELECT `role_id` FROM `otc_auth_access` WHERE ( uid = 1 )  [ RunTime:0.0010s ]
SQL: SHOW COLUMNS FROM `otc_auth_role_permission` [ RunTime:0.0100s ]
SQL: SHOW COLUMNS FROM `otc_auth_role_permission` [ RunTime:0.0060s ]
SQL: SELECT DISTINCT r.permission_id,n.permission_name,lower(n.`permission_code`) as permission_code FROM otc_auth_role_permission as r INNER JOIN otc_auth_permission as n on n.permission_id = r.permission_id  WHERE r.role_id IN ('65','73','70','69','68','67','66','77','76','75','74')  [ RunTime:0.0050s ]
SQL: SHOW COLUMNS FROM `otc_cl_mast` [ RunTime:0.0060s ]
NOTIC: [8] Undefined variable: where D:\ svn\otc\Application\Admin\Controller\ClaimsController.class.php 第 578 行.
SQL: SELECT COUNT(*) AS tp_count FROM otc_cl_mast a LEFT JOIN otc_cf_mast b ON a.cf_mast_id=b.id LEFT JOIN otc_cl_ctl c ON a.id=c.cod_cl_id  LIMIT 1   [ RunTime:0.0010s ]
NOTIC: [8] Undefined variable: where D:\ svn\otc\Application\Admin\Controller\ClaimsController.class.php 第 579 行.
SQL: SELECT a.id,b.title,a.status,c.amt_ct_last,a.dat_create FROM otc_cl_mast a LEFT JOIN otc_cf_mast b ON a.cf_mast_id=b.id LEFT JOIN otc_cl_ctl c ON a.id=c.cod_cl_id  LIMIT 0,25   [ RunTime:0.0020s ]

[ 2016-01-22T20:48:56+08:00 ] 127.0.0.1 /admin/claims/claimsManager?_dc=1453466936412
INFO: [ app_begin ] --START--
INFO: Run Behavior\ReadHtmlCacheBehavior [ RunTime:0.000000s ]
INFO: [ app_begin ] --END-- [ RunTime:0.001000s ]
SQL: SHOW COLUMNS FROM `otc_user` [ RunTime:0.0100s ]
SQL: SHOW COLUMNS FROM `otc_auth_access` [ RunTime:0.0090s ]
SQL: SELECT `role_id` FROM `otc_auth_access` WHERE ( uid = 1 )  [ RunTime:0.0020s ]
SQL: SHOW COLUMNS FROM `otc_auth_role_permission` [ RunTime:0.0070s ]
SQL: SHOW COLUMNS FROM `otc_auth_role_permission` [ RunTime:0.0050s ]
SQL: SELECT DISTINCT r.permission_id,n.permission_name,lower(n.`permission_code`) as permission_code FROM otc_auth_role_permission as r INNER JOIN otc_auth_permission as n on n.permission_id = r.permission_id  WHERE r.role_id IN ('65','73','70','69','68','67','66','77','76','75','74')  [ RunTime:0.0050s ]
SQL: SHOW COLUMNS FROM `otc_cl_mast` [ RunTime:0.0070s ]
NOTIC: [8] Undefined variable: where D:\ svn\otc\Application\Admin\Controller\ClaimsController.class.php 第 578 行.
SQL: SELECT COUNT(*) AS tp_count FROM otc_cl_mast a LEFT JOIN otc_cf_mast b ON a.cf_mast_id=b.id LEFT JOIN otc_cl_ctl c ON a.id=c.cod_cl_id  LIMIT 1   [ RunTime:0.0010s ]
NOTIC: [8] Undefined variable: where D:\ svn\otc\Application\Admin\Controller\ClaimsController.class.php 第 579 行.
SQL: SELECT a.id,b.title,a.status,c.amt_ct_last,a.dat_create FROM otc_cl_mast a LEFT JOIN otc_cf_mast b ON a.cf_mast_id=b.id LEFT JOIN otc_cl_ctl c ON a.id=c.cod_cl_id  LIMIT 0,25   [ RunTime:0.0020s ]

[ 2016-01-22T20:48:56+08:00 ] 127.0.0.1 /admin/claims/claimsManager?_dc=1453466936420
INFO: [ app_begin ] --START--
INFO: Run Behavior\ReadHtmlCacheBehavior [ RunTime:0.000000s ]
INFO: [ app_begin ] --END-- [ RunTime:0.000000s ]
SQL: SHOW COLUMNS FROM `otc_user` [ RunTime:0.0060s ]
SQL: SHOW COLUMNS FROM `otc_auth_access` [ RunTime:0.0050s ]
SQL: SELECT `role_id` FROM `otc_auth_access` WHERE ( uid = 1 )  [ RunTime:0.0010s ]
SQL: SHOW COLUMNS FROM `otc_auth_role_permission` [ RunTime:0.0060s ]
SQL: SHOW COLUMNS FROM `otc_auth_role_permission` [ RunTime:0.0050s ]
SQL: SELECT DISTINCT r.permission_id,n.permission_name,lower(n.`permission_code`) as permission_code FROM otc_auth_role_permission as r INNER JOIN otc_auth_permission as n on n.permission_id = r.permission_id  WHERE r.role_id IN ('65','73','70','69','68','67','66','77','76','75','74')  [ RunTime:0.0050s ]
SQL: SHOW COLUMNS FROM `otc_cl_mast` [ RunTime:0.0060s ]
NOTIC: [8] Undefined variable: where D:\ svn\otc\Application\Admin\Controller\ClaimsController.class.php 第 578 行.
SQL: SELECT COUNT(*) AS tp_count FROM otc_cl_mast a LEFT JOIN otc_cf_mast b ON a.cf_mast_id=b.id LEFT JOIN otc_cl_ctl c ON a.id=c.cod_cl_id  LIMIT 1   [ RunTime:0.0010s ]
NOTIC: [8] Undefined variable: where D:\ svn\otc\Application\Admin\Controller\ClaimsController.class.php 第 579 行.
SQL: SELECT a.id,b.title,a.status,c.amt_ct_last,a.dat_create FROM otc_cl_mast a LEFT JOIN otc_cf_mast b ON a.cf_mast_id=b.id LEFT JOIN otc_cl_ctl c ON a.id=c.cod_cl_id  LIMIT 0,25   [ RunTime:0.0020s ]

[ 2016-01-22T20:48:57+08:00 ] 127.0.0.1 /index/process-pinfen-icon-win
ERR: 非法操作:process-pinfen-icon-win

[ 2016-01-22T20:48:57+08:00 ] 127.0.0.1 /admin/claims/claimRecord?_dc=1453466937560
INFO: [ app_begin ] --START--
INFO: Run Behavior\ReadHtmlCacheBehavior [ RunTime:0.000000s ]
INFO: [ app_begin ] --END-- [ RunTime:0.001000s ]
SQL: SHOW COLUMNS FROM `otc_user` [ RunTime:0.0100s ]
SQL: SHOW COLUMNS FROM `otc_auth_access` [ RunTime:0.0110s ]
SQL: SELECT `role_id` FROM `otc_auth_access` WHERE ( uid = 1 )  [ RunTime:0.0010s ]
SQL: SHOW COLUMNS FROM `otc_auth_role_permission` [ RunTime:0.0060s ]
SQL: SHOW COLUMNS FROM `otc_auth_role_permission` [ RunTime:0.0050s ]
SQL: SELECT DISTINCT r.permission_id,n.permission_name,lower(n.`permission_code`) as permission_code FROM otc_auth_role_permission as r INNER JOIN otc_auth_permission as n on n.permission_id = r.permission_id  WHERE r.role_id IN ('65','73','70','69','68','67','66','77','76','75','74')  [ RunTime:0.0050s ]

[ 2016-01-22T20:51:02+08:00 ] 127.0.0.1 /Admin/Access/getUserNodeList?_dc=1453467062914&page=1&start=0&limit=25
INFO: [ app_begin ] --START--
INFO: Run Behavior\ReadHtmlCacheBehavior [ RunTime:0.000000s ]
INFO: [ app_begin ] --END-- [ RunTime:0.000000s ]
SQL: SHOW COLUMNS FROM `otc_user` [ RunTime:0.0100s ]
SQL: SHOW COLUMNS FROM `otc_auth_access` [ RunTime:0.0050s ]
SQL: SELECT `role_id` FROM `otc_auth_access` WHERE ( uid = 1 )  [ RunTime:0.0010s ]
SQL: SHOW COLUMNS FROM `otc_auth_role_node` [ RunTime:0.0060s ]
SQL: SHOW COLUMNS FROM `otc_auth_role_node` [ RunTime:0.0060s ]
SQL: SELECT DISTINCT r.node_id,n.name,n.pid,n.module,n.iconCls,n.group,n.url FROM otc_auth_role_node as r INNER JOIN otc_auth_node as n on n.id = r.node_id  WHERE r.role_id IN ('65','73','70','69','68','67','66','77','76','75','74') AND n.type = 1 ORDER BY n.sort asc, n.id desc  [ RunTime:0.0030s ]

[ 2016-01-22T20:51:08+08:00 ] 127.0.0.1 /process-huishou-icon-win
ERR: 无法加载控制器:Process-huishou-icon-win

[ 2016-01-22T20:51:08+08:00 ] 127.0.0.1 /admin/claims/claimsManager?_dc=1453467068069
INFO: [ app_begin ] --START--
INFO: Run Behavior\ReadHtmlCacheBehavior [ RunTime:0.001000s ]
INFO: [ app_begin ] --END-- [ RunTime:0.001000s ]
SQL: SHOW COLUMNS FROM `otc_user` [ RunTime:0.0100s ]
SQL: SHOW COLUMNS FROM `otc_auth_access` [ RunTime:0.0100s ]
SQL: SELECT `role_id` FROM `otc_auth_access` WHERE ( uid = 1 )  [ RunTime:0.0010s ]
SQL: SHOW COLUMNS FROM `otc_auth_role_permission` [ RunTime:0.0100s ]
SQL: SHOW COLUMNS FROM `otc_auth_role_permission` [ RunTime:0.0090s ]
SQL: SELECT DISTINCT r.permission_id,n.permission_name,lower(n.`permission_code`) as permission_code FROM otc_auth_role_permission as r INNER JOIN otc_auth_permission as n on n.permission_id = r.permission_id  WHERE r.role_id IN ('65','73','70','69','68','67','66','77','76','75','74')  [ RunTime:0.0070s ]
SQL: SHOW COLUMNS FROM `otc_cl_mast` [ RunTime:0.0060s ]
NOTIC: [8] Undefined variable: where D:\ svn\otc\Application\Admin\Controller\ClaimsController.class.php 第 577 行.
SQL: SELECT COUNT(*) AS tp_count FROM otc_cl_mast a LEFT JOIN otc_cf_mast b ON a.cf_mast_id=b.id LEFT JOIN otc_cl_ctl c ON a.id=c.cod_cl_id  LIMIT 1   [ RunTime:0.0010s ]
NOTIC: [8] Undefined variable: where D:\ svn\otc\Application\Admin\Controller\ClaimsController.class.php 第 578 行.
SQL: SELECT a.id,b.title,a.status,c.amt_ct_last,a.dat_create FROM otc_cl_mast a LEFT JOIN otc_cf_mast b ON a.cf_mast_id=b.id LEFT JOIN otc_cl_ctl c ON a.id=c.cod_cl_id  LIMIT 0,25   [ RunTime:0.0020s ]

[ 2016-01-22T20:51:11+08:00 ] 127.0.0.1 /Admin/Access/getUserNodeList?_dc=1453467071641&page=1&start=0&limit=25
INFO: [ app_begin ] --START--
INFO: Run Behavior\ReadHtmlCacheBehavior [ RunTime:0.001000s ]
INFO: [ app_begin ] --END-- [ RunTime:0.001000s ]
SQL: SHOW COLUMNS FROM `otc_user` [ RunTime:0.0110s ]
SQL: SHOW COLUMNS FROM `otc_auth_access` [ RunTime:0.0090s ]
SQL: SELECT `role_id` FROM `otc_auth_access` WHERE ( uid = 1 )  [ RunTime:0.0010s ]
SQL: SHOW COLUMNS FROM `otc_auth_role_node` [ RunTime:0.0070s ]
SQL: SHOW COLUMNS FROM `otc_auth_role_node` [ RunTime:0.0060s ]
SQL: SELECT DISTINCT r.node_id,n.name,n.pid,n.module,n.iconCls,n.group,n.url FROM otc_auth_role_node as r INNER JOIN otc_auth_node as n on n.id = r.node_id  WHERE r.role_id IN ('65','73','70','69','68','67','66','77','76','75','74') AND n.type = 1 ORDER BY n.sort asc, n.id desc  [ RunTime:0.0030s ]

[ 2016-01-22T20:51:24+08:00 ] 127.0.0.1 /process-huishou-icon-win
ERR: 无法加载控制器:Process-huishou-icon-win

[ 2016-01-22T20:51:24+08:00 ] 127.0.0.1 /admin/claims/claimsManager?_dc=1453467084214
INFO: [ app_begin ] --START--
INFO: Run Behavior\ReadHtmlCacheBehavior [ RunTime:0.002000s ]
INFO: [ app_begin ] --END-- [ RunTime:0.002000s ]
SQL: SHOW COLUMNS FROM `otc_user` [ RunTime:0.0110s ]
SQL: SHOW COLUMNS FROM `otc_auth_access` [ RunTime:0.0090s ]
SQL: SELECT `role_id` FROM `otc_auth_access` WHERE ( uid = 1 )  [ RunTime:0.0010s ]
SQL: SHOW COLUMNS FROM `otc_auth_role_permission` [ RunTime:0.0100s ]
SQL: SHOW COLUMNS FROM `otc_auth_role_permission` [ RunTime:0.0090s ]
SQL: SELECT DISTINCT r.permission_id,n.permission_name,lower(n.`permission_code`) as permission_code FROM otc_auth_role_permission as r INNER JOIN otc_auth_permission as n on n.permission_id = r.permission_id  WHERE r.role_id IN ('65','73','70','69','68','67','66','77','76','75','74')  [ RunTime:0.0070s ]
SQL: SHOW COLUMNS FROM `otc_cl_mast` [ RunTime:0.0070s ]
NOTIC: [8] Undefined variable: where D:\ svn\otc\Application\Admin\Controller\ClaimsController.class.php 第 577 行.
SQL: SELECT COUNT(*) AS tp_count FROM otc_cl_mast a LEFT JOIN otc_cf_mast b ON a.cf_mast_id=b.id LEFT JOIN otc_cl_ctl c ON a.id=c.cod_cl_id  LIMIT 1   [ RunTime:0.0010s ]
NOTIC: [8] Undefined variable: where D:\ svn\otc\Application\Admin\Controller\ClaimsController.class.php 第 578 行.
SQL: SELECT a.id,b.title,a.status,c.amt_ct_last,a.dat_create FROM otc_cl_mast a LEFT JOIN otc_cf_mast b ON a.cf_mast_id=b.id LEFT JOIN otc_cl_ctl c ON a.id=c.cod_cl_id  LIMIT 0,25   [ RunTime:0.0020s ]

[ 2016-01-22T20:51:41+08:00 ] 127.0.0.1 /process-shenhe-icon-win
ERR: 无法加载控制器:Process-shenhe-icon-win

[ 2016-01-22T20:51:41+08:00 ] 127.0.0.1 /admin/claims/getClaimslist?_dc=1453467101109
INFO: [ app_begin ] --START--
INFO: Run Behavior\ReadHtmlCacheBehavior [ RunTime:0.000000s ]
INFO: [ app_begin ] --END-- [ RunTime:0.000000s ]
SQL: SHOW COLUMNS FROM `otc_user` [ RunTime:0.0110s ]
SQL: SHOW COLUMNS FROM `otc_auth_access` [ RunTime:0.0100s ]
SQL: SELECT `role_id` FROM `otc_auth_access` WHERE ( uid = 1 )  [ RunTime:0.0010s ]
SQL: SHOW COLUMNS FROM `otc_auth_role_permission` [ RunTime:0.0100s ]
SQL: SHOW COLUMNS FROM `otc_auth_role_permission` [ RunTime:0.0050s ]
SQL: SELECT DISTINCT r.permission_id,n.permission_name,lower(n.`permission_code`) as permission_code FROM otc_auth_role_permission as r INNER JOIN otc_auth_permission as n on n.permission_id = r.permission_id  WHERE r.role_id IN ('65','73','70','69','68','67','66','77','76','75','74')  [ RunTime:0.0060s ]
SQL: SHOW COLUMNS FROM `otc_cl_ctl` [ RunTime:0.0050s ]
SQL: SELECT SUM(amt_ct_last) AS tp_Sum FROM `otc_cl_ctl` LIMIT 1   [ RunTime:0.0010s ]
SQL: SHOW COLUMNS FROM `otc_cl_mast` [ RunTime:0.0070s ]
SQL: SHOW COLUMNS FROM `otc_cl_mast` [ RunTime:0.0060s ]
SQL: SELECT COUNT(*) AS tp_count FROM otc_cl_mast as d WHERE `validflag` = 1 LIMIT 1   [ RunTime:0.0010s ]
SQL: SHOW COLUMNS FROM `otc_cl_mast` [ RunTime:0.0050s ]
SQL: SELECT d.* FROM otc_cl_mast as d WHERE `validflag` = 1 ORDER BY id desc  [ RunTime:0.0020s ]

[ 2016-01-22T20:51:44+08:00 ] 127.0.0.1 /admin/claims/recyClaims
INFO: [ app_begin ] --START--
INFO: Run Behavior\ReadHtmlCacheBehavior [ RunTime:0.000000s ]
INFO: [ app_begin ] --END-- [ RunTime:0.000000s ]
SQL: SHOW COLUMNS FROM `otc_user` [ RunTime:0.0110s ]
SQL: SHOW COLUMNS FROM `otc_auth_access` [ RunTime:0.0090s ]
SQL: SELECT `role_id` FROM `otc_auth_access` WHERE ( uid = 1 )  [ RunTime:0.0010s ]
SQL: SHOW COLUMNS FROM `otc_auth_role_permission` [ RunTime:0.0090s ]
SQL: SHOW COLUMNS FROM `otc_auth_role_permission` [ RunTime:0.0090s ]
SQL: SELECT DISTINCT r.permission_id,n.permission_name,lower(n.`permission_code`) as permission_code FROM otc_auth_role_permission as r INNER JOIN otc_auth_permission as n on n.permission_id = r.permission_id  WHERE r.role_id IN ('65','73','70','69','68','67','66','77','76','75','74')  [ RunTime:0.0070s ]
SQL: SHOW COLUMNS FROM `otc_cl_mast` [ RunTime:0.0070s ]
SQL: UPDATE `otc_cl_mast` SET `validflag`='1',`dat_modify`='2016-01-22 20:51:44',`usr_modify`='1' WHERE `id` = 39 AND `status` IN ('1','3') [ RunTime:0.0010s ]

