[ 2016-01-23T12:13:44+08:00 ] 127.0.0.1 /common/login.html
INFO: [ app_begin ] --START--
INFO: Run Behavior\ReadHtmlCacheBehavior [ RunTime:0.000000s ]
INFO: [ app_begin ] --END-- [ RunTime:0.000000s ]
SQL: SHOW COLUMNS FROM `otc_user` [ RunTime:0.0120s ]
SQL: SELECT * FROM `otc_user` WHERE ( email = 'zb@zb.com' and password = 'e10adc3949ba59abbe56e057f20f883e' and status = 1 ) LIMIT 1   [ RunTime:0.0030s ]
SQL: SELECT * FROM `otc_user` WHERE `email` = 'zb@zb.com' LIMIT 1   [ RunTime:0.0030s ]

[ 2016-01-23T12:13:45+08:00 ] 127.0.0.1 /Admin/Access/getUserNodeList?_dc=1453522425669&page=1&start=0&limit=25
INFO: [ app_begin ] --START--
INFO: Run Behavior\ReadHtmlCacheBehavior [ RunTime:0.001000s ]
INFO: [ app_begin ] --END-- [ RunTime:0.001000s ]
SQL: SHOW COLUMNS FROM `otc_user` [ RunTime:0.0110s ]
SQL: SHOW COLUMNS FROM `otc_auth_access` [ RunTime:0.0100s ]
SQL: SELECT `role_id` FROM `otc_auth_access` WHERE ( uid = 1 )  [ RunTime:0.0020s ]
SQL: SHOW COLUMNS FROM `otc_auth_role_node` [ RunTime:0.0100s ]
SQL: SHOW COLUMNS FROM `otc_auth_role_node` [ RunTime:0.0060s ]
SQL: SELECT DISTINCT r.node_id,n.name,n.pid,n.module,n.iconCls,n.group,n.url FROM otc_auth_role_node as r INNER JOIN otc_auth_node as n on n.id = r.node_id  WHERE r.role_id IN ('65','73','70','69','68','67','66','77','76','75','74') AND n.type = 1 ORDER BY n.sort asc, n.id desc  [ RunTime:0.0180s ]

[ 2016-01-23T12:13:54+08:00 ] 127.0.0.1 /index/process-huishou-icon-win
ERR: 非法操作:process-huishou-icon-win

[ 2016-01-23T12:13:54+08:00 ] 127.0.0.1 /admin/claims/claimsManager?_dc=1453522434191
INFO: [ app_begin ] --START--
INFO: Run Behavior\ReadHtmlCacheBehavior [ RunTime:0.001000s ]
INFO: [ app_begin ] --END-- [ RunTime:0.001000s ]
SQL: SHOW COLUMNS FROM `otc_user` [ RunTime:0.0110s ]
SQL: SHOW COLUMNS FROM `otc_auth_access` [ RunTime:0.0100s ]
SQL: SELECT `role_id` FROM `otc_auth_access` WHERE ( uid = 1 )  [ RunTime:0.0020s ]
SQL: SHOW COLUMNS FROM `otc_auth_role_permission` [ RunTime:0.0100s ]
SQL: SHOW COLUMNS FROM `otc_auth_role_permission` [ RunTime:0.0100s ]
SQL: SELECT DISTINCT r.permission_id,n.permission_name,lower(n.`permission_code`) as permission_code FROM otc_auth_role_permission as r INNER JOIN otc_auth_permission as n on n.permission_id = r.permission_id  WHERE r.role_id IN ('65','73','70','69','68','67','66','77','76','75','74')  [ RunTime:0.0380s ]
SQL: SHOW COLUMNS FROM `otc_cl_mast` [ RunTime:0.0120s ]
NOTIC: [8] Undefined variable: where D:\ svn\otc\Application\Admin\Controller\ClaimsController.class.php 第 578 行.
SQL: SELECT COUNT(*) AS tp_count FROM otc_cl_mast a LEFT JOIN otc_cf_mast b ON a.cf_mast_id=b.id LEFT JOIN otc_cl_ctl c ON a.id=c.cod_cl_id  LIMIT 1   [ RunTime:0.0020s ]
NOTIC: [8] Undefined variable: where D:\ svn\otc\Application\Admin\Controller\ClaimsController.class.php 第 579 行.
SQL: SELECT a.id,b.title,a.status,c.amt_ct_last,a.dat_create FROM otc_cl_mast a LEFT JOIN otc_cf_mast b ON a.cf_mast_id=b.id LEFT JOIN otc_cl_ctl c ON a.id=c.cod_cl_id  LIMIT 0,25   [ RunTime:0.0030s ]

[ 2016-01-23T12:14:02+08:00 ] 127.0.0.1 /index/process-huishou-icon-win
ERR: 非法操作:process-huishou-icon-win

[ 2016-01-23T12:14:03+08:00 ] 127.0.0.1 /admin/claims/claimsManager?_dc=1453522442918
INFO: [ app_begin ] --START--
INFO: Run Behavior\ReadHtmlCacheBehavior [ RunTime:0.000000s ]
INFO: [ app_begin ] --END-- [ RunTime:0.000000s ]
SQL: SHOW COLUMNS FROM `otc_user` [ RunTime:0.0110s ]
SQL: SHOW COLUMNS FROM `otc_auth_access` [ RunTime:0.0090s ]
SQL: SELECT `role_id` FROM `otc_auth_access` WHERE ( uid = 1 )  [ RunTime:0.0010s ]
SQL: SHOW COLUMNS FROM `otc_auth_role_permission` [ RunTime:0.0070s ]
SQL: SHOW COLUMNS FROM `otc_auth_role_permission` [ RunTime:0.0060s ]
SQL: SELECT DISTINCT r.permission_id,n.permission_name,lower(n.`permission_code`) as permission_code FROM otc_auth_role_permission as r INNER JOIN otc_auth_permission as n on n.permission_id = r.permission_id  WHERE r.role_id IN ('65','73','70','69','68','67','66','77','76','75','74')  [ RunTime:0.0050s ]
SQL: SHOW COLUMNS FROM `otc_cl_mast` [ RunTime:0.0080s ]
NOTIC: [8] Undefined variable: where D:\ svn\otc\Application\Admin\Controller\ClaimsController.class.php 第 578 行.
SQL: SELECT COUNT(*) AS tp_count FROM otc_cl_mast a LEFT JOIN otc_cf_mast b ON a.cf_mast_id=b.id LEFT JOIN otc_cl_ctl c ON a.id=c.cod_cl_id  LIMIT 1   [ RunTime:0.0020s ]
NOTIC: [8] Undefined variable: where D:\ svn\otc\Application\Admin\Controller\ClaimsController.class.php 第 579 行.
SQL: SELECT a.id,b.title,a.status,c.amt_ct_last,a.dat_create FROM otc_cl_mast a LEFT JOIN otc_cf_mast b ON a.cf_mast_id=b.id LEFT JOIN otc_cl_ctl c ON a.id=c.cod_cl_id  LIMIT 0,25   [ RunTime:0.0020s ]

[ 2016-01-23T12:14:06+08:00 ] 127.0.0.1 /admin/claims/getClaimsinfo
INFO: [ app_begin ] --START--
INFO: Run Behavior\ReadHtmlCacheBehavior [ RunTime:0.000000s ]
INFO: [ app_begin ] --END-- [ RunTime:0.000000s ]
SQL: SHOW COLUMNS FROM `otc_user` [ RunTime:0.0100s ]
SQL: SHOW COLUMNS FROM `otc_auth_access` [ RunTime:0.0090s ]
SQL: SELECT `role_id` FROM `otc_auth_access` WHERE ( uid = 1 )  [ RunTime:0.0020s ]
SQL: SHOW COLUMNS FROM `otc_auth_role_permission` [ RunTime:0.0100s ]
SQL: SHOW COLUMNS FROM `otc_auth_role_permission` [ RunTime:0.0090s ]
SQL: SELECT DISTINCT r.permission_id,n.permission_name,lower(n.`permission_code`) as permission_code FROM otc_auth_role_permission as r INNER JOIN otc_auth_permission as n on n.permission_id = r.permission_id  WHERE r.role_id IN ('65','73','70','69','68','67','66','77','76','75','74')  [ RunTime:0.0070s ]
SQL: SHOW COLUMNS FROM `otc_cl_mast` [ RunTime:0.0090s ]
SQL: SELECT * FROM `otc_cl_mast` WHERE ( validflag = 1  and id = 34 ) LIMIT 1   [ RunTime:0.0020s ]

[ 2016-01-23T12:14:06+08:00 ] 127.0.0.1 /admin/claims/claimRecord?_dc=1453522446369
INFO: [ app_begin ] --START--
INFO: Run Behavior\ReadHtmlCacheBehavior [ RunTime:0.001000s ]
INFO: [ app_begin ] --END-- [ RunTime:0.001000s ]
SQL: SHOW COLUMNS FROM `otc_user` [ RunTime:0.0100s ]
SQL: SHOW COLUMNS FROM `otc_auth_access` [ RunTime:0.0080s ]
SQL: SELECT `role_id` FROM `otc_auth_access` WHERE ( uid = 1 )  [ RunTime:0.0020s ]
SQL: SHOW COLUMNS FROM `otc_auth_role_permission` [ RunTime:0.0090s ]
SQL: SHOW COLUMNS FROM `otc_auth_role_permission` [ RunTime:0.0090s ]
SQL: SELECT DISTINCT r.permission_id,n.permission_name,lower(n.`permission_code`) as permission_code FROM otc_auth_role_permission as r INNER JOIN otc_auth_permission as n on n.permission_id = r.permission_id  WHERE r.role_id IN ('65','73','70','69','68','67','66','77','76','75','74')  [ RunTime:0.0060s ]
SQL: SHOW COLUMNS FROM `otc_cl_ivs` [ RunTime:0.0060s ]
SQL: SELECT COUNT(*) AS tp_count FROM otc_cl_ivs a LEFT JOIN otc_cust_person b ON a.cod_cust_id=b.cod_cust_id LEFT JOIN otc_cf_mast c ON a.cod_cf_id=c.id LEFT JOIN otc_cf_ctl d ON a.cod_cf_ctl_id=d.id  WHERE a.cod_cl_id = '34' LIMIT 1   [ RunTime:0.0190s ]
SQL: SELECT a.id,b.nam_cust_real,b.cod_cust_id_no,a.amt_ivs,a.dat_create,c.title,d.cod_period FROM otc_cl_ivs a LEFT JOIN otc_cust_person b ON a.cod_cust_id=b.cod_cust_id LEFT JOIN otc_cf_mast c ON a.cod_cf_id=c.id LEFT JOIN otc_cf_ctl d ON a.cod_cf_ctl_id=d.id  WHERE a.cod_cl_id = '34' LIMIT 0,25   [ RunTime:0.0370s ]

[ 2016-01-23T12:14:12+08:00 ] 127.0.0.1 /index/process-huishou-icon-win
ERR: 非法操作:process-huishou-icon-win

[ 2016-01-23T12:14:12+08:00 ] 127.0.0.1 /admin/claims/claimsManager?_dc=1453522452647
INFO: [ app_begin ] --START--
INFO: Run Behavior\ReadHtmlCacheBehavior [ RunTime:0.001000s ]
INFO: [ app_begin ] --END-- [ RunTime:0.001000s ]
SQL: SHOW COLUMNS FROM `otc_user` [ RunTime:0.0110s ]
SQL: SHOW COLUMNS FROM `otc_auth_access` [ RunTime:0.0100s ]
SQL: SELECT `role_id` FROM `otc_auth_access` WHERE ( uid = 1 )  [ RunTime:0.0020s ]
SQL: SHOW COLUMNS FROM `otc_auth_role_permission` [ RunTime:0.0100s ]
SQL: SHOW COLUMNS FROM `otc_auth_role_permission` [ RunTime:0.0080s ]
SQL: SELECT DISTINCT r.permission_id,n.permission_name,lower(n.`permission_code`) as permission_code FROM otc_auth_role_permission as r INNER JOIN otc_auth_permission as n on n.permission_id = r.permission_id  WHERE r.role_id IN ('65','73','70','69','68','67','66','77','76','75','74')  [ RunTime:0.0050s ]
SQL: SHOW COLUMNS FROM `otc_cl_mast` [ RunTime:0.0070s ]
NOTIC: [8] Undefined variable: where D:\ svn\otc\Application\Admin\Controller\ClaimsController.class.php 第 578 行.
SQL: SELECT COUNT(*) AS tp_count FROM otc_cl_mast a LEFT JOIN otc_cf_mast b ON a.cf_mast_id=b.id LEFT JOIN otc_cl_ctl c ON a.id=c.cod_cl_id  LIMIT 1   [ RunTime:0.0020s ]
NOTIC: [8] Undefined variable: where D:\ svn\otc\Application\Admin\Controller\ClaimsController.class.php 第 579 行.
SQL: SELECT a.id,b.title,a.status,c.amt_ct_last,a.dat_create FROM otc_cl_mast a LEFT JOIN otc_cf_mast b ON a.cf_mast_id=b.id LEFT JOIN otc_cl_ctl c ON a.id=c.cod_cl_id  LIMIT 0,25   [ RunTime:0.0020s ]

[ 2016-01-23T12:14:19+08:00 ] 127.0.0.1 /index/process-shenhe-icon-win
ERR: 非法操作:process-shenhe-icon-win

[ 2016-01-23T12:14:19+08:00 ] 127.0.0.1 /admin/claims/getClaimslist?_dc=1453522459210
INFO: [ app_begin ] --START--
INFO: Run Behavior\ReadHtmlCacheBehavior [ RunTime:0.001000s ]
INFO: [ app_begin ] --END-- [ RunTime:0.001000s ]
SQL: SHOW COLUMNS FROM `otc_user` [ RunTime:0.0110s ]
SQL: SHOW COLUMNS FROM `otc_auth_access` [ RunTime:0.0100s ]
SQL: SELECT `role_id` FROM `otc_auth_access` WHERE ( uid = 1 )  [ RunTime:0.0020s ]
SQL: SHOW COLUMNS FROM `otc_auth_role_permission` [ RunTime:0.0100s ]
SQL: SHOW COLUMNS FROM `otc_auth_role_permission` [ RunTime:0.0100s ]
SQL: SELECT DISTINCT r.permission_id,n.permission_name,lower(n.`permission_code`) as permission_code FROM otc_auth_role_permission as r INNER JOIN otc_auth_permission as n on n.permission_id = r.permission_id  WHERE r.role_id IN ('65','73','70','69','68','67','66','77','76','75','74')  [ RunTime:0.0060s ]
SQL: SHOW COLUMNS FROM `otc_cl_ctl` [ RunTime:0.0080s ]
SQL: SELECT SUM(amt_ct_last) AS tp_Sum FROM `otc_cl_ctl` LIMIT 1   [ RunTime:0.0040s ]
SQL: SHOW COLUMNS FROM `otc_cl_mast` [ RunTime:0.0070s ]
SQL: SHOW COLUMNS FROM `otc_cl_mast` [ RunTime:0.0070s ]
SQL: SELECT COUNT(*) AS tp_count FROM otc_cl_mast as d WHERE `validflag` = 1 LIMIT 1   [ RunTime:0.0030s ]
SQL: SHOW COLUMNS FROM `otc_cl_mast` [ RunTime:0.0070s ]
SQL: SELECT d.* FROM otc_cl_mast as d WHERE `validflag` = 1 ORDER BY id desc  [ RunTime:0.0030s ]

[ 2016-01-23T12:14:22+08:00 ] 127.0.0.1 /admin/claims/recyClaims
INFO: [ app_begin ] --START--
INFO: Run Behavior\ReadHtmlCacheBehavior [ RunTime:0.001000s ]
INFO: [ app_begin ] --END-- [ RunTime:0.002000s ]
SQL: SHOW COLUMNS FROM `otc_user` [ RunTime:0.0120s ]
SQL: SHOW COLUMNS FROM `otc_auth_access` [ RunTime:0.0100s ]
SQL: SELECT `role_id` FROM `otc_auth_access` WHERE ( uid = 1 )  [ RunTime:0.0020s ]
SQL: SHOW COLUMNS FROM `otc_auth_role_permission` [ RunTime:0.0110s ]
SQL: SHOW COLUMNS FROM `otc_auth_role_permission` [ RunTime:0.0100s ]
SQL: SELECT DISTINCT r.permission_id,n.permission_name,lower(n.`permission_code`) as permission_code FROM otc_auth_role_permission as r INNER JOIN otc_auth_permission as n on n.permission_id = r.permission_id  WHERE r.role_id IN ('65','73','70','69','68','67','66','77','76','75','74')  [ RunTime:0.0080s ]
SQL: SHOW COLUMNS FROM `otc_cl_mast` [ RunTime:0.0120s ]
SQL: UPDATE `otc_cl_mast` SET `validflag`='0',`dat_modify`='2016-01-23 12:14:22',`usr_modify`='1' WHERE `id` = 39 AND `status` IN ('0','3') [ RunTime:0.0020s ]

[ 2016-01-23T12:16:03+08:00 ] 127.0.0.1 /common/login.html
INFO: [ app_begin ] --START--
INFO: Run Behavior\ReadHtmlCacheBehavior [ RunTime:0.000000s ]
INFO: [ app_begin ] --END-- [ RunTime:0.000000s ]
SQL: SHOW COLUMNS FROM `otc_user` [ RunTime:0.0110s ]
SQL: SELECT * FROM `otc_user` WHERE ( email = 'zb@zb.com' and password = 'e10adc3949ba59abbe56e057f20f883e' and status = 1 ) LIMIT 1   [ RunTime:0.0030s ]
SQL: SELECT * FROM `otc_user` WHERE `email` = 'zb@zb.com' LIMIT 1   [ RunTime:0.0020s ]

[ 2016-01-23T12:16:04+08:00 ] 127.0.0.1 /Admin/Access/getUserNodeList?_dc=1453522564475&page=1&start=0&limit=25
INFO: [ app_begin ] --START--
INFO: Run Behavior\ReadHtmlCacheBehavior [ RunTime:0.001000s ]
INFO: [ app_begin ] --END-- [ RunTime:0.001000s ]
SQL: SHOW COLUMNS FROM `otc_user` [ RunTime:0.0110s ]
SQL: SHOW COLUMNS FROM `otc_auth_access` [ RunTime:0.0100s ]
SQL: SELECT `role_id` FROM `otc_auth_access` WHERE ( uid = 1 )  [ RunTime:0.0020s ]
SQL: SHOW COLUMNS FROM `otc_auth_role_node` [ RunTime:0.0090s ]
SQL: SHOW COLUMNS FROM `otc_auth_role_node` [ RunTime:0.0090s ]
SQL: SELECT DISTINCT r.node_id,n.name,n.pid,n.module,n.iconCls,n.group,n.url FROM otc_auth_role_node as r INNER JOIN otc_auth_node as n on n.id = r.node_id  WHERE r.role_id IN ('65','73','70','69','68','67','66','77','76','75','74') AND n.type = 1 ORDER BY n.sort asc, n.id desc  [ RunTime:0.0040s ]

[ 2016-01-23T12:16:10+08:00 ] 127.0.0.1 /index/notebook-icon-win
ERR: 非法操作:notebook-icon-win

[ 2016-01-23T12:16:10+08:00 ] 127.0.0.1 /admin/claims/getClaimsReleaseList?_dc=1453522570577
INFO: [ app_begin ] --START--
INFO: Run Behavior\ReadHtmlCacheBehavior [ RunTime:0.003000s ]
INFO: [ app_begin ] --END-- [ RunTime:0.003000s ]
SQL: SHOW COLUMNS FROM `otc_user` [ RunTime:0.0100s ]
SQL: SHOW COLUMNS FROM `otc_auth_access` [ RunTime:0.0100s ]
SQL: SELECT `role_id` FROM `otc_auth_access` WHERE ( uid = 1 )  [ RunTime:0.0020s ]
SQL: SHOW COLUMNS FROM `otc_auth_role_permission` [ RunTime:0.0090s ]
SQL: SHOW COLUMNS FROM `otc_auth_role_permission` [ RunTime:0.0060s ]
SQL: SELECT DISTINCT r.permission_id,n.permission_name,lower(n.`permission_code`) as permission_code FROM otc_auth_role_permission as r INNER JOIN otc_auth_permission as n on n.permission_id = r.permission_id  WHERE r.role_id IN ('65','73','70','69','68','67','66','77','76','75','74')  [ RunTime:0.0070s ]
SQL: SHOW COLUMNS FROM `otc_cl_mast` [ RunTime:0.0070s ]
SQL: SHOW COLUMNS FROM `otc_cl_mast` [ RunTime:0.0070s ]
SQL: SELECT COUNT(*) AS tp_count FROM otc_cl_mast as d WHERE `validflag` = 1 AND `status` = 2 LIMIT 1   [ RunTime:0.0020s ]
SQL: SHOW COLUMNS FROM `otc_cl_mast` [ RunTime:0.0070s ]
SQL: SELECT d.* FROM otc_cl_mast as d WHERE `validflag` = 1 AND `status` = 2 ORDER BY id desc  [ RunTime:0.0040s ]

[ 2016-01-23T12:16:32+08:00 ] 127.0.0.1 /index/process-status-icon-win
ERR: 非法操作:process-status-icon-win

[ 2016-01-23T12:16:32+08:00 ] 127.0.0.1 /admin/claims/getClaimsAuditList?_dc=1453522592497
INFO: [ app_begin ] --START--
INFO: Run Behavior\ReadHtmlCacheBehavior [ RunTime:0.000000s ]
INFO: [ app_begin ] --END-- [ RunTime:0.000000s ]
SQL: SHOW COLUMNS FROM `otc_user` [ RunTime:0.0110s ]
SQL: SHOW COLUMNS FROM `otc_auth_access` [ RunTime:0.0100s ]
SQL: SELECT `role_id` FROM `otc_auth_access` WHERE ( uid = 1 )  [ RunTime:0.0020s ]
SQL: SHOW COLUMNS FROM `otc_auth_role_permission` [ RunTime:0.0100s ]
SQL: SHOW COLUMNS FROM `otc_auth_role_permission` [ RunTime:0.0100s ]
SQL: SELECT DISTINCT r.permission_id,n.permission_name,lower(n.`permission_code`) as permission_code FROM otc_auth_role_permission as r INNER JOIN otc_auth_permission as n on n.permission_id = r.permission_id  WHERE r.role_id IN ('65','73','70','69','68','67','66','77','76','75','74')  [ RunTime:0.0050s ]
SQL: SHOW COLUMNS FROM `otc_cl_mast` [ RunTime:0.0070s ]
SQL: SHOW COLUMNS FROM `otc_cl_mast` [ RunTime:0.0070s ]
SQL: SELECT COUNT(*) AS tp_count FROM otc_cl_mast as d WHERE `validflag` = 1 AND `status` = 1 LIMIT 1   [ RunTime:0.0010s ]
SQL: SHOW COLUMNS FROM `otc_cl_mast` [ RunTime:0.0070s ]
SQL: SELECT d.* FROM otc_cl_mast as d WHERE `validflag` = 1 AND `status` = 1 ORDER BY id desc  [ RunTime:0.0030s ]

[ 2016-01-23T12:16:35+08:00 ] 127.0.0.1 /index/notebook-icon-win
ERR: 非法操作:notebook-icon-win

[ 2016-01-23T12:16:35+08:00 ] 127.0.0.1 /admin/claims/getClaimsReleaseList?_dc=1453522595296
INFO: [ app_begin ] --START--
INFO: Run Behavior\ReadHtmlCacheBehavior [ RunTime:0.001000s ]
INFO: [ app_begin ] --END-- [ RunTime:0.001000s ]
SQL: SHOW COLUMNS FROM `otc_user` [ RunTime:0.0120s ]
SQL: SHOW COLUMNS FROM `otc_auth_access` [ RunTime:0.0100s ]
SQL: SELECT `role_id` FROM `otc_auth_access` WHERE ( uid = 1 )  [ RunTime:0.0020s ]
SQL: SHOW COLUMNS FROM `otc_auth_role_permission` [ RunTime:0.0070s ]
SQL: SHOW COLUMNS FROM `otc_auth_role_permission` [ RunTime:0.0080s ]
SQL: SELECT DISTINCT r.permission_id,n.permission_name,lower(n.`permission_code`) as permission_code FROM otc_auth_role_permission as r INNER JOIN otc_auth_permission as n on n.permission_id = r.permission_id  WHERE r.role_id IN ('65','73','70','69','68','67','66','77','76','75','74')  [ RunTime:0.0060s ]
SQL: SHOW COLUMNS FROM `otc_cl_mast` [ RunTime:0.0090s ]
SQL: SHOW COLUMNS FROM `otc_cl_mast` [ RunTime:0.0060s ]
SQL: SELECT COUNT(*) AS tp_count FROM otc_cl_mast as d WHERE `validflag` = 1 AND `status` = 2 LIMIT 1   [ RunTime:0.0010s ]
SQL: SHOW COLUMNS FROM `otc_cl_mast` [ RunTime:0.0050s ]
SQL: SELECT d.* FROM otc_cl_mast as d WHERE `validflag` = 1 AND `status` = 2 ORDER BY id desc  [ RunTime:0.0020s ]

[ 2016-01-23T12:16:39+08:00 ] 127.0.0.1 /index/process-huishou-icon-win
ERR: 非法操作:process-huishou-icon-win

[ 2016-01-23T12:16:39+08:00 ] 127.0.0.1 /admin/claims/claimsManager?_dc=1453522599880
INFO: [ app_begin ] --START--
INFO: Run Behavior\ReadHtmlCacheBehavior [ RunTime:0.000000s ]
INFO: [ app_begin ] --END-- [ RunTime:0.000000s ]
SQL: SHOW COLUMNS FROM `otc_user` [ RunTime:0.0110s ]
SQL: SHOW COLUMNS FROM `otc_auth_access` [ RunTime:0.0060s ]
SQL: SELECT `role_id` FROM `otc_auth_access` WHERE ( uid = 1 )  [ RunTime:0.0020s ]
SQL: SHOW COLUMNS FROM `otc_auth_role_permission` [ RunTime:0.0060s ]
SQL: SHOW COLUMNS FROM `otc_auth_role_permission` [ RunTime:0.0060s ]
SQL: SELECT DISTINCT r.permission_id,n.permission_name,lower(n.`permission_code`) as permission_code FROM otc_auth_role_permission as r INNER JOIN otc_auth_permission as n on n.permission_id = r.permission_id  WHERE r.role_id IN ('65','73','70','69','68','67','66','77','76','75','74')  [ RunTime:0.0060s ]
SQL: SHOW COLUMNS FROM `otc_cl_mast` [ RunTime:0.0070s ]
NOTIC: [8] Undefined variable: where D:\ svn\otc\Application\Admin\Controller\ClaimsController.class.php 第 578 行.
SQL: SELECT COUNT(*) AS tp_count FROM otc_cl_mast a LEFT JOIN otc_cf_mast b ON a.cf_mast_id=b.id LEFT JOIN otc_cl_ctl c ON a.id=c.cod_cl_id  LIMIT 1   [ RunTime:0.0020s ]
NOTIC: [8] Undefined variable: where D:\ svn\otc\Application\Admin\Controller\ClaimsController.class.php 第 579 行.
SQL: SELECT a.id,b.title,a.status,c.amt_ct_last,a.dat_create FROM otc_cl_mast a LEFT JOIN otc_cf_mast b ON a.cf_mast_id=b.id LEFT JOIN otc_cl_ctl c ON a.id=c.cod_cl_id  LIMIT 0,25   [ RunTime:0.0020s ]

[ 2016-01-23T12:16:44+08:00 ] 127.0.0.1 /index/process-huishou-icon-win
ERR: 非法操作:process-huishou-icon-win

[ 2016-01-23T12:16:44+08:00 ] 127.0.0.1 /admin/claims/claimsManager?_dc=1453522604466
INFO: [ app_begin ] --START--
INFO: Run Behavior\ReadHtmlCacheBehavior [ RunTime:0.000000s ]
INFO: [ app_begin ] --END-- [ RunTime:0.000000s ]
SQL: SHOW COLUMNS FROM `otc_user` [ RunTime:0.0110s ]
SQL: SHOW COLUMNS FROM `otc_auth_access` [ RunTime:0.0100s ]
SQL: SELECT `role_id` FROM `otc_auth_access` WHERE ( uid = 1 )  [ RunTime:0.0020s ]
SQL: SHOW COLUMNS FROM `otc_auth_role_permission` [ RunTime:0.0090s ]
SQL: SHOW COLUMNS FROM `otc_auth_role_permission` [ RunTime:0.0060s ]
SQL: SELECT DISTINCT r.permission_id,n.permission_name,lower(n.`permission_code`) as permission_code FROM otc_auth_role_permission as r INNER JOIN otc_auth_permission as n on n.permission_id = r.permission_id  WHERE r.role_id IN ('65','73','70','69','68','67','66','77','76','75','74')  [ RunTime:0.0060s ]
SQL: SHOW COLUMNS FROM `otc_cl_mast` [ RunTime:0.0070s ]
NOTIC: [8] Undefined variable: where D:\ svn\otc\Application\Admin\Controller\ClaimsController.class.php 第 578 行.
SQL: SELECT COUNT(*) AS tp_count FROM otc_cl_mast a LEFT JOIN otc_cf_mast b ON a.cf_mast_id=b.id LEFT JOIN otc_cl_ctl c ON a.id=c.cod_cl_id  LIMIT 1   [ RunTime:0.0020s ]
NOTIC: [8] Undefined variable: where D:\ svn\otc\Application\Admin\Controller\ClaimsController.class.php 第 579 行.
SQL: SELECT a.id,b.title,a.status,c.amt_ct_last,a.dat_create FROM otc_cl_mast a LEFT JOIN otc_cf_mast b ON a.cf_mast_id=b.id LEFT JOIN otc_cl_ctl c ON a.id=c.cod_cl_id  LIMIT 0,25   [ RunTime:0.0020s ]

[ 2016-01-23T12:16:49+08:00 ] 127.0.0.1 /index/process-huishou-icon-win
ERR: 非法操作:process-huishou-icon-win

[ 2016-01-23T12:16:49+08:00 ] 127.0.0.1 /admin/claims/claimsManager?_dc=1453522609764
INFO: [ app_begin ] --START--
INFO: Run Behavior\ReadHtmlCacheBehavior [ RunTime:0.000000s ]
INFO: [ app_begin ] --END-- [ RunTime:0.000000s ]
SQL: SHOW COLUMNS FROM `otc_user` [ RunTime:0.0110s ]
SQL: SHOW COLUMNS FROM `otc_auth_access` [ RunTime:0.0100s ]
SQL: SELECT `role_id` FROM `otc_auth_access` WHERE ( uid = 1 )  [ RunTime:0.0020s ]
SQL: SHOW COLUMNS FROM `otc_auth_role_permission` [ RunTime:0.0100s ]
SQL: SHOW COLUMNS FROM `otc_auth_role_permission` [ RunTime:0.0070s ]
SQL: SELECT DISTINCT r.permission_id,n.permission_name,lower(n.`permission_code`) as permission_code FROM otc_auth_role_permission as r INNER JOIN otc_auth_permission as n on n.permission_id = r.permission_id  WHERE r.role_id IN ('65','73','70','69','68','67','66','77','76','75','74')  [ RunTime:0.0050s ]
SQL: SHOW COLUMNS FROM `otc_cl_mast` [ RunTime:0.0060s ]
NOTIC: [8] Undefined variable: where D:\ svn\otc\Application\Admin\Controller\ClaimsController.class.php 第 578 行.
SQL: SELECT COUNT(*) AS tp_count FROM otc_cl_mast a LEFT JOIN otc_cf_mast b ON a.cf_mast_id=b.id LEFT JOIN otc_cl_ctl c ON a.id=c.cod_cl_id  LIMIT 1   [ RunTime:0.0020s ]
NOTIC: [8] Undefined variable: where D:\ svn\otc\Application\Admin\Controller\ClaimsController.class.php 第 579 行.
SQL: SELECT a.id,b.title,a.status,c.amt_ct_last,a.dat_create FROM otc_cl_mast a LEFT JOIN otc_cf_mast b ON a.cf_mast_id=b.id LEFT JOIN otc_cl_ctl c ON a.id=c.cod_cl_id  LIMIT 0,25   [ RunTime:0.0020s ]

[ 2016-01-23T12:17:09+08:00 ] 127.0.0.1 /Admin/Access/getUserNodeList?_dc=1453522629067&page=1&start=0&limit=25
INFO: [ app_begin ] --START--
INFO: Run Behavior\ReadHtmlCacheBehavior [ RunTime:0.001000s ]
INFO: [ app_begin ] --END-- [ RunTime:0.001000s ]
SQL: SHOW COLUMNS FROM `otc_user` [ RunTime:0.0100s ]
SQL: SHOW COLUMNS FROM `otc_auth_access` [ RunTime:0.0090s ]
SQL: SELECT `role_id` FROM `otc_auth_access` WHERE ( uid = 1 )  [ RunTime:0.0020s ]
SQL: SHOW COLUMNS FROM `otc_auth_role_node` [ RunTime:0.0090s ]
SQL: SHOW COLUMNS FROM `otc_auth_role_node` [ RunTime:0.0090s ]
SQL: SELECT DISTINCT r.node_id,n.name,n.pid,n.module,n.iconCls,n.group,n.url FROM otc_auth_role_node as r INNER JOIN otc_auth_node as n on n.id = r.node_id  WHERE r.role_id IN ('65','73','70','69','68','67','66','77','76','75','74') AND n.type = 1 ORDER BY n.sort asc, n.id desc  [ RunTime:0.0040s ]

[ 2016-01-23T12:17:12+08:00 ] 127.0.0.1 /index/process-huishou-icon-win
ERR: 非法操作:process-huishou-icon-win

[ 2016-01-23T12:17:12+08:00 ] 127.0.0.1 /admin/claims/claimsManager?_dc=1453522632151
INFO: [ app_begin ] --START--
INFO: Run Behavior\ReadHtmlCacheBehavior [ RunTime:0.000000s ]
INFO: [ app_begin ] --END-- [ RunTime:0.000000s ]
SQL: SHOW COLUMNS FROM `otc_user` [ RunTime:0.0110s ]
SQL: SHOW COLUMNS FROM `otc_auth_access` [ RunTime:0.0100s ]
SQL: SELECT `role_id` FROM `otc_auth_access` WHERE ( uid = 1 )  [ RunTime:0.0020s ]
SQL: SHOW COLUMNS FROM `otc_auth_role_permission` [ RunTime:0.0100s ]
SQL: SHOW COLUMNS FROM `otc_auth_role_permission` [ RunTime:0.0050s ]
SQL: SELECT DISTINCT r.permission_id,n.permission_name,lower(n.`permission_code`) as permission_code FROM otc_auth_role_permission as r INNER JOIN otc_auth_permission as n on n.permission_id = r.permission_id  WHERE r.role_id IN ('65','73','70','69','68','67','66','77','76','75','74')  [ RunTime:0.0050s ]
SQL: SHOW COLUMNS FROM `otc_cl_mast` [ RunTime:0.0070s ]
NOTIC: [8] Undefined variable: where D:\ svn\otc\Application\Admin\Controller\ClaimsController.class.php 第 578 行.
SQL: SELECT COUNT(*) AS tp_count FROM otc_cl_mast a LEFT JOIN otc_cf_mast b ON a.cf_mast_id=b.id LEFT JOIN otc_cl_ctl c ON a.id=c.cod_cl_id  LIMIT 1   [ RunTime:0.0020s ]
NOTIC: [8] Undefined variable: where D:\ svn\otc\Application\Admin\Controller\ClaimsController.class.php 第 579 行.
SQL: SELECT a.id,b.title,a.status,c.amt_ct_last,a.dat_create FROM otc_cl_mast a LEFT JOIN otc_cf_mast b ON a.cf_mast_id=b.id LEFT JOIN otc_cl_ctl c ON a.id=c.cod_cl_id  LIMIT 0,25   [ RunTime:0.0020s ]

[ 2016-01-23T12:17:15+08:00 ] 127.0.0.1 /index/notebook-icon-win
ERR: 非法操作:notebook-icon-win

[ 2016-01-23T12:17:15+08:00 ] 127.0.0.1 /admin/claims/getClaimsReleaseList?_dc=1453522635375
INFO: [ app_begin ] --START--
INFO: Run Behavior\ReadHtmlCacheBehavior [ RunTime:0.001000s ]
INFO: [ app_begin ] --END-- [ RunTime:0.001000s ]
SQL: SHOW COLUMNS FROM `otc_user` [ RunTime:0.0100s ]
SQL: SHOW COLUMNS FROM `otc_auth_access` [ RunTime:0.0090s ]
SQL: SELECT `role_id` FROM `otc_auth_access` WHERE ( uid = 1 )  [ RunTime:0.0020s ]
SQL: SHOW COLUMNS FROM `otc_auth_role_permission` [ RunTime:0.0090s ]
SQL: SHOW COLUMNS FROM `otc_auth_role_permission` [ RunTime:0.0070s ]
SQL: SELECT DISTINCT r.permission_id,n.permission_name,lower(n.`permission_code`) as permission_code FROM otc_auth_role_permission as r INNER JOIN otc_auth_permission as n on n.permission_id = r.permission_id  WHERE r.role_id IN ('65','73','70','69','68','67','66','77','76','75','74')  [ RunTime:0.0050s ]
SQL: SHOW COLUMNS FROM `otc_cl_mast` [ RunTime:0.0060s ]
SQL: SHOW COLUMNS FROM `otc_cl_mast` [ RunTime:0.0070s ]
SQL: SELECT COUNT(*) AS tp_count FROM otc_cl_mast as d WHERE `validflag` = 1 AND `status` = 2 LIMIT 1   [ RunTime:0.0010s ]
SQL: SHOW COLUMNS FROM `otc_cl_mast` [ RunTime:0.0070s ]
SQL: SELECT d.* FROM otc_cl_mast as d WHERE `validflag` = 1 AND `status` = 2 ORDER BY id desc  [ RunTime:0.0020s ]

[ 2016-01-23T12:17:30+08:00 ] 127.0.0.1 /common/login.html
INFO: [ app_begin ] --START--
INFO: Run Behavior\ReadHtmlCacheBehavior [ RunTime:0.001000s ]
INFO: [ app_begin ] --END-- [ RunTime:0.001000s ]
SQL: SHOW COLUMNS FROM `otc_user` [ RunTime:0.0100s ]
SQL: SELECT * FROM `otc_user` WHERE ( email = 'zb@zb.com' and password = 'e10adc3949ba59abbe56e057f20f883e' and status = 1 ) LIMIT 1   [ RunTime:0.0020s ]
SQL: SELECT * FROM `otc_user` WHERE `email` = 'zb@zb.com' LIMIT 1   [ RunTime:0.0020s ]

[ 2016-01-23T12:17:31+08:00 ] 127.0.0.1 /Admin/Access/getUserNodeList?_dc=1453522651374&page=1&start=0&limit=25
INFO: [ app_begin ] --START--
INFO: Run Behavior\ReadHtmlCacheBehavior [ RunTime:0.000000s ]
INFO: [ app_begin ] --END-- [ RunTime:0.001001s ]
SQL: SHOW COLUMNS FROM `otc_user` [ RunTime:0.0110s ]
SQL: SHOW COLUMNS FROM `otc_auth_access` [ RunTime:0.0100s ]
SQL: SELECT `role_id` FROM `otc_auth_access` WHERE ( uid = 1 )  [ RunTime:0.0020s ]
SQL: SHOW COLUMNS FROM `otc_auth_role_node` [ RunTime:0.0100s ]
SQL: SHOW COLUMNS FROM `otc_auth_role_node` [ RunTime:0.0100s ]
SQL: SELECT DISTINCT r.node_id,n.name,n.pid,n.module,n.iconCls,n.group,n.url FROM otc_auth_role_node as r INNER JOIN otc_auth_node as n on n.id = r.node_id  WHERE r.role_id IN ('65','73','70','69','68','67','66','77','76','75','74') AND n.type = 1 ORDER BY n.sort asc, n.id desc  [ RunTime:0.0040s ]

[ 2016-01-23T12:17:45+08:00 ] 127.0.0.1 /index/process-huishou-icon-win
ERR: 非法操作:process-huishou-icon-win

[ 2016-01-23T12:17:45+08:00 ] 127.0.0.1 /admin/claims/claimsManager?_dc=1453522665240
INFO: [ app_begin ] --START--
INFO: Run Behavior\ReadHtmlCacheBehavior [ RunTime:0.001000s ]
INFO: [ app_begin ] --END-- [ RunTime:0.001000s ]
SQL: SHOW COLUMNS FROM `otc_user` [ RunTime:0.0110s ]
SQL: SHOW COLUMNS FROM `otc_auth_access` [ RunTime:0.0100s ]
SQL: SELECT `role_id` FROM `otc_auth_access` WHERE ( uid = 1 )  [ RunTime:0.0020s ]
SQL: SHOW COLUMNS FROM `otc_auth_role_permission` [ RunTime:0.0090s ]
SQL: SHOW COLUMNS FROM `otc_auth_role_permission` [ RunTime:0.0090s ]
SQL: SELECT DISTINCT r.permission_id,n.permission_name,lower(n.`permission_code`) as permission_code FROM otc_auth_role_permission as r INNER JOIN otc_auth_permission as n on n.permission_id = r.permission_id  WHERE r.role_id IN ('65','73','70','69','68','67','66','77','76','75','74')  [ RunTime:0.0060s ]
SQL: SHOW COLUMNS FROM `otc_cl_mast` [ RunTime:0.0070s ]
NOTIC: [8] Undefined variable: where D:\ svn\otc\Application\Admin\Controller\ClaimsController.class.php 第 578 行.
SQL: SELECT COUNT(*) AS tp_count FROM otc_cl_mast a LEFT JOIN otc_cf_mast b ON a.cf_mast_id=b.id LEFT JOIN otc_cl_ctl c ON a.id=c.cod_cl_id  LIMIT 1   [ RunTime:0.0020s ]
NOTIC: [8] Undefined variable: where D:\ svn\otc\Application\Admin\Controller\ClaimsController.class.php 第 579 行.
SQL: SELECT a.id,b.title,a.status,c.amt_ct_last,a.dat_create FROM otc_cl_mast a LEFT JOIN otc_cf_mast b ON a.cf_mast_id=b.id LEFT JOIN otc_cl_ctl c ON a.id=c.cod_cl_id  LIMIT 0,25   [ RunTime:0.0030s ]

[ 2016-01-23T12:17:53+08:00 ] 127.0.0.1 /index/process-shenhe-icon-win
ERR: 非法操作:process-shenhe-icon-win

[ 2016-01-23T12:17:53+08:00 ] 127.0.0.1 /admin/claims/getClaimslist?_dc=1453522673785
INFO: [ app_begin ] --START--
INFO: Run Behavior\ReadHtmlCacheBehavior [ RunTime:0.000000s ]
INFO: [ app_begin ] --END-- [ RunTime:0.000000s ]
SQL: SHOW COLUMNS FROM `otc_user` [ RunTime:0.0100s ]
SQL: SHOW COLUMNS FROM `otc_auth_access` [ RunTime:0.0100s ]
SQL: SELECT `role_id` FROM `otc_auth_access` WHERE ( uid = 1 )  [ RunTime:0.0020s ]
SQL: SHOW COLUMNS FROM `otc_auth_role_permission` [ RunTime:0.0100s ]
SQL: SHOW COLUMNS FROM `otc_auth_role_permission` [ RunTime:0.0100s ]
SQL: SELECT DISTINCT r.permission_id,n.permission_name,lower(n.`permission_code`) as permission_code FROM otc_auth_role_permission as r INNER JOIN otc_auth_permission as n on n.permission_id = r.permission_id  WHERE r.role_id IN ('65','73','70','69','68','67','66','77','76','75','74')  [ RunTime:0.0070s ]
SQL: SHOW COLUMNS FROM `otc_cl_ctl` [ RunTime:0.0110s ]
SQL: SELECT SUM(amt_ct_last) AS tp_Sum FROM `otc_cl_ctl` LIMIT 1   [ RunTime:0.0020s ]
SQL: SHOW COLUMNS FROM `otc_cl_mast` [ RunTime:0.0090s ]
SQL: SHOW COLUMNS FROM `otc_cl_mast` [ RunTime:0.0070s ]
SQL: SELECT COUNT(*) AS tp_count FROM otc_cl_mast as d WHERE `validflag` = 1 LIMIT 1   [ RunTime:0.0010s ]
SQL: SHOW COLUMNS FROM `otc_cl_mast` [ RunTime:0.0080s ]
SQL: SELECT d.* FROM otc_cl_mast as d WHERE `validflag` = 1 ORDER BY id desc  [ RunTime:0.0030s ]

[ 2016-01-23T12:18:03+08:00 ] 127.0.0.1 /Admin/Access/getUserNodeList?_dc=1453522683026&page=1&start=0&limit=25
INFO: [ app_begin ] --START--
INFO: Run Behavior\ReadHtmlCacheBehavior [ RunTime:0.001000s ]
INFO: [ app_begin ] --END-- [ RunTime:0.001000s ]
SQL: SHOW COLUMNS FROM `otc_user` [ RunTime:0.0110s ]
SQL: SHOW COLUMNS FROM `otc_auth_access` [ RunTime:0.0100s ]
SQL: SELECT `role_id` FROM `otc_auth_access` WHERE ( uid = 1 )  [ RunTime:0.0020s ]
SQL: SHOW COLUMNS FROM `otc_auth_role_node` [ RunTime:0.0100s ]
SQL: SHOW COLUMNS FROM `otc_auth_role_node` [ RunTime:0.0100s ]
SQL: SELECT DISTINCT r.node_id,n.name,n.pid,n.module,n.iconCls,n.group,n.url FROM otc_auth_role_node as r INNER JOIN otc_auth_node as n on n.id = r.node_id  WHERE r.role_id IN ('65','73','70','69','68','67','66','77','76','75','74') AND n.type = 1 ORDER BY n.sort asc, n.id desc  [ RunTime:0.0330s ]

[ 2016-01-23T12:18:06+08:00 ] 127.0.0.1 /Admin/Access/getUserNodeList?_dc=1453522686086&page=1&start=0&limit=25
INFO: [ app_begin ] --START--
INFO: Run Behavior\ReadHtmlCacheBehavior [ RunTime:0.001000s ]
INFO: [ app_begin ] --END-- [ RunTime:0.001000s ]
SQL: SHOW COLUMNS FROM `otc_user` [ RunTime:0.0050s ]
SQL: SHOW COLUMNS FROM `otc_auth_access` [ RunTime:0.0030s ]
SQL: SELECT `role_id` FROM `otc_auth_access` WHERE ( uid = 1 )  [ RunTime:0.0020s ]
SQL: SHOW COLUMNS FROM `otc_auth_role_node` [ RunTime:0.0030s ]
SQL: SHOW COLUMNS FROM `otc_auth_role_node` [ RunTime:0.0030s ]
SQL: SELECT DISTINCT r.node_id,n.name,n.pid,n.module,n.iconCls,n.group,n.url FROM otc_auth_role_node as r INNER JOIN otc_auth_node as n on n.id = r.node_id  WHERE r.role_id IN ('65','73','70','69','68','67','66','77','76','75','74') AND n.type = 1 ORDER BY n.sort asc, n.id desc  [ RunTime:0.0030s ]

[ 2016-01-23T12:18:07+08:00 ] 127.0.0.1 /index/notebook-icon-win
ERR: 非法操作:notebook-icon-win

[ 2016-01-23T12:18:07+08:00 ] 127.0.0.1 /admin/claims/getClaimsReleaseList?_dc=1453522687670
INFO: [ app_begin ] --START--
INFO: Run Behavior\ReadHtmlCacheBehavior [ RunTime:0.001000s ]
INFO: [ app_begin ] --END-- [ RunTime:0.001000s ]
SQL: SHOW COLUMNS FROM `otc_user` [ RunTime:0.0110s ]
SQL: SHOW COLUMNS FROM `otc_auth_access` [ RunTime:0.0100s ]
SQL: SELECT `role_id` FROM `otc_auth_access` WHERE ( uid = 1 )  [ RunTime:0.0020s ]
SQL: SHOW COLUMNS FROM `otc_auth_role_permission` [ RunTime:0.0100s ]
SQL: SHOW COLUMNS FROM `otc_auth_role_permission` [ RunTime:0.0100s ]
SQL: SELECT DISTINCT r.permission_id,n.permission_name,lower(n.`permission_code`) as permission_code FROM otc_auth_role_permission as r INNER JOIN otc_auth_permission as n on n.permission_id = r.permission_id  WHERE r.role_id IN ('65','73','70','69','68','67','66','77','76','75','74')  [ RunTime:0.0070s ]
SQL: SHOW COLUMNS FROM `otc_cl_mast` [ RunTime:0.0070s ]
SQL: SHOW COLUMNS FROM `otc_cl_mast` [ RunTime:0.0070s ]
SQL: SELECT COUNT(*) AS tp_count FROM otc_cl_mast as d WHERE `validflag` = 1 AND `status` = 2 LIMIT 1   [ RunTime:0.0020s ]
SQL: SHOW COLUMNS FROM `otc_cl_mast` [ RunTime:0.0070s ]
SQL: SELECT d.* FROM otc_cl_mast as d WHERE `validflag` = 1 AND `status` = 2 ORDER BY id desc  [ RunTime:0.0020s ]

[ 2016-01-23T12:18:26+08:00 ] 127.0.0.1 /Admin/Access/getUserNodeList?_dc=1453522706783&page=1&start=0&limit=25
INFO: [ app_begin ] --START--
INFO: Run Behavior\ReadHtmlCacheBehavior [ RunTime:0.001000s ]
INFO: [ app_begin ] --END-- [ RunTime:0.001000s ]
SQL: SHOW COLUMNS FROM `otc_user` [ RunTime:0.0110s ]
SQL: SHOW COLUMNS FROM `otc_auth_access` [ RunTime:0.0100s ]
SQL: SELECT `role_id` FROM `otc_auth_access` WHERE ( uid = 1 )  [ RunTime:0.0010s ]
SQL: SHOW COLUMNS FROM `otc_auth_role_node` [ RunTime:0.0090s ]
SQL: SHOW COLUMNS FROM `otc_auth_role_node` [ RunTime:0.0100s ]
SQL: SELECT DISTINCT r.node_id,n.name,n.pid,n.module,n.iconCls,n.group,n.url FROM otc_auth_role_node as r INNER JOIN otc_auth_node as n on n.id = r.node_id  WHERE r.role_id IN ('65','73','70','69','68','67','66','77','76','75','74') AND n.type = 1 ORDER BY n.sort asc, n.id desc  [ RunTime:0.0040s ]

[ 2016-01-23T12:18:30+08:00 ] 127.0.0.1 /Admin/Access/getUserNodeList?_dc=1453522710034&page=1&start=0&limit=25
INFO: [ app_begin ] --START--
INFO: Run Behavior\ReadHtmlCacheBehavior [ RunTime:0.000000s ]
INFO: [ app_begin ] --END-- [ RunTime:0.000000s ]
SQL: SHOW COLUMNS FROM `otc_user` [ RunTime:0.0110s ]
SQL: SHOW COLUMNS FROM `otc_auth_access` [ RunTime:0.0100s ]
SQL: SELECT `role_id` FROM `otc_auth_access` WHERE ( uid = 1 )  [ RunTime:0.0020s ]
SQL: SHOW COLUMNS FROM `otc_auth_role_node` [ RunTime:0.0090s ]
SQL: SHOW COLUMNS FROM `otc_auth_role_node` [ RunTime:0.0050s ]
SQL: SELECT DISTINCT r.node_id,n.name,n.pid,n.module,n.iconCls,n.group,n.url FROM otc_auth_role_node as r INNER JOIN otc_auth_node as n on n.id = r.node_id  WHERE r.role_id IN ('65','73','70','69','68','67','66','77','76','75','74') AND n.type = 1 ORDER BY n.sort asc, n.id desc  [ RunTime:0.0030s ]

[ 2016-01-23T12:18:38+08:00 ] 127.0.0.1 /Admin/Access/getUserNodeList?_dc=1453522718408&page=1&start=0&limit=25
INFO: [ app_begin ] --START--
INFO: Run Behavior\ReadHtmlCacheBehavior [ RunTime:0.000000s ]
INFO: [ app_begin ] --END-- [ RunTime:0.000000s ]
SQL: SHOW COLUMNS FROM `otc_user` [ RunTime:0.0110s ]
SQL: SHOW COLUMNS FROM `otc_auth_access` [ RunTime:0.0100s ]
SQL: SELECT `role_id` FROM `otc_auth_access` WHERE ( uid = 1 )  [ RunTime:0.0020s ]
SQL: SHOW COLUMNS FROM `otc_auth_role_node` [ RunTime:0.0090s ]
SQL: SHOW COLUMNS FROM `otc_auth_role_node` [ RunTime:0.0050s ]
SQL: SELECT DISTINCT r.node_id,n.name,n.pid,n.module,n.iconCls,n.group,n.url FROM otc_auth_role_node as r INNER JOIN otc_auth_node as n on n.id = r.node_id  WHERE r.role_id IN ('65','73','70','69','68','67','66','77','76','75','74') AND n.type = 1 ORDER BY n.sort asc, n.id desc  [ RunTime:0.0030s ]

[ 2016-01-23T12:18:50+08:00 ] 127.0.0.1 /Admin/Access/getUserNodeList?_dc=1453522730195&page=1&start=0&limit=25
INFO: [ app_begin ] --START--
INFO: Run Behavior\ReadHtmlCacheBehavior [ RunTime:0.001000s ]
INFO: [ app_begin ] --END-- [ RunTime:0.001000s ]
SQL: SHOW COLUMNS FROM `otc_user` [ RunTime:0.0100s ]
SQL: SHOW COLUMNS FROM `otc_auth_access` [ RunTime:0.0100s ]
SQL: SELECT `role_id` FROM `otc_auth_access` WHERE ( uid = 1 )  [ RunTime:0.0020s ]
SQL: SHOW COLUMNS FROM `otc_auth_role_node` [ RunTime:0.0100s ]
SQL: SHOW COLUMNS FROM `otc_auth_role_node` [ RunTime:0.0090s ]
SQL: SELECT DISTINCT r.node_id,n.name,n.pid,n.module,n.iconCls,n.group,n.url FROM otc_auth_role_node as r INNER JOIN otc_auth_node as n on n.id = r.node_id  WHERE r.role_id IN ('65','73','70','69','68','67','66','77','76','75','74') AND n.type = 1 ORDER BY n.sort asc, n.id desc  [ RunTime:0.0040s ]

[ 2016-01-23T12:19:18+08:00 ] 127.0.0.1 /index/notebook-icon-win
ERR: 非法操作:notebook-icon-win

[ 2016-01-23T12:19:18+08:00 ] 127.0.0.1 /admin/claims/getClaimsReleaseList?_dc=1453522758433
INFO: [ app_begin ] --START--
INFO: Run Behavior\ReadHtmlCacheBehavior [ RunTime:0.000000s ]
INFO: [ app_begin ] --END-- [ RunTime:0.001000s ]
SQL: SHOW COLUMNS FROM `otc_user` [ RunTime:0.0110s ]
SQL: SHOW COLUMNS FROM `otc_auth_access` [ RunTime:0.0100s ]
SQL: SELECT `role_id` FROM `otc_auth_access` WHERE ( uid = 1 )  [ RunTime:0.0020s ]
SQL: SHOW COLUMNS FROM `otc_auth_role_permission` [ RunTime:0.0100s ]
SQL: SHOW COLUMNS FROM `otc_auth_role_permission` [ RunTime:0.0100s ]
SQL: SELECT DISTINCT r.permission_id,n.permission_name,lower(n.`permission_code`) as permission_code FROM otc_auth_role_permission as r INNER JOIN otc_auth_permission as n on n.permission_id = r.permission_id  WHERE r.role_id IN ('65','73','70','69','68','67','66','77','76','75','74')  [ RunTime:0.0080s ]
SQL: SHOW COLUMNS FROM `otc_cl_mast` [ RunTime:0.0070s ]
SQL: SHOW COLUMNS FROM `otc_cl_mast` [ RunTime:0.0070s ]
SQL: SELECT COUNT(*) AS tp_count FROM otc_cl_mast as d WHERE `validflag` = 1 AND `status` = 2 LIMIT 1   [ RunTime:0.0020s ]
SQL: SHOW COLUMNS FROM `otc_cl_mast` [ RunTime:0.0070s ]
SQL: SELECT d.* FROM otc_cl_mast as d WHERE `validflag` = 1 AND `status` = 2 ORDER BY id desc  [ RunTime:0.0040s ]

[ 2016-01-23T12:19:24+08:00 ] 127.0.0.1 /Admin/Access/getUserNodeList?_dc=1453522764576&page=1&start=0&limit=25
INFO: [ app_begin ] --START--
INFO: Run Behavior\ReadHtmlCacheBehavior [ RunTime:0.000000s ]
INFO: [ app_begin ] --END-- [ RunTime:0.001000s ]
SQL: SHOW COLUMNS FROM `otc_user` [ RunTime:0.0130s ]
SQL: SHOW COLUMNS FROM `otc_auth_access` [ RunTime:0.0100s ]
SQL: SELECT `role_id` FROM `otc_auth_access` WHERE ( uid = 1 )  [ RunTime:0.0020s ]
SQL: SHOW COLUMNS FROM `otc_auth_role_node` [ RunTime:0.0100s ]
SQL: SHOW COLUMNS FROM `otc_auth_role_node` [ RunTime:0.0070s ]
SQL: SELECT DISTINCT r.node_id,n.name,n.pid,n.module,n.iconCls,n.group,n.url FROM otc_auth_role_node as r INNER JOIN otc_auth_node as n on n.id = r.node_id  WHERE r.role_id IN ('65','73','70','69','68','67','66','77','76','75','74') AND n.type = 1 ORDER BY n.sort asc, n.id desc  [ RunTime:0.0040s ]

[ 2016-01-23T12:19:29+08:00 ] 127.0.0.1 /index/process-huishou-icon-win
ERR: 非法操作:process-huishou-icon-win

[ 2016-01-23T12:19:29+08:00 ] 127.0.0.1 /admin/claims/claimsManager?_dc=1453522769278
INFO: [ app_begin ] --START--
INFO: Run Behavior\ReadHtmlCacheBehavior [ RunTime:0.000000s ]
INFO: [ app_begin ] --END-- [ RunTime:0.000000s ]
SQL: SHOW COLUMNS FROM `otc_user` [ RunTime:0.0110s ]
SQL: SHOW COLUMNS FROM `otc_auth_access` [ RunTime:0.0100s ]
SQL: SELECT `role_id` FROM `otc_auth_access` WHERE ( uid = 1 )  [ RunTime:0.0020s ]
SQL: SHOW COLUMNS FROM `otc_auth_role_permission` [ RunTime:0.0100s ]
SQL: SHOW COLUMNS FROM `otc_auth_role_permission` [ RunTime:0.0080s ]
SQL: SELECT DISTINCT r.permission_id,n.permission_name,lower(n.`permission_code`) as permission_code FROM otc_auth_role_permission as r INNER JOIN otc_auth_permission as n on n.permission_id = r.permission_id  WHERE r.role_id IN ('65','73','70','69','68','67','66','77','76','75','74')  [ RunTime:0.0060s ]
SQL: SHOW COLUMNS FROM `otc_cl_mast` [ RunTime:0.0070s ]
NOTIC: [8] Undefined variable: where D:\ svn\otc\Application\Admin\Controller\ClaimsController.class.php 第 578 行.
ERR: 1054:Unknown column 'a.cf_mast_id' in 'on clause'
 [ SQL语句 ] : SELECT COUNT(*) AS tp_count FROM otc_cl_mast a LEFT JOIN otc_cf_mast b ON a.cf_mast_id=b.id LEFT JOIN otc_cl_ctl c ON a.id=c.cod_cl_id  LIMIT 1  
ERR: 1054:Unknown column 'a.cf_mast_id' in 'on clause'
 [ SQL语句 ] : SELECT COUNT(*) AS tp_count FROM otc_cl_mast a LEFT JOIN otc_cf_mast b ON a.cf_mast_id=b.id LEFT JOIN otc_cl_ctl c ON a.id=c.cod_cl_id  LIMIT 1  

[ 2016-01-23T12:19:34+08:00 ] 127.0.0.1 /Admin/Access/getUserNodeList?_dc=1453522774822&page=1&start=0&limit=25
INFO: [ app_begin ] --START--
INFO: Run Behavior\ReadHtmlCacheBehavior [ RunTime:0.000000s ]
INFO: [ app_begin ] --END-- [ RunTime:0.001000s ]
SQL: SHOW COLUMNS FROM `otc_user` [ RunTime:0.0110s ]
SQL: SHOW COLUMNS FROM `otc_auth_access` [ RunTime:0.0100s ]
SQL: SELECT `role_id` FROM `otc_auth_access` WHERE ( uid = 1 )  [ RunTime:0.0020s ]
SQL: SHOW COLUMNS FROM `otc_auth_role_node` [ RunTime:0.0100s ]
SQL: SHOW COLUMNS FROM `otc_auth_role_node` [ RunTime:0.0080s ]
SQL: SELECT DISTINCT r.node_id,n.name,n.pid,n.module,n.iconCls,n.group,n.url FROM otc_auth_role_node as r INNER JOIN otc_auth_node as n on n.id = r.node_id  WHERE r.role_id IN ('65','73','70','69','68','67','66','77','76','75','74') AND n.type = 1 ORDER BY n.sort asc, n.id desc  [ RunTime:0.0040s ]

[ 2016-01-23T12:19:36+08:00 ] 127.0.0.1 /index/process-huishou-icon-win
ERR: 非法操作:process-huishou-icon-win

[ 2016-01-23T12:19:36+08:00 ] 127.0.0.1 /admin/claims/claimsManager?_dc=1453522776179
INFO: [ app_begin ] --START--
INFO: Run Behavior\ReadHtmlCacheBehavior [ RunTime:0.000000s ]
INFO: [ app_begin ] --END-- [ RunTime:0.000000s ]
SQL: SHOW COLUMNS FROM `otc_user` [ RunTime:0.0110s ]
SQL: SHOW COLUMNS FROM `otc_auth_access` [ RunTime:0.0100s ]
SQL: SELECT `role_id` FROM `otc_auth_access` WHERE ( uid = 1 )  [ RunTime:0.0030s ]
SQL: SHOW COLUMNS FROM `otc_auth_role_permission` [ RunTime:0.0100s ]
SQL: SHOW COLUMNS FROM `otc_auth_role_permission` [ RunTime:0.0100s ]
SQL: SELECT DISTINCT r.permission_id,n.permission_name,lower(n.`permission_code`) as permission_code FROM otc_auth_role_permission as r INNER JOIN otc_auth_permission as n on n.permission_id = r.permission_id  WHERE r.role_id IN ('65','73','70','69','68','67','66','77','76','75','74')  [ RunTime:0.0060s ]
SQL: SHOW COLUMNS FROM `otc_cl_mast` [ RunTime:0.0080s ]
NOTIC: [8] Undefined variable: where D:\ svn\otc\Application\Admin\Controller\ClaimsController.class.php 第 578 行.
ERR: 1054:Unknown column 'a.cf_mast_id' in 'on clause'
 [ SQL语句 ] : SELECT COUNT(*) AS tp_count FROM otc_cl_mast a LEFT JOIN otc_cf_mast b ON a.cf_mast_id=b.id LEFT JOIN otc_cl_ctl c ON a.id=c.cod_cl_id  LIMIT 1  
ERR: 1054:Unknown column 'a.cf_mast_id' in 'on clause'
 [ SQL语句 ] : SELECT COUNT(*) AS tp_count FROM otc_cl_mast a LEFT JOIN otc_cf_mast b ON a.cf_mast_id=b.id LEFT JOIN otc_cl_ctl c ON a.id=c.cod_cl_id  LIMIT 1  

[ 2016-01-23T12:19:52+08:00 ] 127.0.0.1 /Admin/Access/getUserNodeList?_dc=1453522792042&page=1&start=0&limit=25
INFO: [ app_begin ] --START--
INFO: Run Behavior\ReadHtmlCacheBehavior [ RunTime:0.000000s ]
INFO: [ app_begin ] --END-- [ RunTime:0.000000s ]
SQL: SHOW COLUMNS FROM `otc_user` [ RunTime:0.0110s ]
SQL: SHOW COLUMNS FROM `otc_auth_access` [ RunTime:0.0100s ]
SQL: SELECT `role_id` FROM `otc_auth_access` WHERE ( uid = 1 )  [ RunTime:0.0020s ]
SQL: SHOW COLUMNS FROM `otc_auth_role_node` [ RunTime:0.0070s ]
SQL: SHOW COLUMNS FROM `otc_auth_role_node` [ RunTime:0.0060s ]
SQL: SELECT DISTINCT r.node_id,n.name,n.pid,n.module,n.iconCls,n.group,n.url FROM otc_auth_role_node as r INNER JOIN otc_auth_node as n on n.id = r.node_id  WHERE r.role_id IN ('65','73','70','69','68','67','66','77','76','75','74') AND n.type = 1 ORDER BY n.sort asc, n.id desc  [ RunTime:0.0030s ]

[ 2016-01-23T12:19:55+08:00 ] 127.0.0.1 /index/process-huishou-icon-win
ERR: 非法操作:process-huishou-icon-win

[ 2016-01-23T12:19:55+08:00 ] 127.0.0.1 /admin/claims/claimsManager?_dc=1453522795714
INFO: [ app_begin ] --START--
INFO: Run Behavior\ReadHtmlCacheBehavior [ RunTime:0.000000s ]
INFO: [ app_begin ] --END-- [ RunTime:0.000000s ]
SQL: SHOW COLUMNS FROM `otc_user` [ RunTime:0.0110s ]
SQL: SHOW COLUMNS FROM `otc_auth_access` [ RunTime:0.0100s ]
SQL: SELECT `role_id` FROM `otc_auth_access` WHERE ( uid = 1 )  [ RunTime:0.0020s ]
SQL: SHOW COLUMNS FROM `otc_auth_role_permission` [ RunTime:0.0090s ]
SQL: SHOW COLUMNS FROM `otc_auth_role_permission` [ RunTime:0.0090s ]
SQL: SELECT DISTINCT r.permission_id,n.permission_name,lower(n.`permission_code`) as permission_code FROM otc_auth_role_permission as r INNER JOIN otc_auth_permission as n on n.permission_id = r.permission_id  WHERE r.role_id IN ('65','73','70','69','68','67','66','77','76','75','74')  [ RunTime:0.0070s ]
SQL: SHOW COLUMNS FROM `otc_cl_mast` [ RunTime:0.0070s ]
NOTIC: [8] Undefined variable: where D:\ svn\otc\Application\Admin\Controller\ClaimsController.class.php 第 578 行.
ERR: 1054:Unknown column 'a.cf_mast_id' in 'on clause'
 [ SQL语句 ] : SELECT COUNT(*) AS tp_count FROM otc_cl_mast a LEFT JOIN otc_cf_mast b ON a.cf_mast_id=b.id LEFT JOIN otc_cl_ctl c ON a.id=c.cod_cl_id  LIMIT 1  
ERR: 1054:Unknown column 'a.cf_mast_id' in 'on clause'
 [ SQL语句 ] : SELECT COUNT(*) AS tp_count FROM otc_cl_mast a LEFT JOIN otc_cf_mast b ON a.cf_mast_id=b.id LEFT JOIN otc_cl_ctl c ON a.id=c.cod_cl_id  LIMIT 1  

[ 2016-01-23T12:20:21+08:00 ] 127.0.0.1 /common/login.html
INFO: [ app_begin ] --START--
INFO: Run Behavior\ReadHtmlCacheBehavior [ RunTime:0.001000s ]
INFO: [ app_begin ] --END-- [ RunTime:0.001000s ]
SQL: SHOW COLUMNS FROM `otc_user` [ RunTime:0.0110s ]
SQL: SELECT * FROM `otc_user` WHERE ( email = 'zb@zb.com' and password = 'e10adc3949ba59abbe56e057f20f883e' and status = 1 ) LIMIT 1   [ RunTime:0.0030s ]
SQL: SELECT * FROM `otc_user` WHERE `email` = 'zb@zb.com' LIMIT 1   [ RunTime:0.0020s ]

[ 2016-01-23T12:20:22+08:00 ] 127.0.0.1 /Admin/Access/getUserNodeList?_dc=1453522822410&page=1&start=0&limit=25
INFO: [ app_begin ] --START--
INFO: Run Behavior\ReadHtmlCacheBehavior [ RunTime:0.000000s ]
INFO: [ app_begin ] --END-- [ RunTime:0.000000s ]
SQL: SHOW COLUMNS FROM `otc_user` [ RunTime:0.0110s ]
SQL: SHOW COLUMNS FROM `otc_auth_access` [ RunTime:0.0100s ]
SQL: SELECT `role_id` FROM `otc_auth_access` WHERE ( uid = 1 )  [ RunTime:0.0020s ]
SQL: SHOW COLUMNS FROM `otc_auth_role_node` [ RunTime:0.0100s ]
SQL: SHOW COLUMNS FROM `otc_auth_role_node` [ RunTime:0.0100s ]
SQL: SELECT DISTINCT r.node_id,n.name,n.pid,n.module,n.iconCls,n.group,n.url FROM otc_auth_role_node as r INNER JOIN otc_auth_node as n on n.id = r.node_id  WHERE r.role_id IN ('65','73','70','69','68','67','66','77','76','75','74') AND n.type = 1 ORDER BY n.sort asc, n.id desc  [ RunTime:0.0040s ]

[ 2016-01-23T12:20:25+08:00 ] 127.0.0.1 /index/process-huishou-icon-win
ERR: 非法操作:process-huishou-icon-win

[ 2016-01-23T12:20:26+08:00 ] 127.0.0.1 /admin/claims/claimsManager?_dc=1453522825909
INFO: [ app_begin ] --START--
INFO: Run Behavior\ReadHtmlCacheBehavior [ RunTime:0.000000s ]
INFO: [ app_begin ] --END-- [ RunTime:0.001000s ]
SQL: SHOW COLUMNS FROM `otc_user` [ RunTime:0.0110s ]
SQL: SHOW COLUMNS FROM `otc_auth_access` [ RunTime:0.0100s ]
SQL: SELECT `role_id` FROM `otc_auth_access` WHERE ( uid = 1 )  [ RunTime:0.0020s ]
SQL: SHOW COLUMNS FROM `otc_auth_role_permission` [ RunTime:0.0100s ]
SQL: SHOW COLUMNS FROM `otc_auth_role_permission` [ RunTime:0.0100s ]
SQL: SELECT DISTINCT r.permission_id,n.permission_name,lower(n.`permission_code`) as permission_code FROM otc_auth_role_permission as r INNER JOIN otc_auth_permission as n on n.permission_id = r.permission_id  WHERE r.role_id IN ('65','73','70','69','68','67','66','77','76','75','74')  [ RunTime:0.0070s ]
SQL: SHOW COLUMNS FROM `otc_cl_mast` [ RunTime:0.0120s ]
NOTIC: [8] Undefined variable: where D:\ svn\otc\Application\Admin\Controller\ClaimsController.class.php 第 578 行.
ERR: 1054:Unknown column 'a.cf_mast_id' in 'on clause'
 [ SQL语句 ] : SELECT COUNT(*) AS tp_count FROM otc_cl_mast a LEFT JOIN otc_cf_mast b ON a.cf_mast_id=b.id LEFT JOIN otc_cl_ctl c ON a.id=c.cod_cl_id  LIMIT 1  
ERR: 1054:Unknown column 'a.cf_mast_id' in 'on clause'
 [ SQL语句 ] : SELECT COUNT(*) AS tp_count FROM otc_cl_mast a LEFT JOIN otc_cf_mast b ON a.cf_mast_id=b.id LEFT JOIN otc_cl_ctl c ON a.id=c.cod_cl_id  LIMIT 1  

[ 2016-01-23T12:20:30+08:00 ] 127.0.0.1 /index/notebook-icon-win
ERR: 非法操作:notebook-icon-win

[ 2016-01-23T12:20:30+08:00 ] 127.0.0.1 /admin/claims/getClaimsReleaseList?_dc=1453522830840
INFO: [ app_begin ] --START--
INFO: Run Behavior\ReadHtmlCacheBehavior [ RunTime:0.000000s ]
INFO: [ app_begin ] --END-- [ RunTime:0.000000s ]
SQL: SHOW COLUMNS FROM `otc_user` [ RunTime:0.0110s ]
SQL: SHOW COLUMNS FROM `otc_auth_access` [ RunTime:0.0100s ]
SQL: SELECT `role_id` FROM `otc_auth_access` WHERE ( uid = 1 )  [ RunTime:0.0020s ]
SQL: SHOW COLUMNS FROM `otc_auth_role_permission` [ RunTime:0.0080s ]
SQL: SHOW COLUMNS FROM `otc_auth_role_permission` [ RunTime:0.0060s ]
SQL: SELECT DISTINCT r.permission_id,n.permission_name,lower(n.`permission_code`) as permission_code FROM otc_auth_role_permission as r INNER JOIN otc_auth_permission as n on n.permission_id = r.permission_id  WHERE r.role_id IN ('65','73','70','69','68','67','66','77','76','75','74')  [ RunTime:0.0050s ]
SQL: SHOW COLUMNS FROM `otc_cl_mast` [ RunTime:0.0070s ]
SQL: SHOW COLUMNS FROM `otc_cl_mast` [ RunTime:0.0070s ]
SQL: SELECT COUNT(*) AS tp_count FROM otc_cl_mast as d WHERE `validflag` = 1 AND `status` = 2 LIMIT 1   [ RunTime:0.0020s ]
SQL: SHOW COLUMNS FROM `otc_cl_mast` [ RunTime:0.0070s ]
SQL: SELECT d.* FROM otc_cl_mast as d WHERE `validflag` = 1 AND `status` = 2 ORDER BY id desc  [ RunTime:0.0030s ]

[ 2016-01-23T12:20:43+08:00 ] 127.0.0.1 /index/process-huishou-icon-win
ERR: 非法操作:process-huishou-icon-win

[ 2016-01-23T12:20:43+08:00 ] 127.0.0.1 /admin/claims/claimsManager?_dc=1453522843495
INFO: [ app_begin ] --START--
INFO: Run Behavior\ReadHtmlCacheBehavior [ RunTime:0.001000s ]
INFO: [ app_begin ] --END-- [ RunTime:0.001000s ]
SQL: SHOW COLUMNS FROM `otc_user` [ RunTime:0.0110s ]
SQL: SHOW COLUMNS FROM `otc_auth_access` [ RunTime:0.0100s ]
SQL: SELECT `role_id` FROM `otc_auth_access` WHERE ( uid = 1 )  [ RunTime:0.0020s ]
SQL: SHOW COLUMNS FROM `otc_auth_role_permission` [ RunTime:0.0100s ]
SQL: SHOW COLUMNS FROM `otc_auth_role_permission` [ RunTime:0.0060s ]
SQL: SELECT DISTINCT r.permission_id,n.permission_name,lower(n.`permission_code`) as permission_code FROM otc_auth_role_permission as r INNER JOIN otc_auth_permission as n on n.permission_id = r.permission_id  WHERE r.role_id IN ('65','73','70','69','68','67','66','77','76','75','74')  [ RunTime:0.0050s ]
SQL: SHOW COLUMNS FROM `otc_cl_mast` [ RunTime:0.0060s ]
NOTIC: [8] Undefined variable: where D:\ svn\otc\Application\Admin\Controller\ClaimsController.class.php 第 578 行.
ERR: 1054:Unknown column 'a.cf_mast_id' in 'on clause'
 [ SQL语句 ] : SELECT COUNT(*) AS tp_count FROM otc_cl_mast a LEFT JOIN otc_cf_mast b ON a.cf_mast_id=b.id LEFT JOIN otc_cl_ctl c ON a.id=c.cod_cl_id  LIMIT 1  
ERR: 1054:Unknown column 'a.cf_mast_id' in 'on clause'
 [ SQL语句 ] : SELECT COUNT(*) AS tp_count FROM otc_cl_mast a LEFT JOIN otc_cf_mast b ON a.cf_mast_id=b.id LEFT JOIN otc_cl_ctl c ON a.id=c.cod_cl_id  LIMIT 1  

[ 2016-01-23T12:21:10+08:00 ] 127.0.0.1 /common/login.html
INFO: [ app_begin ] --START--
INFO: Run Behavior\ReadHtmlCacheBehavior [ RunTime:0.001000s ]
INFO: [ app_begin ] --END-- [ RunTime:0.001000s ]
SQL: SHOW COLUMNS FROM `otc_user` [ RunTime:0.0120s ]
SQL: SELECT * FROM `otc_user` WHERE ( email = 'zb@zb.com' and password = 'e10adc3949ba59abbe56e057f20f883e' and status = 1 ) LIMIT 1   [ RunTime:0.0030s ]
SQL: SELECT * FROM `otc_user` WHERE `email` = 'zb@zb.com' LIMIT 1   [ RunTime:0.0030s ]

[ 2016-01-23T12:21:12+08:00 ] 127.0.0.1 /Admin/Access/getUserNodeList?_dc=1453522872200&page=1&start=0&limit=25
INFO: [ app_begin ] --START--
INFO: Run Behavior\ReadHtmlCacheBehavior [ RunTime:0.000000s ]
INFO: [ app_begin ] --END-- [ RunTime:0.000000s ]
SQL: SHOW COLUMNS FROM `otc_user` [ RunTime:0.0110s ]
SQL: SHOW COLUMNS FROM `otc_auth_access` [ RunTime:0.0100s ]
SQL: SELECT `role_id` FROM `otc_auth_access` WHERE ( uid = 1 )  [ RunTime:0.0020s ]
SQL: SHOW COLUMNS FROM `otc_auth_role_node` [ RunTime:0.0100s ]
SQL: SHOW COLUMNS FROM `otc_auth_role_node` [ RunTime:0.0100s ]
SQL: SELECT DISTINCT r.node_id,n.name,n.pid,n.module,n.iconCls,n.group,n.url FROM otc_auth_role_node as r INNER JOIN otc_auth_node as n on n.id = r.node_id  WHERE r.role_id IN ('65','73','70','69','68','67','66','77','76','75','74') AND n.type = 1 ORDER BY n.sort asc, n.id desc  [ RunTime:0.0040s ]

[ 2016-01-23T12:21:16+08:00 ] 127.0.0.1 /index/notebook-icon-win
ERR: 非法操作:notebook-icon-win

[ 2016-01-23T12:21:16+08:00 ] 127.0.0.1 /admin/claims/getClaimsReleaseList?_dc=1453522876688
INFO: [ app_begin ] --START--
INFO: Run Behavior\ReadHtmlCacheBehavior [ RunTime:0.000000s ]
INFO: [ app_begin ] --END-- [ RunTime:0.000000s ]
SQL: SHOW COLUMNS FROM `otc_user` [ RunTime:0.0110s ]
SQL: SHOW COLUMNS FROM `otc_auth_access` [ RunTime:0.0110s ]
SQL: SELECT `role_id` FROM `otc_auth_access` WHERE ( uid = 1 )  [ RunTime:0.0020s ]
SQL: SHOW COLUMNS FROM `otc_auth_role_permission` [ RunTime:0.0080s ]
SQL: SHOW COLUMNS FROM `otc_auth_role_permission` [ RunTime:0.0070s ]
SQL: SELECT DISTINCT r.permission_id,n.permission_name,lower(n.`permission_code`) as permission_code FROM otc_auth_role_permission as r INNER JOIN otc_auth_permission as n on n.permission_id = r.permission_id  WHERE r.role_id IN ('65','73','70','69','68','67','66','77','76','75','74')  [ RunTime:0.0050s ]
SQL: SHOW COLUMNS FROM `otc_cl_mast` [ RunTime:0.0080s ]
SQL: SHOW COLUMNS FROM `otc_cl_mast` [ RunTime:0.0070s ]
SQL: SELECT COUNT(*) AS tp_count FROM otc_cl_mast as d WHERE `validflag` = 1 AND `status` = 2 LIMIT 1   [ RunTime:0.0060s ]
SQL: SHOW COLUMNS FROM `otc_cl_mast` [ RunTime:0.0090s ]
SQL: SELECT d.* FROM otc_cl_mast as d WHERE `validflag` = 1 AND `status` = 2 ORDER BY id desc  [ RunTime:0.0030s ]

[ 2016-01-23T12:21:24+08:00 ] 127.0.0.1 /index/process-huishou-icon-win
ERR: 非法操作:process-huishou-icon-win

[ 2016-01-23T12:21:24+08:00 ] 127.0.0.1 /admin/claims/claimsManager?_dc=1453522884700
INFO: [ app_begin ] --START--
INFO: Run Behavior\ReadHtmlCacheBehavior [ RunTime:0.001000s ]
INFO: [ app_begin ] --END-- [ RunTime:0.001000s ]
SQL: SHOW COLUMNS FROM `otc_user` [ RunTime:0.0100s ]
SQL: SHOW COLUMNS FROM `otc_auth_access` [ RunTime:0.0100s ]
SQL: SELECT `role_id` FROM `otc_auth_access` WHERE ( uid = 1 )  [ RunTime:0.0020s ]
SQL: SHOW COLUMNS FROM `otc_auth_role_permission` [ RunTime:0.0100s ]
SQL: SHOW COLUMNS FROM `otc_auth_role_permission` [ RunTime:0.0070s ]
SQL: SELECT DISTINCT r.permission_id,n.permission_name,lower(n.`permission_code`) as permission_code FROM otc_auth_role_permission as r INNER JOIN otc_auth_permission as n on n.permission_id = r.permission_id  WHERE r.role_id IN ('65','73','70','69','68','67','66','77','76','75','74')  [ RunTime:0.0230s ]
SQL: SHOW COLUMNS FROM `otc_cl_mast` [ RunTime:0.0060s ]
NOTIC: [8] Undefined variable: where D:\ svn\otc\Application\Admin\Controller\ClaimsController.class.php 第 578 行.
ERR: 1054:Unknown column 'a.cf_mast_id' in 'on clause'
 [ SQL语句 ] : SELECT COUNT(*) AS tp_count FROM otc_cl_mast a LEFT JOIN otc_cf_mast b ON a.cf_mast_id=b.id LEFT JOIN otc_cl_ctl c ON a.id=c.cod_cl_id  LIMIT 1  
ERR: 1054:Unknown column 'a.cf_mast_id' in 'on clause'
 [ SQL语句 ] : SELECT COUNT(*) AS tp_count FROM otc_cl_mast a LEFT JOIN otc_cf_mast b ON a.cf_mast_id=b.id LEFT JOIN otc_cl_ctl c ON a.id=c.cod_cl_id  LIMIT 1  

[ 2016-01-23T12:44:25+08:00 ] 127.0.0.1 /admin/claims/claimsManager
ERR: 1054:Unknown column 'b.name' in 'field list'
 [ SQL语句 ] : SELECT a.id,b.name,a.status,c.amt_ct_last,a.dat_create FROM otc_cl_mast a LEFT JOIN otc_cf_mast b ON a.type=b.investment_type LEFT JOIN otc_cl_ctl c ON a.id=c.cod_cl_id  

[ 2016-01-23T12:47:26+08:00 ] 127.0.0.1 /admin/claims/claimsManager
ERR: 1054:Unknown column 'b.name' in 'field list'
 [ SQL语句 ] : SELECT a.id,b.name,a.status,c.amt_ct_last,a.dat_create FROM otc_cl_mast a LEFT JOIN otc_cf_mast b ON a.type=b.investment_type LEFT JOIN otc_cl_ctl c ON a.id=c.cod_cl_id  

[ 2016-01-23T13:24:45+08:00 ] 127.0.0.1 /index/process-huishou-icon-win
ERR: 非法操作:process-huishou-icon-win

[ 2016-01-23T13:24:45+08:00 ] 127.0.0.1 /admin/claims/claimsManager?_dc=1453526685484
INFO: [ app_begin ] --START--
INFO: Run Behavior\ReadHtmlCacheBehavior [ RunTime:0.001000s ]
INFO: [ app_begin ] --END-- [ RunTime:0.001000s ]
SQL: SHOW COLUMNS FROM `otc_user` [ RunTime:0.0110s ]
SQL: SHOW COLUMNS FROM `otc_auth_access` [ RunTime:0.0100s ]
SQL: SELECT `role_id` FROM `otc_auth_access` WHERE ( uid = 1 )  [ RunTime:0.0020s ]
SQL: SHOW COLUMNS FROM `otc_auth_role_permission` [ RunTime:0.0070s ]
SQL: SHOW COLUMNS FROM `otc_auth_role_permission` [ RunTime:0.0060s ]
SQL: SELECT DISTINCT r.permission_id,n.permission_name,lower(n.`permission_code`) as permission_code FROM otc_auth_role_permission as r INNER JOIN otc_auth_permission as n on n.permission_id = r.permission_id  WHERE r.role_id IN ('65','73','70','69','68','67','66','77','76','75','74')  [ RunTime:0.0060s ]
SQL: SHOW COLUMNS FROM `otc_cl_mast` [ RunTime:0.0070s ]
NOTIC: [8] Undefined variable: where D:\ svn\otc\Application\Admin\Controller\ClaimsController.class.php 第 579 行.
SQL: SELECT COUNT(*) AS tp_count FROM otc_cl_mast a LEFT JOIN otc_capitalpool  b ON a.type=b.investment_type LEFT JOIN otc_cl_ctl c ON a.id=c.cod_cl_id  LIMIT 1   [ RunTime:0.0020s ]
NOTIC: [8] Undefined variable: where D:\ svn\otc\Application\Admin\Controller\ClaimsController.class.php 第 580 行.
SQL: SELECT a.id,b.name,a.status,c.amt_ct_last,a.dat_create FROM otc_cl_mast a LEFT JOIN otc_capitalpool b ON a.type=b.investment_type LEFT JOIN otc_cl_ctl c ON a.id=c.cod_cl_id  LIMIT 0,25   [ RunTime:0.0020s ]

[ 2016-01-23T13:25:06+08:00 ] 127.0.0.1 /index/notebook-icon-win
ERR: 非法操作:notebook-icon-win

[ 2016-01-23T13:25:06+08:00 ] 127.0.0.1 /admin/claims/getClaimsReleaseList?_dc=1453526706289
INFO: [ app_begin ] --START--
INFO: Run Behavior\ReadHtmlCacheBehavior [ RunTime:0.000000s ]
INFO: [ app_begin ] --END-- [ RunTime:0.001000s ]
SQL: SHOW COLUMNS FROM `otc_user` [ RunTime:0.0110s ]
SQL: SHOW COLUMNS FROM `otc_auth_access` [ RunTime:0.0110s ]
SQL: SELECT `role_id` FROM `otc_auth_access` WHERE ( uid = 1 )  [ RunTime:0.0020s ]
SQL: SHOW COLUMNS FROM `otc_auth_role_permission` [ RunTime:0.0100s ]
SQL: SHOW COLUMNS FROM `otc_auth_role_permission` [ RunTime:0.0100s ]
SQL: SELECT DISTINCT r.permission_id,n.permission_name,lower(n.`permission_code`) as permission_code FROM otc_auth_role_permission as r INNER JOIN otc_auth_permission as n on n.permission_id = r.permission_id  WHERE r.role_id IN ('65','73','70','69','68','67','66','77','76','75','74')  [ RunTime:0.0070s ]
SQL: SHOW COLUMNS FROM `otc_cl_mast` [ RunTime:0.0080s ]
SQL: SHOW COLUMNS FROM `otc_cl_mast` [ RunTime:0.0080s ]
SQL: SELECT COUNT(*) AS tp_count FROM otc_cl_mast as d WHERE `validflag` = 1 AND `status` = 2 LIMIT 1   [ RunTime:0.0020s ]
SQL: SHOW COLUMNS FROM `otc_cl_mast` [ RunTime:0.0070s ]
SQL: SELECT d.* FROM otc_cl_mast as d WHERE `validflag` = 1 AND `status` = 2 ORDER BY id desc  [ RunTime:0.0020s ]

[ 2016-01-23T13:54:36+08:00 ] 127.0.0.1 /admin/claims/releaseClaims?id=34
ERR: 1146:Table 'tjotc.__capitalpool__' doesn't exist
 [ SQL语句 ] : SELECT * FROM otc_cl_mast a INNER JOIN __capitalpool__ b on a.type=b.investment_type  WHERE a.id = 34 

[ 2016-01-23T16:50:15+08:00 ] 127.0.0.1 /admin/claims/releaseClaims?id=36
ERR: 1064:You have an error in your SQL syntax; check the manual that corresponds to your MariaDB server version for the right syntax to use near 'WHERE ( id= )' at line 1
 [ SQL语句 ] : UPDATE `otc_capitalpool` SET `total_amount`=total_amount+ WHERE ( id= )

[ 2016-01-23T16:59:59+08:00 ] 127.0.0.1 /admin/claims/releaseClaims?id=36
ERR: 1064:You have an error in your SQL syntax; check the manual that corresponds to your MariaDB server version for the right syntax to use near 'WHERE ( investment_type= )' at line 1
 [ SQL语句 ] : UPDATE `otc_capitalpool` SET `total_amount`=total_amount+ WHERE ( investment_type= )

[ 2016-01-23T17:06:04+08:00 ] 127.0.0.1 /admin/claims/releaseClaims?id=36
ERR: Think\Model:selInc方法不存在！

[ 2016-01-23T17:07:23+08:00 ] 127.0.0.1 /admin/claims/releaseClaims?id=36
ERR: Think\Model:selInc方法不存在！

[ 2016-01-23T17:08:16+08:00 ] 127.0.0.1 /admin/claims/releaseClaims?id=36
ERR: Think\Model:selInc方法不存在！

[ 2016-01-23T17:08:28+08:00 ] 127.0.0.1 /admin/claims/releaseClaims?id=36
ERR: Think\Model:selInc方法不存在！

[ 2016-01-23T17:09:01+08:00 ] 127.0.0.1 /admin/claims/releaseClaims?id=36
ERR: Think\Model:selInc方法不存在！

[ 2016-01-23T17:17:09+08:00 ] 127.0.0.1 /admin/claims/releaseClaims?id=36
ERR: Think\Model:selInc方法不存在！

[ 2016-01-23T17:38:50+08:00 ] 127.0.0.1 /admin/claims/releaseClaims?id=36
ERR: Think\Model:selInc方法不存在！

[ 2016-01-23T17:39:24+08:00 ] 127.0.0.1 /admin/claims/releaseClaims?id=36
ERR: Think\Model:selInc方法不存在！

[ 2016-01-23T17:41:14+08:00 ] 127.0.0.1 /admin/claims/releaseClaims?id=36
ERR: Think\Model:selInc方法不存在！

[ 2016-01-23T17:41:43+08:00 ] 127.0.0.1 /admin/claims/releaseClaims?id=36
ERR: Think\Model:selInc方法不存在！

[ 2016-01-23T17:42:07+08:00 ] 127.0.0.1 /admin/claims/releaseClaims?id=36
ERR: Think\Model:selInc方法不存在！

[ 2016-01-23T18:55:39+08:00 ] 127.0.0.1 /admin/claims/downClaims?id=36
ERR: Think\Model:selDec方法不存在！

[ 2016-01-23T19:17:45+08:00 ] 127.0.0.1 /admin/claims/downClaims?id=36
ERR: Think\Model:selDec方法不存在！

[ 2016-01-23T19:18:34+08:00 ] 127.0.0.1 /admin/claims/downClaims?id=36
ERR: Think\Model:selDec方法不存在！

[ 2016-01-23T19:27:36+08:00 ] 127.0.0.1 /admin/claims/downClaims?id=36
ERR: Think\Model:selDec方法不存在！

[ 2016-01-23T19:28:18+08:00 ] 127.0.0.1 /admin/claims/downClaims?id=36
ERR: Think\Model:selDec方法不存在！

[ 2016-01-23T19:29:16+08:00 ] 127.0.0.1 /admin/claims/downClaims?id=36
ERR: Think\Model:selDec方法不存在！

[ 2016-01-23T19:30:19+08:00 ] 127.0.0.1 /admin/claims/downClaims?id=36
ERR: Think\Model:selDec方法不存在！

[ 2016-01-23T19:32:38+08:00 ] 127.0.0.1 /admin/claims/downClaims?id=36
ERR: Think\Model:selDec方法不存在！

[ 2016-01-23T19:41:29+08:00 ] 127.0.0.1 /admin/claims/downClaims?id=36
ERR: 1064:You have an error in your SQL syntax; check the manual that corresponds to your MariaDB server version for the right syntax to use near ')' at line 1
 [ SQL语句 ] : DELETE FROM `otc_cl_ctl` WHERE ( id =  )

[ 2016-01-23T19:42:19+08:00 ] 127.0.0.1 /admin/claims/downClaims?id=36
ERR: 1064:You have an error in your SQL syntax; check the manual that corresponds to your MariaDB server version for the right syntax to use near ')' at line 1
 [ SQL语句 ] : DELETE FROM `otc_cl_ctl` WHERE ( id =  )

[ 2016-01-23T19:42:42+08:00 ] 127.0.0.1 /admin/claims/downClaims?id=36
ERR: 1064:You have an error in your SQL syntax; check the manual that corresponds to your MariaDB server version for the right syntax to use near ')' at line 1
 [ SQL语句 ] : DELETE FROM `otc_cl_ctl` WHERE ( id =  )

[ 2016-01-23T19:49:43+08:00 ] 127.0.0.1 /admin/claims/downClaims?id=36
ERR: 1064:You have an error in your SQL syntax; check the manual that corresponds to your MariaDB server version for the right syntax to use near ')' at line 1
 [ SQL语句 ] : DELETE FROM `otc_cl_ctl` WHERE ( id =  )

[ 2016-01-23T19:52:07+08:00 ] 127.0.0.1 /admin/claims/downClaims?id=36
ERR: 1064:You have an error in your SQL syntax; check the manual that corresponds to your MariaDB server version for the right syntax to use near ')' at line 1
 [ SQL语句 ] : DELETE FROM `otc_cl_ctl` WHERE ( cod_cl_id =  )

