[ 2016-01-16T21:30:38+08:00 ] 127.0.0.1 /common/login.html
INFO: [ app_begin ] --START--
INFO: Run Behavior\ReadHtmlCacheBehavior [ RunTime:0.001000s ]
INFO: [ app_begin ] --END-- [ RunTime:0.002000s ]
ERR: SQLSTATE[HY000] [1045] Access denied for user 'admin'@'localhost' (using password: YES)

[ 2016-01-16T21:30:44+08:00 ] 127.0.0.1 /common/login.html
INFO: [ app_begin ] --START--
INFO: Run Behavior\ReadHtmlCacheBehavior [ RunTime:0.000000s ]
INFO: [ app_begin ] --END-- [ RunTime:0.001000s ]
ERR: SQLSTATE[HY000] [1045] Access denied for user 'admin'@'localhost' (using password: YES)

[ 2016-01-16T21:33:10+08:00 ] 127.0.0.1 /common/login.html
INFO: [ app_begin ] --START--
INFO: Run Behavior\ReadHtmlCacheBehavior [ RunTime:0.001000s ]
INFO: [ app_begin ] --END-- [ RunTime:0.001000s ]
ERR: SQLSTATE[HY000] [1045] Access denied for user 'admin'@'localhost' (using password: YES)

[ 2016-01-16T21:33:58+08:00 ] 127.0.0.1 /common/login.html
INFO: [ app_begin ] --START--
INFO: Run Behavior\ReadHtmlCacheBehavior [ RunTime:0.000000s ]
INFO: [ app_begin ] --END-- [ RunTime:0.002001s ]
SQL: SHOW COLUMNS FROM `otc_user` [ RunTime:0.0020s ]
SQL: SELECT * FROM `otc_user` WHERE ( email = 'zb@zb.com' and password = 'e10adc3949ba59abbe56e057f20f883e' and status = 1 ) LIMIT 1   [ RunTime:0.0750s ]
SQL: SELECT * FROM `otc_user` WHERE `email` = 'zb@zb.com' LIMIT 1   [ RunTime:0.0010s ]

[ 2016-01-16T21:34:01+08:00 ] 127.0.0.1 /Admin/Access/getUserNodeList?_dc=1452951241196&page=1&start=0&limit=25
INFO: [ app_begin ] --START--
INFO: Run Behavior\ReadHtmlCacheBehavior [ RunTime:0.001000s ]
INFO: [ app_begin ] --END-- [ RunTime:0.001000s ]
SQL: SHOW COLUMNS FROM `otc_user` [ RunTime:0.0010s ]
SQL: SHOW COLUMNS FROM `otc_auth_access` [ RunTime:0.0010s ]
SQL: SELECT `role_id` FROM `otc_auth_access` WHERE ( uid = 1 )  [ RunTime:0.0730s ]
SQL: SHOW COLUMNS FROM `otc_auth_role_node` [ RunTime:0.0020s ]
SQL: SHOW COLUMNS FROM `otc_auth_role_node` [ RunTime:0.0010s ]
SQL: SELECT DISTINCT r.node_id,n.name,n.pid,n.module,n.iconCls,n.group,n.url FROM otc_auth_role_node as r INNER JOIN otc_auth_node as n on n.id = r.node_id  WHERE r.role_id IN ('65') ORDER BY n.sort asc, n.id desc  [ RunTime:0.1450s ]

[ 2016-01-16T21:34:08+08:00 ] 127.0.0.1 /index/process-huishou-icon-win
ERR: 非法操作:process-huishou-icon-win

[ 2016-01-16T21:34:08+08:00 ] 127.0.0.1 /admin/claims/getClaimsReleaseList?_dc=1452951248500
INFO: [ app_begin ] --START--
INFO: Run Behavior\ReadHtmlCacheBehavior [ RunTime:0.001000s ]
INFO: [ app_begin ] --END-- [ RunTime:0.001000s ]
SQL: SHOW COLUMNS FROM `otc_cl_mast` [ RunTime:0.0010s ]
SQL: SHOW COLUMNS FROM `otc_cl_mast` [ RunTime:0.0010s ]
SQL: SELECT COUNT(*) AS tp_count FROM otc_cl_mast as d WHERE `validflag` = 1 AND `status` = 2 LIMIT 1   [ RunTime:0.0490s ]
SQL: SHOW COLUMNS FROM `otc_cl_mast` [ RunTime:0.0010s ]
SQL: SELECT d.* FROM otc_cl_mast as d WHERE `validflag` = 1 AND `status` = 2 ORDER BY id desc  [ RunTime:0.0000s ]

[ 2016-01-16T21:34:54+08:00 ] 127.0.0.1 /common/login.html
INFO: [ app_begin ] --START--
INFO: Run Behavior\ReadHtmlCacheBehavior [ RunTime:0.000000s ]
INFO: [ app_begin ] --END-- [ RunTime:0.000000s ]
SQL: SHOW COLUMNS FROM `otc_user` [ RunTime:0.0010s ]
SQL: SELECT * FROM `otc_user` WHERE ( email = 'zb@zb.com' and password = 'e10adc3949ba59abbe56e057f20f883e' and status = 1 ) LIMIT 1   [ RunTime:0.0010s ]
SQL: SELECT * FROM `otc_user` WHERE `email` = 'zb@zb.com' LIMIT 1   [ RunTime:0.0000s ]

[ 2016-01-16T21:34:56+08:00 ] 127.0.0.1 /Admin/Access/getUserNodeList?_dc=1452951296624&page=1&start=0&limit=25
INFO: [ app_begin ] --START--
INFO: Run Behavior\ReadHtmlCacheBehavior [ RunTime:0.000000s ]
INFO: [ app_begin ] --END-- [ RunTime:0.000000s ]
SQL: SHOW COLUMNS FROM `otc_user` [ RunTime:0.0010s ]
SQL: SHOW COLUMNS FROM `otc_auth_access` [ RunTime:0.0010s ]
SQL: SELECT `role_id` FROM `otc_auth_access` WHERE ( uid = 1 )  [ RunTime:0.0000s ]
SQL: SHOW COLUMNS FROM `otc_auth_role_node` [ RunTime:0.0010s ]
SQL: SHOW COLUMNS FROM `otc_auth_role_node` [ RunTime:0.0010s ]
SQL: SELECT DISTINCT r.node_id,n.name,n.pid,n.module,n.iconCls,n.group,n.url FROM otc_auth_role_node as r INNER JOIN otc_auth_node as n on n.id = r.node_id  WHERE r.role_id IN ('65') ORDER BY n.sort asc, n.id desc  [ RunTime:0.0010s ]

[ 2016-01-16T21:58:36+08:00 ] 127.0.0.1 /common/login.html
INFO: [ app_begin ] --START--
INFO: Run Behavior\ReadHtmlCacheBehavior [ RunTime:0.001000s ]
INFO: [ app_begin ] --END-- [ RunTime:0.001000s ]
SQL: SHOW COLUMNS FROM `otc_user` [ RunTime:0.0010s ]
SQL: SELECT * FROM `otc_user` WHERE ( email = 'zb@zb.com' and password = 'e10adc3949ba59abbe56e057f20f883e' and status = 1 ) LIMIT 1   [ RunTime:0.0000s ]
SQL: SELECT * FROM `otc_user` WHERE `email` = 'zb@zb.com' LIMIT 1   [ RunTime:0.0000s ]

[ 2016-01-16T21:58:38+08:00 ] 127.0.0.1 /Admin/Access/getUserNodeList?_dc=1452952718529&page=1&start=0&limit=25
INFO: [ app_begin ] --START--
INFO: Run Behavior\ReadHtmlCacheBehavior [ RunTime:0.000000s ]
INFO: [ app_begin ] --END-- [ RunTime:0.000000s ]
SQL: SHOW COLUMNS FROM `otc_user` [ RunTime:0.0020s ]
SQL: SHOW COLUMNS FROM `otc_auth_access` [ RunTime:0.0000s ]
SQL: SELECT `role_id` FROM `otc_auth_access` WHERE ( uid = 1 )  [ RunTime:0.0010s ]
SQL: SHOW COLUMNS FROM `otc_auth_role_node` [ RunTime:0.0010s ]
SQL: SHOW COLUMNS FROM `otc_auth_role_node` [ RunTime:0.0000s ]
SQL: SELECT DISTINCT r.node_id,n.name,n.pid,n.module,n.iconCls,n.group,n.url FROM otc_auth_role_node as r INNER JOIN otc_auth_node as n on n.id = r.node_id  WHERE r.role_id IN ('65') ORDER BY n.sort asc, n.id desc  [ RunTime:0.0010s ]

