[ 2016-01-21T09:36:00+08:00 ] 127.0.0.1 /common/login.html
INFO: [ app_begin ] --START--
INFO: Run Behavior\ReadHtmlCacheBehavior [ RunTime:0.001000s ]
INFO: [ app_begin ] --END-- [ RunTime:0.001000s ]
SQL: SHOW COLUMNS FROM `otc_user` [ RunTime:0.0110s ]
SQL: SELECT * FROM `otc_user` WHERE ( email = 'zb@zb.com' and password = 'e10adc3949ba59abbe56e057f20f883e' and status = 1 ) LIMIT 1   [ RunTime:0.0030s ]
SQL: SELECT * FROM `otc_user` WHERE `email` = 'zb@zb.com' LIMIT 1   [ RunTime:0.0020s ]

[ 2016-01-21T09:36:03+08:00 ] 127.0.0.1 /Admin/Access/getUserNodeList?_dc=1453340162905&page=1&start=0&limit=25
INFO: [ app_begin ] --START--
INFO: Run Behavior\ReadHtmlCacheBehavior [ RunTime:0.001000s ]
INFO: [ app_begin ] --END-- [ RunTime:0.001000s ]
SQL: SHOW COLUMNS FROM `otc_user` [ RunTime:0.0110s ]
SQL: SHOW COLUMNS FROM `otc_auth_access` [ RunTime:0.0100s ]
SQL: SELECT `role_id` FROM `otc_auth_access` WHERE ( uid = 1 )  [ RunTime:0.0020s ]
SQL: SHOW COLUMNS FROM `otc_auth_role_node` [ RunTime:0.0110s ]
SQL: SHOW COLUMNS FROM `otc_auth_role_node` [ RunTime:0.0100s ]
SQL: SELECT DISTINCT r.node_id,n.name,n.pid,n.module,n.iconCls,n.group,n.url FROM otc_auth_role_node as r INNER JOIN otc_auth_node as n on n.id = r.node_id  WHERE r.role_id IN ('65','73','70','69','68','67','66') AND n.type = 1 ORDER BY n.sort asc, n.id desc  [ RunTime:0.0030s ]

[ 2016-01-21T09:36:32+08:00 ] 127.0.0.1 /index/process-huishou-icon-win
ERR: 非法操作:process-huishou-icon-win

[ 2016-01-21T09:36:32+08:00 ] 127.0.0.1 /admin/claims/getClaimsReleaseList?_dc=1453340192737
INFO: [ app_begin ] --START--
INFO: Run Behavior\ReadHtmlCacheBehavior [ RunTime:0.000000s ]
INFO: [ app_begin ] --END-- [ RunTime:0.001000s ]
SQL: SHOW COLUMNS FROM `otc_user` [ RunTime:0.0110s ]
SQL: SHOW COLUMNS FROM `otc_auth_access` [ RunTime:0.0100s ]
SQL: SELECT `role_id` FROM `otc_auth_access` WHERE ( uid = 1 )  [ RunTime:0.0020s ]
SQL: SHOW COLUMNS FROM `otc_auth_role_permission` [ RunTime:0.0060s ]
SQL: SHOW COLUMNS FROM `otc_auth_role_permission` [ RunTime:0.0060s ]
SQL: SELECT DISTINCT r.permission_id,n.permission_name,lower(n.permission_code) as permission_code FROM otc_auth_role_permission as r INNER JOIN otc_auth_permission as n on n.permission_id = r.permission_id  WHERE r.role_id IN ('65','73','70','69','68','67','66')  [ RunTime:0.0370s ]
SQL: SHOW COLUMNS FROM `otc_cl_mast` [ RunTime:0.0090s ]
SQL: SHOW COLUMNS FROM `otc_cl_mast` [ RunTime:0.0090s ]
SQL: SELECT COUNT(*) AS tp_count FROM otc_cl_mast as d WHERE `validflag` = 1 AND `status` = 2 LIMIT 1   [ RunTime:0.0220s ]
SQL: SHOW COLUMNS FROM `otc_cl_mast` [ RunTime:0.0090s ]
SQL: SELECT d.* FROM otc_cl_mast as d WHERE `validflag` = 1 AND `status` = 2 ORDER BY id desc  [ RunTime:0.0030s ]

[ 2016-01-21T09:36:49+08:00 ] 127.0.0.1 /index/process-huishou-icon-win
ERR: 非法操作:process-huishou-icon-win

[ 2016-01-21T09:36:49+08:00 ] 127.0.0.1 /admin/claims/getClaimsReleaseList?_dc=1453340209706
INFO: [ app_begin ] --START--
INFO: Run Behavior\ReadHtmlCacheBehavior [ RunTime:0.001000s ]
INFO: [ app_begin ] --END-- [ RunTime:0.001000s ]
SQL: SHOW COLUMNS FROM `otc_user` [ RunTime:0.0130s ]
SQL: SHOW COLUMNS FROM `otc_auth_access` [ RunTime:0.0100s ]
SQL: SELECT `role_id` FROM `otc_auth_access` WHERE ( uid = 1 )  [ RunTime:0.0030s ]
SQL: SHOW COLUMNS FROM `otc_auth_role_permission` [ RunTime:0.0110s ]
SQL: SHOW COLUMNS FROM `otc_auth_role_permission` [ RunTime:0.0110s ]
SQL: SELECT DISTINCT r.permission_id,n.permission_name,lower(n.permission_code) as permission_code FROM otc_auth_role_permission as r INNER JOIN otc_auth_permission as n on n.permission_id = r.permission_id  WHERE r.role_id IN ('65','73','70','69','68','67','66')  [ RunTime:0.0050s ]
SQL: SHOW COLUMNS FROM `otc_cl_mast` [ RunTime:0.0110s ]
SQL: SHOW COLUMNS FROM `otc_cl_mast` [ RunTime:0.0110s ]
SQL: SELECT COUNT(*) AS tp_count FROM otc_cl_mast as d WHERE `validflag` = 1 AND `status` = 2 LIMIT 1   [ RunTime:0.0020s ]
SQL: SHOW COLUMNS FROM `otc_cl_mast` [ RunTime:0.0080s ]
SQL: SELECT d.* FROM otc_cl_mast as d WHERE `validflag` = 1 AND `status` = 2 ORDER BY id desc  [ RunTime:0.0030s ]

[ 2016-01-21T09:36:51+08:00 ] 127.0.0.1 /admin/claims/getClaimsinfo
INFO: [ app_begin ] --START--
INFO: Run Behavior\ReadHtmlCacheBehavior [ RunTime:0.001000s ]
INFO: [ app_begin ] --END-- [ RunTime:0.001000s ]
SQL: SHOW COLUMNS FROM `otc_user` [ RunTime:0.0140s ]
SQL: SHOW COLUMNS FROM `otc_auth_access` [ RunTime:0.0110s ]
SQL: SELECT `role_id` FROM `otc_auth_access` WHERE ( uid = 1 )  [ RunTime:0.0040s ]
SQL: SHOW COLUMNS FROM `otc_auth_role_permission` [ RunTime:0.0120s ]
SQL: SHOW COLUMNS FROM `otc_auth_role_permission` [ RunTime:0.0100s ]
SQL: SELECT DISTINCT r.permission_id,n.permission_name,lower(n.permission_code) as permission_code FROM otc_auth_role_permission as r INNER JOIN otc_auth_permission as n on n.permission_id = r.permission_id  WHERE r.role_id IN ('65','73','70','69','68','67','66')  [ RunTime:0.0130s ]
SQL: SHOW COLUMNS FROM `otc_cl_mast` [ RunTime:0.0090s ]
SQL: SELECT * FROM `otc_cl_mast` WHERE ( validflag = 1  and id = 37 ) LIMIT 1   [ RunTime:0.0030s ]

[ 2016-01-21T09:36:51+08:00 ] 127.0.0.1 /admin/claims/getClaimsReleaseList?_dc=1453340211495
INFO: [ app_begin ] --START--
INFO: Run Behavior\ReadHtmlCacheBehavior [ RunTime:0.000000s ]
INFO: [ app_begin ] --END-- [ RunTime:0.001000s ]
SQL: SHOW COLUMNS FROM `otc_user` [ RunTime:0.0110s ]
SQL: SHOW COLUMNS FROM `otc_auth_access` [ RunTime:0.0100s ]
SQL: SELECT `role_id` FROM `otc_auth_access` WHERE ( uid = 1 )  [ RunTime:0.0020s ]
SQL: SHOW COLUMNS FROM `otc_auth_role_permission` [ RunTime:0.0080s ]
SQL: SHOW COLUMNS FROM `otc_auth_role_permission` [ RunTime:0.0090s ]
SQL: SELECT DISTINCT r.permission_id,n.permission_name,lower(n.permission_code) as permission_code FROM otc_auth_role_permission as r INNER JOIN otc_auth_permission as n on n.permission_id = r.permission_id  WHERE r.role_id IN ('65','73','70','69','68','67','66')  [ RunTime:0.0050s ]
SQL: SHOW COLUMNS FROM `otc_cl_mast` [ RunTime:0.0090s ]
SQL: SHOW COLUMNS FROM `otc_cl_mast` [ RunTime:0.0070s ]
SQL: SELECT COUNT(*) AS tp_count FROM otc_cl_mast as d WHERE `validflag` = 1 AND `status` = 2 LIMIT 1   [ RunTime:0.0020s ]
SQL: SHOW COLUMNS FROM `otc_cl_mast` [ RunTime:0.0070s ]
SQL: SELECT d.* FROM otc_cl_mast as d WHERE `validflag` = 1 AND `status` = 2 ORDER BY id desc  [ RunTime:0.0030s ]

[ 2016-01-21T09:42:36+08:00 ] 127.0.0.1 /admin/claims/claimrecord?cod_cl_id=27
ERR: 1064:You have an error in your SQL syntax; check the manual that corresponds to your MariaDB server version for the right syntax to use near 'WHERE a.cod_cl_id = '27' LIMIT 0,20' at line 1
 [ SQL语句 ] : SELECT a.id,b.nam_cust_real,b.cod_cust_id_no,a.amt_ivs,a.dat_create FROM otc_cl_ivs a LEFT JOIN otc_cust_person b ON a.cod_cust_id=b.cod_cust_id LEFT JOIN   WHERE a.cod_cl_id = '27' LIMIT 0,20  

[ 2016-01-21T14:49:09+08:00 ] 127.0.0.1 /admin/claims/claimrecord?cod_cl_id=34
ERR: 1146:Table 'a.id' doesn't exist
 [ SQL语句 ] : SELECT COUNT(*) AS tp_count FROM otc_cl_ivs a INNER JOIN a.id,b.nam_cust_real,b.cod_cust_id_no,a.amt_ivs,a.dat_create,c.title,d.cod_period LEFT JOIN otc_cf_mast c ON a.cod_cf_id=c.id LEFT JOIN otc_cf_ctl d ON a.cod_cf_ctl_id=d.id  WHERE a.cod_cl_id = '34' LIMIT 1  

[ 2016-01-21T14:49:11+08:00 ] 127.0.0.1 /admin/claims/claimrecord?cod_cl_id=34
ERR: 1146:Table 'a.id' doesn't exist
 [ SQL语句 ] : SELECT COUNT(*) AS tp_count FROM otc_cl_ivs a INNER JOIN a.id,b.nam_cust_real,b.cod_cust_id_no,a.amt_ivs,a.dat_create,c.title,d.cod_period LEFT JOIN otc_cf_mast c ON a.cod_cf_id=c.id LEFT JOIN otc_cf_ctl d ON a.cod_cf_ctl_id=d.id  WHERE a.cod_cl_id = '34' LIMIT 1  

