[ 2016-02-05T17:28:12+08:00 ] 127.0.0.1 /common/login.html
INFO: [ app_begin ] --START--
INFO: Run Behavior\ReadHtmlCacheBehavior [ RunTime:0.000000s ]
INFO: [ app_begin ] --END-- [ RunTime:0.000000s ]
SQL: SHOW COLUMNS FROM `otc_user` [ RunTime:0.0110s ]
SQL: SELECT * FROM `otc_user` WHERE ( email = 'zb@zb.com' and password = 'e10adc3949ba59abbe56e057f20f883e' and status = 1 ) LIMIT 1   [ RunTime:0.0280s ]
SQL: SELECT * FROM `otc_user` WHERE `email` = 'zb@zb.com' LIMIT 1   [ RunTime:0.0020s ]

[ 2016-02-05T17:28:14+08:00 ] 127.0.0.1 /Admin/Access/getUserNodeList?_dc=1454664494100&page=1&start=0&limit=25
INFO: [ app_begin ] --START--
INFO: Run Behavior\ReadHtmlCacheBehavior [ RunTime:0.001000s ]
INFO: [ app_begin ] --END-- [ RunTime:0.001000s ]
SQL: SHOW COLUMNS FROM `otc_user` [ RunTime:0.0110s ]
SQL: SHOW COLUMNS FROM `otc_auth_access` [ RunTime:0.0100s ]
SQL: SELECT aa.role_id FROM otc_auth_access as aa left JOIN otc_auth_role as ar ON aa.role_id = ar.id  WHERE aa.uid = 1 AND ar.status = 1  [ RunTime:0.0020s ]
SQL: SHOW COLUMNS FROM `otc_auth_role_node` [ RunTime:0.0060s ]
SQL: SHOW COLUMNS FROM `otc_auth_role_node` [ RunTime:0.0060s ]
SQL: SELECT DISTINCT r.node_id,n.name,n.pid,n.module,n.iconCls,n.group,n.url FROM otc_auth_role_node as r INNER JOIN otc_auth_node as n on n.id = r.node_id  WHERE r.role_id IN ('65','73','70','69','68','67','66','77','76','75','74','78','79') AND n.type = 1 AND n.status = 1 ORDER BY n.sort asc, n.id desc  [ RunTime:0.0240s ]
NOTIC: [8] Undefined index: id D:\ svn\otc\Application\Common\Common\function.php 第 119 行.
NOTIC: [8] Undefined index: id D:\ svn\otc\Application\Common\Common\function.php 第 119 行.
NOTIC: [8] Undefined index: id D:\ svn\otc\Application\Common\Common\function.php 第 119 行.
NOTIC: [8] Undefined index: id D:\ svn\otc\Application\Common\Common\function.php 第 119 行.
NOTIC: [8] Undefined index: id D:\ svn\otc\Application\Common\Common\function.php 第 119 行.
NOTIC: [8] Undefined index: id D:\ svn\otc\Application\Common\Common\function.php 第 119 行.
NOTIC: [8] Undefined index: id D:\ svn\otc\Application\Common\Common\function.php 第 119 行.
NOTIC: [8] Undefined index: id D:\ svn\otc\Application\Common\Common\function.php 第 119 行.
NOTIC: [8] Undefined index: id D:\ svn\otc\Application\Common\Common\function.php 第 119 行.
NOTIC: [8] Undefined index: id D:\ svn\otc\Application\Common\Common\function.php 第 119 行.
NOTIC: [8] Undefined index: id D:\ svn\otc\Application\Common\Common\function.php 第 119 行.
NOTIC: [8] Undefined index: id D:\ svn\otc\Application\Common\Common\function.php 第 119 行.
NOTIC: [8] Undefined index: id D:\ svn\otc\Application\Common\Common\function.php 第 119 行.
NOTIC: [8] Undefined index: id D:\ svn\otc\Application\Common\Common\function.php 第 119 行.
NOTIC: [8] Undefined index: id D:\ svn\otc\Application\Common\Common\function.php 第 119 行.

[ 2016-02-05T17:28:24+08:00 ] 127.0.0.1 /Admin/cfmast/getUnfinishProduct?_dc=1454664504511
INFO: [ app_begin ] --START--
INFO: Run Behavior\ReadHtmlCacheBehavior [ RunTime:0.000000s ]
INFO: [ app_begin ] --END-- [ RunTime:0.001000s ]
SQL: SHOW COLUMNS FROM `otc_user` [ RunTime:0.0110s ]
SQL: SHOW COLUMNS FROM `otc_auth_access` [ RunTime:0.0110s ]
SQL: SELECT `role_id` FROM `otc_auth_access` WHERE ( uid = 1 )  [ RunTime:0.0020s ]
SQL: SHOW COLUMNS FROM `otc_auth_role_permission` [ RunTime:0.0060s ]
SQL: SHOW COLUMNS FROM `otc_auth_role_permission` [ RunTime:0.0070s ]
SQL: SELECT DISTINCT r.permission_id,n.permission_name,lower(n.`permission_code`) as permission_code FROM otc_auth_role_permission as r INNER JOIN otc_auth_permission as n on n.permission_id = r.permission_id  WHERE r.role_id IN ('65','73','70','69','68','67','66','77','76','75','74','78','79')  [ RunTime:0.0410s ]
SQL: SHOW COLUMNS FROM `otc_cf_mast` [ RunTime:0.0120s ]
SQL: SELECT COUNT(*) AS tp_count FROM `otc_cf_mast` WHERE ( true and otc_cf_mast.usr_create=1 and otc_cf_mast.cod_is_delete=0 ) LIMIT 1   [ RunTime:0.0120s ]
SQL: SELECT otc_cf_mast.id,otc_cf_mast.dat_create,otc_cf_mast.title,otc_cf_mast.dat_create,otc_cf_mast.cod_cf_status,otc_cf_mast.amt_ct,otc_cf_mast.rat_cf_inv_min,otc_cf_mast.amt_time,date_format(otc_cf_mast.dat_create,'%Y-%m-%d') as dat_create FROM `otc_cf_mast` WHERE ( true and otc_cf_mast.usr_create=1 and otc_cf_mast.cod_is_delete=0 ) ORDER BY otc_cf_mast.dat_create desc LIMIT 0,25   [ RunTime:0.0030s ]

[ 2016-02-05T17:28:44+08:00 ] 127.0.0.1 /Admin/cfmast/tlist?_dc=1454664524718
INFO: [ app_begin ] --START--
INFO: Run Behavior\ReadHtmlCacheBehavior [ RunTime:0.001000s ]
INFO: [ app_begin ] --END-- [ RunTime:0.001000s ]
SQL: SHOW COLUMNS FROM `otc_user` [ RunTime:0.0120s ]
SQL: SHOW COLUMNS FROM `otc_auth_access` [ RunTime:0.0100s ]
SQL: SELECT `role_id` FROM `otc_auth_access` WHERE ( uid = 1 )  [ RunTime:0.0020s ]
SQL: SHOW COLUMNS FROM `otc_auth_role_permission` [ RunTime:0.0080s ]
SQL: SHOW COLUMNS FROM `otc_auth_role_permission` [ RunTime:0.0070s ]
SQL: SELECT DISTINCT r.permission_id,n.permission_name,lower(n.`permission_code`) as permission_code FROM otc_auth_role_permission as r INNER JOIN otc_auth_permission as n on n.permission_id = r.permission_id  WHERE r.role_id IN ('65','73','70','69','68','67','66','77','76','75','74','78','79')  [ RunTime:0.0070s ]
SQL: SHOW COLUMNS FROM `otc_cf_mast` [ RunTime:0.0080s ]
SQL: SHOW COLUMNS FROM `otc_cf_mast` [ RunTime:0.0080s ]
SQL: SELECT COUNT(*) AS tp_count FROM `otc_cf_mast` left JOIN otc_cf_ivs on otc_cf_mast.id=otc_cf_ivs.cod_cf_id  WHERE ( true and otc_cf_mast.cod_is_delete=0 ) GROUP BY otc_cf_mast.id LIMIT 1   [ RunTime:0.0310s ]
SQL: SELECT otc_cf_mast.id,otc_cf_mast.title,otc_cf_mast.cod_cf_status,sum(case otc_cf_ivs.cod_ivs_type when 1 then 1 else 0 end)as allp,sum(case otc_cf_ivs.cod_ivs_type when 2 then 1 else 0 end)as allp2,otc_cf_mast.rat_cf_inv_min,otc_cf_mast.amt_time,otc_cf_mast.dat_create,sum(otc_cf_ivs.amt_int_total) as amt_ct FROM `otc_cf_mast` left JOIN otc_cf_ivs on otc_cf_mast.id=otc_cf_ivs.cod_cf_id  WHERE ( true and otc_cf_mast.cod_is_delete=0 ) GROUP BY otc_cf_mast.id ORDER BY otc_cf_mast.dat_create desc LIMIT 0,25   [ RunTime:0.0040s ]

[ 2016-02-05T17:28:48+08:00 ] 127.0.0.1 /Admin/cfmast/tdetail
INFO: [ app_begin ] --START--
INFO: Run Behavior\ReadHtmlCacheBehavior [ RunTime:0.001000s ]
INFO: [ app_begin ] --END-- [ RunTime:0.001000s ]
SQL: SHOW COLUMNS FROM `otc_user` [ RunTime:0.0110s ]
SQL: SHOW COLUMNS FROM `otc_auth_access` [ RunTime:0.0100s ]
SQL: SELECT `role_id` FROM `otc_auth_access` WHERE ( uid = 1 )  [ RunTime:0.0020s ]
SQL: SHOW COLUMNS FROM `otc_auth_role_permission` [ RunTime:0.0080s ]
SQL: SHOW COLUMNS FROM `otc_auth_role_permission` [ RunTime:0.0050s ]
SQL: SELECT DISTINCT r.permission_id,n.permission_name,lower(n.`permission_code`) as permission_code FROM otc_auth_role_permission as r INNER JOIN otc_auth_permission as n on n.permission_id = r.permission_id  WHERE r.role_id IN ('65','73','70','69','68','67','66','77','76','75','74','78','79')  [ RunTime:0.0070s ]
SQL: SHOW COLUMNS FROM `otc_cf_mast` [ RunTime:0.0070s ]
SQL: SHOW COLUMNS FROM `otc_cf_mast` [ RunTime:0.0080s ]
SQL: SELECT otc_cf_mast.id,otc_capitalpool.total_amount as totalmoney,otc_cf_mast.cod_cf_inv_type,otc_cf_mast.amt_cf_inv_min,otc_cf_mast.amt_cf_inv_each,otc_cf_mast.amt_ct_min,otc_cf_mast.amt_ct_max,otc_cf_mast.amt_cf_inv_max,otc_cf_mast.title,otc_cf_mast.cod_cf_status,otc_cf_mast.rat_cf_inv_min,otc_cf_mast.dat_cf_inv_begin,otc_cf_mast.amt_time,otc_cf_mast.dat_cf_inv_end,count(otc_cf_ivs.cod_cf_id) as allp,otc_capitalpool.surplus_amount as amt_ct FROM `otc_cf_mast` left JOIN otc_cl_ctl on otc_cf_mast.cod_cf_inv_type=otc_cl_ctl.type left JOIN otc_cf_ivs on otc_cf_mast.id=otc_cf_ivs.cod_cf_id left JOIN otc_capitalpool on otc_cf_mast.cod_cf_inv_type=otc_capitalpool.investment_type  WHERE ( otc_cf_mast.id=74 ) GROUP BY otc_cf_mast.id LIMIT 1   [ RunTime:0.0370s ]

[ 2016-02-05T17:28:48+08:00 ] 127.0.0.1 /Admin/cfmast/productdetail?_dc=1454664528358
INFO: [ app_begin ] --START--
INFO: Run Behavior\ReadHtmlCacheBehavior [ RunTime:0.000000s ]
INFO: [ app_begin ] --END-- [ RunTime:0.001001s ]
SQL: SHOW COLUMNS FROM `otc_user` [ RunTime:0.0120s ]
SQL: SHOW COLUMNS FROM `otc_auth_access` [ RunTime:0.0110s ]
SQL: SELECT `role_id` FROM `otc_auth_access` WHERE ( uid = 1 )  [ RunTime:0.0020s ]
SQL: SHOW COLUMNS FROM `otc_auth_role_permission` [ RunTime:0.0100s ]
SQL: SHOW COLUMNS FROM `otc_auth_role_permission` [ RunTime:0.0100s ]
SQL: SELECT DISTINCT r.permission_id,n.permission_name,lower(n.`permission_code`) as permission_code FROM otc_auth_role_permission as r INNER JOIN otc_auth_permission as n on n.permission_id = r.permission_id  WHERE r.role_id IN ('65','73','70','69','68','67','66','77','76','75','74','78','79')  [ RunTime:0.0090s ]
SQL: SHOW COLUMNS FROM `otc_cf_mast` [ RunTime:0.0070s ]
SQL: SHOW COLUMNS FROM `otc_cf_ctl` [ RunTime:0.0070s ]
SQL: SELECT COUNT(*) AS tp_count FROM `otc_cf_ctl` left JOIN otc_cf_mast on otc_cf_ctl.cf_mast_id=otc_cf_mast.id left JOIN otc_cf_ivs on otc_cf_mast.id=otc_cf_ivs.cod_cf_id  WHERE ( otc_cf_mast.id=74 ) LIMIT 1   [ RunTime:0.0020s ]
SQL: SELECT otc_cf_ctl.id,date_format(otc_cf_ctl.dat_modify,"%Y-%m-%d") as dat_modify,otc_cf_ctl.ctr_ct_finish,otc_cf_ctl.ctr_ct,otc_cf_mast.title,otc_cf_ctl.cod_period,sum(case otc_cf_ivs.cod_ivs_type when 1 then 1 else 0 end) as allp,sum(case otc_cf_ivs.cod_ivs_type when 2 then 1 else 0 end) as allp2,otc_cf_mast.cod_cf_status FROM `otc_cf_ctl` left JOIN otc_cf_mast on otc_cf_ctl.cf_mast_id=otc_cf_mast.id left JOIN otc_cf_ivs on otc_cf_ctl.id=otc_cf_ivs.cod_ctl_id  WHERE ( otc_cf_mast.id=74 ) GROUP BY otc_cf_ctl.id  [ RunTime:0.0020s ]

[ 2016-02-05T17:29:01+08:00 ] 127.0.0.1 /Admin/claims/getClaimslist?_dc=1454664541522
INFO: [ app_begin ] --START--
INFO: Run Behavior\ReadHtmlCacheBehavior [ RunTime:0.000000s ]
INFO: [ app_begin ] --END-- [ RunTime:0.000000s ]
SQL: SHOW COLUMNS FROM `otc_user` [ RunTime:0.0120s ]
SQL: SHOW COLUMNS FROM `otc_auth_access` [ RunTime:0.0110s ]
SQL: SELECT `role_id` FROM `otc_auth_access` WHERE ( uid = 1 )  [ RunTime:0.0020s ]
SQL: SHOW COLUMNS FROM `otc_auth_role_permission` [ RunTime:0.0080s ]
SQL: SHOW COLUMNS FROM `otc_auth_role_permission` [ RunTime:0.0060s ]
SQL: SELECT DISTINCT r.permission_id,n.permission_name,lower(n.`permission_code`) as permission_code FROM otc_auth_role_permission as r INNER JOIN otc_auth_permission as n on n.permission_id = r.permission_id  WHERE r.role_id IN ('65','73','70','69','68','67','66','77','76','75','74','78','79')  [ RunTime:0.0380s ]
SQL: SHOW COLUMNS FROM `otc_cl_mast` [ RunTime:0.0070s ]
SQL: SHOW COLUMNS FROM `otc_cl_ctl` [ RunTime:0.0060s ]
SQL: SELECT SUM(amt_ct_last) AS tp_Sum FROM `otc_cl_ctl` LIMIT 1   [ RunTime:0.0020s ]
SQL: SHOW COLUMNS FROM `otc_cl_mast` [ RunTime:0.0060s ]
SQL: SELECT COUNT(*) AS tp_count FROM otc_cl_mast as d WHERE `validflag` = 1 AND `usr_create` = 1 LIMIT 1   [ RunTime:0.0020s ]
SQL: SHOW COLUMNS FROM `otc_cl_mast` [ RunTime:0.0060s ]
SQL: SELECT d.* FROM otc_cl_mast as d WHERE `validflag` = 1 AND `usr_create` = 1 ORDER BY id desc LIMIT 0,25   [ RunTime:0.0030s ]

[ 2016-02-05T17:29:03+08:00 ] 127.0.0.1 /Admin/claims/getClaimsAuditList?_dc=1454664543410
INFO: [ app_begin ] --START--
INFO: Run Behavior\ReadHtmlCacheBehavior [ RunTime:0.000000s ]
INFO: [ app_begin ] --END-- [ RunTime:0.001000s ]
SQL: SHOW COLUMNS FROM `otc_user` [ RunTime:0.0110s ]
SQL: SHOW COLUMNS FROM `otc_auth_access` [ RunTime:0.0080s ]
SQL: SELECT `role_id` FROM `otc_auth_access` WHERE ( uid = 1 )  [ RunTime:0.0020s ]
SQL: SHOW COLUMNS FROM `otc_auth_role_permission` [ RunTime:0.0060s ]
SQL: SHOW COLUMNS FROM `otc_auth_role_permission` [ RunTime:0.0060s ]
SQL: SELECT DISTINCT r.permission_id,n.permission_name,lower(n.`permission_code`) as permission_code FROM otc_auth_role_permission as r INNER JOIN otc_auth_permission as n on n.permission_id = r.permission_id  WHERE r.role_id IN ('65','73','70','69','68','67','66','77','76','75','74','78','79')  [ RunTime:0.0070s ]
SQL: SHOW COLUMNS FROM `otc_cl_mast` [ RunTime:0.0070s ]
SQL: SHOW COLUMNS FROM `otc_cl_mast` [ RunTime:0.0070s ]
SQL: SELECT COUNT(*) AS tp_count FROM otc_cl_mast as d WHERE `validflag` = 1 AND `status` = 1 LIMIT 1   [ RunTime:0.0020s ]
SQL: SHOW COLUMNS FROM `otc_cl_mast` [ RunTime:0.0070s ]
SQL: SELECT d.* FROM otc_cl_mast as d WHERE `validflag` = 1 AND `status` = 1 ORDER BY id desc  [ RunTime:0.0030s ]

[ 2016-02-05T17:29:04+08:00 ] 127.0.0.1 /Admin/claims/getClaimsReleaseList?_dc=1454664544341
INFO: [ app_begin ] --START--
INFO: Run Behavior\ReadHtmlCacheBehavior [ RunTime:0.001000s ]
INFO: [ app_begin ] --END-- [ RunTime:0.002000s ]
SQL: SHOW COLUMNS FROM `otc_user` [ RunTime:0.0120s ]
SQL: SHOW COLUMNS FROM `otc_auth_access` [ RunTime:0.0100s ]
SQL: SELECT `role_id` FROM `otc_auth_access` WHERE ( uid = 1 )  [ RunTime:0.0010s ]
SQL: SHOW COLUMNS FROM `otc_auth_role_permission` [ RunTime:0.0100s ]
SQL: SHOW COLUMNS FROM `otc_auth_role_permission` [ RunTime:0.0100s ]
SQL: SELECT DISTINCT r.permission_id,n.permission_name,lower(n.`permission_code`) as permission_code FROM otc_auth_role_permission as r INNER JOIN otc_auth_permission as n on n.permission_id = r.permission_id  WHERE r.role_id IN ('65','73','70','69','68','67','66','77','76','75','74','78','79')  [ RunTime:0.0090s ]
SQL: SHOW COLUMNS FROM `otc_cl_mast` [ RunTime:0.0070s ]
NOTIC: [8] Undefined variable: data D:\ svn\otc\Application\Admin\Controller\ClaimsController.class.php 第 332 行.
NOTIC: [2] Invalid argument supplied for foreach() D:\ svn\otc\Application\Admin\Controller\ClaimsController.class.php 第 332 行.
SQL: SHOW COLUMNS FROM `otc_cl_mast` [ RunTime:0.0080s ]
SQL: SELECT COUNT(*) AS tp_count FROM otc_cl_mast as d WHERE `validflag` = 1 AND `status` = 2 LIMIT 1   [ RunTime:0.0020s ]
SQL: SHOW COLUMNS FROM `otc_cl_mast` [ RunTime:0.0060s ]
SQL: SELECT d.* FROM otc_cl_mast as d WHERE `validflag` = 1 AND `status` = 2 ORDER BY id desc  [ RunTime:0.0020s ]

[ 2016-02-05T17:29:05+08:00 ] 127.0.0.1 /Admin/claims/claimsManager?_dc=1454664545010
INFO: [ app_begin ] --START--
INFO: Run Behavior\ReadHtmlCacheBehavior [ RunTime:0.001000s ]
INFO: [ app_begin ] --END-- [ RunTime:0.001000s ]
SQL: SHOW COLUMNS FROM `otc_user` [ RunTime:0.0110s ]
SQL: SHOW COLUMNS FROM `otc_auth_access` [ RunTime:0.0100s ]
SQL: SELECT `role_id` FROM `otc_auth_access` WHERE ( uid = 1 )  [ RunTime:0.0020s ]
SQL: SHOW COLUMNS FROM `otc_auth_role_permission` [ RunTime:0.0100s ]
SQL: SHOW COLUMNS FROM `otc_auth_role_permission` [ RunTime:0.0090s ]
SQL: SELECT DISTINCT r.permission_id,n.permission_name,lower(n.`permission_code`) as permission_code FROM otc_auth_role_permission as r INNER JOIN otc_auth_permission as n on n.permission_id = r.permission_id  WHERE r.role_id IN ('65','73','70','69','68','67','66','77','76','75','74','78','79')  [ RunTime:0.0070s ]
SQL: SHOW COLUMNS FROM `otc_cl_mast` [ RunTime:0.0080s ]
SQL: SHOW COLUMNS FROM `otc_capitalpool` [ RunTime:0.0060s ]
SQL: SELECT sum(surplus_amount) as surplus_amount FROM `otc_capitalpool`  [ RunTime:0.0020s ]
SQL: SHOW COLUMNS FROM `otc_cl_mast` [ RunTime:0.0070s ]
NOTIC: [8] Undefined variable: where D:\ svn\otc\Application\Admin\Controller\ClaimsController.class.php 第 642 行.
SQL: SELECT COUNT(*) AS tp_count FROM otc_cl_mast a LEFT JOIN otc_capitalpool  b ON a.type=b.investment_type LEFT JOIN otc_cl_ctl c ON a.id=c.cod_cl_id  LIMIT 1   [ RunTime:0.0010s ]
NOTIC: [8] Undefined variable: where D:\ svn\otc\Application\Admin\Controller\ClaimsController.class.php 第 643 行.
SQL: SELECT a.id,a.product_name,b.name,a.status,ifnull(c.amt_ct_last,a.amt_cf_inv_price) as amt_ct_last,ifnull(date_format(c.dat_modify,'%Y-%m-%d'),'--') as dat_create FROM otc_cl_mast a LEFT JOIN otc_capitalpool b ON a.type=b.investment_type LEFT JOIN otc_cl_ctl c ON a.id=c.cod_cl_id  LIMIT 0,25   [ RunTime:0.0020s ]

